[ 2014-12-06T23:29:51+08:00 ] 0.0.0.0 /jyb/index.php/Admin/Alljob/show/id/1
INFO: [ route_check ] --START--
INFO: CheckRoute Behavior ::run [ RunTime:0.003719s ]
INFO: [ route_check ] --END-- [ RunTime:0.004134s ]
INFO: [ app_begin ] --START--
INFO: ReadHtmlCache Behavior ::run [ RunTime:0.003272s ]
INFO: [ app_begin ] --END-- [ RunTime:0.003819s ]
NOTIC: [2048] Declaration of AlljobAction::show() should be compatible with that of Action::show() E:\PHP\jyb\APP\Modules\Admin\Action\AlljobAction.class.php 第 2 行.
NOTIC: [2048] Declaration of AlljobAction::get() should be compatible with that of Action::get() E:\PHP\jyb\APP\Modules\Admin\Action\AlljobAction.class.php 第 2 行.
SQL: SHOW COLUMNS FROM `hd_join` [ RunTime:0.018576s ]
SQL: SELECT * FROM `hd_join` WHERE ( `timeid` = 1 )  [ RunTime:0.001963s ]
SQL: SHOW COLUMNS FROM `hd_user` [ RunTime:0.023980s ]
SQL: SELECT `username` FROM `hd_user` WHERE ( 1=1 AND id='1' ) LIMIT 1   [ RunTime:0.001640s ]
INFO: [ view_parse ] --START--
INFO: ParseTemplate Behavior ::run [ RunTime:0.063077s ]
INFO: [ view_parse ] --END-- [ RunTime:0.063584s ]
INFO: [ view_filter ] --START--
INFO: ContentReplace Behavior ::run [ RunTime:0.002660s ]
INFO: TokenBuild Behavior ::run [ RunTime:0.002388s ]
INFO: WriteHtmlCache Behavior ::run [ RunTime:0.003209s ]
INFO: ShowRuntime Behavior ::run [ RunTime:0.005187s ]
INFO: [ view_filter ] --END-- [ RunTime:0.014441s ]
INFO: [ view_end ] --START--
INFO: ShowPageTrace Behavior ::run [ RunTime:0.004286s ]
INFO: [ view_end ] --END-- [ RunTime:0.004633s ]

