[ 2014-12-21T16:15:29+08:00 ] 0.0.0.0 /jyb/
INFO: [ app_begin ] --START--
INFO: ReadHtmlCache Behavior ::run [ RunTime:0.059591s ]
INFO: [ app_begin ] --END-- [ RunTime:0.101606s ]

[ 2014-12-21T16:15:30+08:00 ] 0.0.0.0 /jyb/index.php/Index/Login/index.html
INFO: [ route_check ] --START--
INFO: CheckRoute Behavior ::run [ RunTime:0.028751s ]
INFO: [ route_check ] --END-- [ RunTime:0.051323s ]
INFO: [ app_begin ] --START--
INFO: ReadHtmlCache Behavior ::run [ RunTime:0.006714s ]
INFO: [ app_begin ] --END-- [ RunTime:0.007910s ]
INFO: [ view_parse ] --START--
INFO: ParseTemplate Behavior ::run [ RunTime:0.456382s ]
INFO: [ view_parse ] --END-- [ RunTime:0.457423s ]
INFO: [ view_filter ] --START--
INFO: ContentReplace Behavior ::run [ RunTime:0.013829s ]
INFO: TokenBuild Behavior ::run [ RunTime:0.031487s ]
INFO: WriteHtmlCache Behavior ::run [ RunTime:0.014023s ]
INFO: ShowRuntime Behavior ::run [ RunTime:0.006782s ]
INFO: [ view_filter ] --END-- [ RunTime:0.067183s ]
INFO: [ view_end ] --START--
INFO: ShowPageTrace Behavior ::run [ RunTime:0.005717s ]
INFO: [ view_end ] --END-- [ RunTime:0.006071s ]

[ 2014-12-21T16:15:39+08:00 ] 0.0.0.0 /jyb/index.php/Index/Login/login.html
INFO: [ route_check ] --START--
INFO: CheckRoute Behavior ::run [ RunTime:0.006523s ]
INFO: [ route_check ] --END-- [ RunTime:0.007186s ]
INFO: [ app_begin ] --START--
INFO: ReadHtmlCache Behavior ::run [ RunTime:0.003421s ]
INFO: [ app_begin ] --END-- [ RunTime:0.003891s ]
SQL: SHOW COLUMNS FROM `hd_user` [ RunTime:0.157556s ]
SQL: SELECT * FROM `hd_user` WHERE ( `username` = 'xxx' ) LIMIT 1   [ RunTime:0.000866s ]
SQL: UPDATE `hd_user` SET `time`=1419149739,`ip`='0.0.0.0' WHERE ( `id` = 1 ) [ RunTime:0.000748s ]
NOTIC: [8] Undefined index: logintime E:\PHP\jyb\APP\Modules\Index\Action\LoginAction.class.php 第 29 行.
NOTIC: [8] Undefined index: loginip E:\PHP\jyb\APP\Modules\Index\Action\LoginAction.class.php 第 30 行.

[ 2014-12-21T16:15:40+08:00 ] 0.0.0.0 /jyb/index.php
INFO: [ app_begin ] --START--
INFO: ReadHtmlCache Behavior ::run [ RunTime:0.002256s ]
INFO: [ app_begin ] --END-- [ RunTime:0.002542s ]
INFO: [ view_parse ] --START--
INFO: ParseTemplate Behavior ::run [ RunTime:0.360582s ]
INFO: [ view_parse ] --END-- [ RunTime:0.361066s ]
INFO: [ view_filter ] --START--
INFO: ContentReplace Behavior ::run [ RunTime:0.002171s ]
INFO: TokenBuild Behavior ::run [ RunTime:0.002213s ]
INFO: WriteHtmlCache Behavior ::run [ RunTime:0.003129s ]
INFO: ShowRuntime Behavior ::run [ RunTime:0.007499s ]
INFO: [ view_filter ] --END-- [ RunTime:0.015935s ]
INFO: [ view_end ] --START--
INFO: ShowPageTrace Behavior ::run [ RunTime:0.002899s ]
INFO: [ view_end ] --END-- [ RunTime:0.003127s ]

[ 2014-12-21T16:15:51+08:00 ] 0.0.0.0 /jyb/index.php/Index/Login/login.html
INFO: [ route_check ] --START--
INFO: CheckRoute Behavior ::run [ RunTime:0.003383s ]
INFO: [ route_check ] --END-- [ RunTime:0.003874s ]
INFO: [ app_begin ] --START--
INFO: ReadHtmlCache Behavior ::run [ RunTime:0.005683s ]
INFO: [ app_begin ] --END-- [ RunTime:0.006171s ]
SQL: SHOW COLUMNS FROM `hd_user` [ RunTime:0.011446s ]
SQL: SELECT * FROM `hd_user` WHERE ( `username` = 'xxx' ) LIMIT 1   [ RunTime:0.002080s ]
SQL: UPDATE `hd_user` SET `time`=1419149751,`ip`='0.0.0.0' WHERE ( `id` = 1 ) [ RunTime:0.002037s ]
NOTIC: [8] Undefined index: logintime E:\PHP\jyb\APP\Modules\Index\Action\LoginAction.class.php 第 29 行.
NOTIC: [8] Undefined index: loginip E:\PHP\jyb\APP\Modules\Index\Action\LoginAction.class.php 第 30 行.

[ 2014-12-21T16:15:51+08:00 ] 0.0.0.0 /jyb/index.php
INFO: [ app_begin ] --START--
INFO: ReadHtmlCache Behavior ::run [ RunTime:0.003897s ]
INFO: [ app_begin ] --END-- [ RunTime:0.004225s ]
INFO: [ view_parse ] --START--
INFO: ParseTemplate Behavior ::run [ RunTime:0.049218s ]
INFO: [ view_parse ] --END-- [ RunTime:0.049869s ]
INFO: [ view_filter ] --START--
INFO: ContentReplace Behavior ::run [ RunTime:0.002935s ]
INFO: TokenBuild Behavior ::run [ RunTime:0.002354s ]
INFO: WriteHtmlCache Behavior ::run [ RunTime:0.001971s ]
INFO: ShowRuntime Behavior ::run [ RunTime:0.003144s ]
INFO: [ view_filter ] --END-- [ RunTime:0.011168s ]
INFO: [ view_end ] --START--
INFO: ShowPageTrace Behavior ::run [ RunTime:0.013007s ]
INFO: [ view_end ] --END-- [ RunTime:0.013278s ]

[ 2014-12-21T16:16:29+08:00 ] 0.0.0.0 /jyb/index.php/Index/Return/index.html
INFO: [ route_check ] --START--
INFO: CheckRoute Behavior ::run [ RunTime:0.004381s ]
INFO: [ route_check ] --END-- [ RunTime:0.004686s ]
INFO: [ app_begin ] --START--
INFO: ReadHtmlCache Behavior ::run [ RunTime:0.005025s ]
INFO: [ app_begin ] --END-- [ RunTime:0.005302s ]
INFO: [ view_parse ] --START--
INFO: ParseTemplate Behavior ::run [ RunTime:0.066938s ]
INFO: [ view_parse ] --END-- [ RunTime:0.067433s ]
INFO: [ view_filter ] --START--
INFO: ContentReplace Behavior ::run [ RunTime:0.008980s ]
INFO: TokenBuild Behavior ::run [ RunTime:0.002143s ]
INFO: WriteHtmlCache Behavior ::run [ RunTime:0.002537s ]
INFO: ShowRuntime Behavior ::run [ RunTime:0.007143s ]
INFO: [ view_filter ] --END-- [ RunTime:0.021455s ]
INFO: [ view_end ] --START--
INFO: ShowPageTrace Behavior ::run [ RunTime:0.002812s ]
INFO: [ view_end ] --END-- [ RunTime:0.003229s ]

[ 2014-12-21T16:16:49+08:00 ] 0.0.0.0 /jyb/index.php/Admin
INFO: [ route_check ] --START--
INFO: CheckRoute Behavior ::run [ RunTime:0.011783s ]
INFO: [ route_check ] --END-- [ RunTime:0.012810s ]
INFO: [ app_begin ] --START--
INFO: ReadHtmlCache Behavior ::run [ RunTime:0.003843s ]
INFO: [ app_begin ] --END-- [ RunTime:0.004264s ]
INFO: [ view_parse ] --START--
INFO: ParseTemplate Behavior ::run [ RunTime:0.099101s ]
INFO: [ view_parse ] --END-- [ RunTime:0.099447s ]
INFO: [ view_filter ] --START--
INFO: ContentReplace Behavior ::run [ RunTime:0.003527s ]
INFO: TokenBuild Behavior ::run [ RunTime:0.003796s ]
INFO: WriteHtmlCache Behavior ::run [ RunTime:0.002303s ]
INFO: ShowRuntime Behavior ::run [ RunTime:0.002642s ]
INFO: [ view_filter ] --END-- [ RunTime:0.013417s ]
INFO: [ view_end ] --START--
INFO: ShowPageTrace Behavior ::run [ RunTime:0.004314s ]
INFO: [ view_end ] --END-- [ RunTime:0.004541s ]

[ 2014-12-21T16:16:49+08:00 ] 0.0.0.0 /jyb/index.php/js/jquery.min.js
INFO: [ route_check ] --START--
INFO: CheckRoute Behavior ::run [ RunTime:0.002690s ]
INFO: [ route_check ] --END-- [ RunTime:0.003008s ]
INFO: [ app_begin ] --START--
INFO: ReadHtmlCache Behavior ::run [ RunTime:0.002336s ]
INFO: [ app_begin ] --END-- [ RunTime:0.002627s ]
ERR: 无法加载模块:js

[ 2014-12-21T16:16:49+08:00 ] 0.0.0.0 /jyb/index.php/js/bootstrap.min.js
INFO: [ route_check ] --START--
INFO: CheckRoute Behavior ::run [ RunTime:0.005849s ]
INFO: [ route_check ] --END-- [ RunTime:0.006043s ]
INFO: [ app_begin ] --START--
INFO: ReadHtmlCache Behavior ::run [ RunTime:0.008614s ]
INFO: [ app_begin ] --END-- [ RunTime:0.008837s ]
ERR: 无法加载模块:js

[ 2014-12-21T16:16:50+08:00 ] 0.0.0.0 /jyb/index.php/js/Chart.min.js
INFO: [ route_check ] --START--
INFO: CheckRoute Behavior ::run [ RunTime:0.005380s ]
INFO: [ route_check ] --END-- [ RunTime:0.006080s ]
INFO: [ app_begin ] --START--
INFO: ReadHtmlCache Behavior ::run [ RunTime:0.001520s ]
INFO: [ app_begin ] --END-- [ RunTime:0.001663s ]
ERR: 无法加载模块:js

[ 2014-12-21T16:16:50+08:00 ] 0.0.0.0 /jyb/index.php/js/templatemo_script.js
INFO: [ route_check ] --START--
INFO: CheckRoute Behavior ::run [ RunTime:0.006242s ]
INFO: [ route_check ] --END-- [ RunTime:0.006816s ]
INFO: [ app_begin ] --START--
INFO: ReadHtmlCache Behavior ::run [ RunTime:0.002023s ]
INFO: [ app_begin ] --END-- [ RunTime:0.002269s ]
ERR: 无法加载模块:js

[ 2014-12-21T16:16:55+08:00 ] 0.0.0.0 /jyb/index.php/Admin/All/index
INFO: [ route_check ] --START--
INFO: CheckRoute Behavior ::run [ RunTime:0.002287s ]
INFO: [ route_check ] --END-- [ RunTime:0.002695s ]
INFO: [ app_begin ] --START--
INFO: ReadHtmlCache Behavior ::run [ RunTime:0.002796s ]
INFO: [ app_begin ] --END-- [ RunTime:0.003068s ]
SQL: SHOW COLUMNS FROM `hd_user` [ RunTime:0.014475s ]
SQL: SELECT `id`,`username`,`cname`,`email`,`remark`,`class`,`cphone`,`img` FROM `hd_user`  [ RunTime:0.001434s ]
INFO: [ view_parse ] --START--
INFO: ParseTemplate Behavior ::run [ RunTime:0.118590s ]
INFO: [ view_parse ] --END-- [ RunTime:0.121538s ]
INFO: [ view_filter ] --START--
INFO: ContentReplace Behavior ::run [ RunTime:0.004699s ]
INFO: TokenBuild Behavior ::run [ RunTime:0.001889s ]
INFO: WriteHtmlCache Behavior ::run [ RunTime:0.002253s ]
INFO: ShowRuntime Behavior ::run [ RunTime:0.002272s ]
INFO: [ view_filter ] --END-- [ RunTime:0.011679s ]
INFO: [ view_end ] --START--
INFO: ShowPageTrace Behavior ::run [ RunTime:0.007297s ]
INFO: [ view_end ] --END-- [ RunTime:0.007789s ]

[ 2014-12-21T16:16:56+08:00 ] 0.0.0.0 /jyb/index.php/Admin/All/js/jquery.min.js
INFO: [ route_check ] --START--
INFO: CheckRoute Behavior ::run [ RunTime:0.004506s ]
INFO: [ route_check ] --END-- [ RunTime:0.005128s ]
INFO: [ app_begin ] --START--
INFO: ReadHtmlCache Behavior ::run [ RunTime:0.008169s ]
INFO: [ app_begin ] --END-- [ RunTime:0.008415s ]
ERR: 非法操作:js

[ 2014-12-21T16:16:56+08:00 ] 0.0.0.0 /jyb/index.php/Admin/All/js/bootstrap.min.js
INFO: [ route_check ] --START--
INFO: CheckRoute Behavior ::run [ RunTime:0.002775s ]
INFO: [ route_check ] --END-- [ RunTime:0.003224s ]
INFO: [ app_begin ] --START--
INFO: ReadHtmlCache Behavior ::run [ RunTime:0.004395s ]
INFO: [ app_begin ] --END-- [ RunTime:0.004626s ]
ERR: 非法操作:js

[ 2014-12-21T16:16:56+08:00 ] 0.0.0.0 /jyb/index.php/Admin/All/js/Chart.min.js
INFO: [ route_check ] --START--
INFO: CheckRoute Behavior ::run [ RunTime:0.004158s ]
INFO: [ route_check ] --END-- [ RunTime:0.004465s ]
INFO: [ app_begin ] --START--
INFO: ReadHtmlCache Behavior ::run [ RunTime:0.003555s ]
INFO: [ app_begin ] --END-- [ RunTime:0.003898s ]
ERR: 非法操作:js

[ 2014-12-21T16:16:56+08:00 ] 0.0.0.0 /jyb/index.php/Admin/All/js/templatemo_script.js
INFO: [ route_check ] --START--
INFO: CheckRoute Behavior ::run [ RunTime:0.003457s ]
INFO: [ route_check ] --END-- [ RunTime:0.003788s ]
INFO: [ app_begin ] --START--
INFO: ReadHtmlCache Behavior ::run [ RunTime:0.003941s ]
INFO: [ app_begin ] --END-- [ RunTime:0.004204s ]
ERR: 非法操作:js

[ 2014-12-21T16:17:17+08:00 ] 0.0.0.0 /jyb/index.php/Admin/User/index
INFO: [ route_check ] --START--
INFO: CheckRoute Behavior ::run [ RunTime:0.004126s ]
INFO: [ route_check ] --END-- [ RunTime:0.004420s ]
INFO: [ app_begin ] --START--
INFO: ReadHtmlCache Behavior ::run [ RunTime:0.003215s ]
INFO: [ app_begin ] --END-- [ RunTime:0.003465s ]
INFO: [ view_parse ] --START--
INFO: ParseTemplate Behavior ::run [ RunTime:0.153240s ]
INFO: [ view_parse ] --END-- [ RunTime:0.153545s ]
INFO: [ view_filter ] --START--
INFO: ContentReplace Behavior ::run [ RunTime:0.003200s ]
INFO: TokenBuild Behavior ::run [ RunTime:0.003275s ]
INFO: WriteHtmlCache Behavior ::run [ RunTime:0.001993s ]
INFO: ShowRuntime Behavior ::run [ RunTime:0.001668s ]
INFO: [ view_filter ] --END-- [ RunTime:0.010739s ]
INFO: [ view_end ] --START--
INFO: ShowPageTrace Behavior ::run [ RunTime:0.005398s ]
INFO: [ view_end ] --END-- [ RunTime:0.005975s ]

[ 2014-12-21T16:17:21+08:00 ] 0.0.0.0 /jyb/index.php/Admin/Return/index
INFO: [ route_check ] --START--
INFO: CheckRoute Behavior ::run [ RunTime:0.004854s ]
INFO: [ route_check ] --END-- [ RunTime:0.005161s ]
INFO: [ app_begin ] --START--
INFO: ReadHtmlCache Behavior ::run [ RunTime:0.003047s ]
INFO: [ app_begin ] --END-- [ RunTime:0.003224s ]
SQL: SHOW COLUMNS FROM `hd_return` [ RunTime:0.075845s ]
SQL: SELECT * FROM `hd_return` ORDER BY time DESC  [ RunTime:0.019568s ]
SQL: SHOW COLUMNS FROM `hd_user` [ RunTime:0.014283s ]
SQL: SELECT `cname` FROM `hd_user` WHERE ( 1=1 AND id='4' ) LIMIT 1   [ RunTime:0.001204s ]
SQL: SELECT `cname` FROM `hd_user` WHERE ( 1=1 AND id='4' ) LIMIT 1   [ RunTime:0.001325s ]
INFO: [ view_parse ] --START--
INFO: ParseTemplate Behavior ::run [ RunTime:0.080081s ]
INFO: [ view_parse ] --END-- [ RunTime:0.080354s ]
INFO: [ view_filter ] --START--
INFO: ContentReplace Behavior ::run [ RunTime:0.002239s ]
INFO: TokenBuild Behavior ::run [ RunTime:0.002904s ]
INFO: WriteHtmlCache Behavior ::run [ RunTime:0.002785s ]
INFO: ShowRuntime Behavior ::run [ RunTime:0.006184s ]
INFO: [ view_filter ] --END-- [ RunTime:0.015098s ]
INFO: [ view_end ] --START--
INFO: ShowPageTrace Behavior ::run [ RunTime:0.003512s ]
INFO: [ view_end ] --END-- [ RunTime:0.003796s ]

[ 2014-12-21T16:17:23+08:00 ] 0.0.0.0 /jyb/index.php/Admin/Apply/index
INFO: [ route_check ] --START--
INFO: CheckRoute Behavior ::run [ RunTime:0.003871s ]
INFO: [ route_check ] --END-- [ RunTime:0.004196s ]
INFO: [ app_begin ] --START--
INFO: ReadHtmlCache Behavior ::run [ RunTime:0.003092s ]
INFO: [ app_begin ] --END-- [ RunTime:0.003370s ]
SQL: SHOW COLUMNS FROM `hd_ajob` [ RunTime:0.075846s ]
SQL: SELECT * FROM `hd_ajob` ORDER BY time DESC  [ RunTime:0.002100s ]
SQL: SHOW COLUMNS FROM `hd_user` [ RunTime:0.030116s ]
SQL: SELECT `username` FROM `hd_user` WHERE ( 1=1 AND id='4' ) LIMIT 1   [ RunTime:0.001474s ]
SQL: SELECT `username` FROM `hd_user` WHERE ( 1=1 AND id='2' ) LIMIT 1   [ RunTime:0.001467s ]
SQL: SELECT `username` FROM `hd_user` WHERE ( 1=1 AND id='1' ) LIMIT 1   [ RunTime:0.001250s ]
INFO: [ view_parse ] --START--
INFO: ParseTemplate Behavior ::run [ RunTime:0.210849s ]
INFO: [ view_parse ] --END-- [ RunTime:0.211208s ]
INFO: [ view_filter ] --START--
INFO: ContentReplace Behavior ::run [ RunTime:0.005505s ]
INFO: TokenBuild Behavior ::run [ RunTime:0.005417s ]
INFO: WriteHtmlCache Behavior ::run [ RunTime:0.010163s ]
INFO: ShowRuntime Behavior ::run [ RunTime:0.004412s ]
INFO: [ view_filter ] --END-- [ RunTime:0.027145s ]
INFO: [ view_end ] --START--
INFO: ShowPageTrace Behavior ::run [ RunTime:0.011763s ]
INFO: [ view_end ] --END-- [ RunTime:0.012075s ]

[ 2014-12-21T16:17:26+08:00 ] 0.0.0.0 /jyb/index.php/Admin/Meet/index
INFO: [ route_check ] --START--
INFO: CheckRoute Behavior ::run [ RunTime:0.004576s ]
INFO: [ route_check ] --END-- [ RunTime:0.004928s ]
INFO: [ app_begin ] --START--
INFO: ReadHtmlCache Behavior ::run [ RunTime:0.002956s ]
INFO: [ app_begin ] --END-- [ RunTime:0.003313s ]
SQL: SHOW COLUMNS FROM `hd_ameeting` [ RunTime:0.077223s ]
SQL: SELECT * FROM `hd_ameeting` ORDER BY time DESC  [ RunTime:0.001888s ]
SQL: SHOW COLUMNS FROM `hd_user` [ RunTime:0.012965s ]
SQL: SELECT `username` FROM `hd_user` WHERE ( 1=1 AND id='4' ) LIMIT 1   [ RunTime:0.001883s ]
SQL: SELECT `username` FROM `hd_user` WHERE ( 1=1 AND id='1' ) LIMIT 1   [ RunTime:0.001736s ]
INFO: [ view_parse ] --START--
INFO: ParseTemplate Behavior ::run [ RunTime:0.052901s ]
INFO: [ view_parse ] --END-- [ RunTime:0.053146s ]
INFO: [ view_filter ] --START--
INFO: ContentReplace Behavior ::run [ RunTime:0.002079s ]
INFO: TokenBuild Behavior ::run [ RunTime:0.002783s ]
INFO: WriteHtmlCache Behavior ::run [ RunTime:0.005303s ]
INFO: ShowRuntime Behavior ::run [ RunTime:0.002665s ]
INFO: [ view_filter ] --END-- [ RunTime:0.014611s ]
INFO: [ view_end ] --START--
INFO: ShowPageTrace Behavior ::run [ RunTime:0.009432s ]
INFO: [ view_end ] --END-- [ RunTime:0.010364s ]

[ 2014-12-21T16:17:29+08:00 ] 0.0.0.0 /jyb/index.php/Admin/Web/index
INFO: [ route_check ] --START--
INFO: CheckRoute Behavior ::run [ RunTime:0.004056s ]
INFO: [ route_check ] --END-- [ RunTime:0.004268s ]
INFO: [ app_begin ] --START--
INFO: ReadHtmlCache Behavior ::run [ RunTime:0.002423s ]
INFO: [ app_begin ] --END-- [ RunTime:0.002719s ]
SQL: SHOW COLUMNS FROM `hd_aweb` [ RunTime:0.048232s ]
SQL: SELECT * FROM `hd_aweb` ORDER BY time DESC  [ RunTime:0.001733s ]
SQL: SHOW COLUMNS FROM `hd_user` [ RunTime:0.022661s ]
SQL: SELECT `username` FROM `hd_user` WHERE ( 1=1 AND id='4' ) LIMIT 1   [ RunTime:0.001614s ]
INFO: [ view_parse ] --START--
INFO: ParseTemplate Behavior ::run [ RunTime:0.130804s ]
INFO: [ view_parse ] --END-- [ RunTime:0.131174s ]
INFO: [ view_filter ] --START--
INFO: ContentReplace Behavior ::run [ RunTime:0.002166s ]
INFO: TokenBuild Behavior ::run [ RunTime:0.001915s ]
INFO: WriteHtmlCache Behavior ::run [ RunTime:0.001797s ]
INFO: ShowRuntime Behavior ::run [ RunTime:0.013062s ]
INFO: [ view_filter ] --END-- [ RunTime:0.019568s ]
INFO: [ view_end ] --START--
INFO: ShowPageTrace Behavior ::run [ RunTime:0.013997s ]
INFO: [ view_end ] --END-- [ RunTime:0.014311s ]

[ 2014-12-21T16:17:35+08:00 ] 0.0.0.0 /jyb/index.php/Admin/New/index
INFO: [ route_check ] --START--
INFO: CheckRoute Behavior ::run [ RunTime:0.030537s ]
INFO: [ route_check ] --END-- [ RunTime:0.031298s ]
INFO: [ app_begin ] --START--
INFO: ReadHtmlCache Behavior ::run [ RunTime:0.007411s ]
INFO: [ app_begin ] --END-- [ RunTime:0.007970s ]
INFO: [ view_parse ] --START--
INFO: ParseTemplate Behavior ::run [ RunTime:0.080379s ]
INFO: [ view_parse ] --END-- [ RunTime:0.080663s ]
INFO: [ view_filter ] --START--
INFO: ContentReplace Behavior ::run [ RunTime:0.001680s ]
INFO: TokenBuild Behavior ::run [ RunTime:0.003039s ]
INFO: WriteHtmlCache Behavior ::run [ RunTime:0.009168s ]
INFO: ShowRuntime Behavior ::run [ RunTime:0.001893s ]
INFO: [ view_filter ] --END-- [ RunTime:0.016387s ]
INFO: [ view_end ] --START--
INFO: ShowPageTrace Behavior ::run [ RunTime:0.001953s ]
INFO: [ view_end ] --END-- [ RunTime:0.002107s ]

[ 2014-12-21T16:17:38+08:00 ] 0.0.0.0 /jyb/index.php/Admin/Alljob/index
INFO: [ route_check ] --START--
INFO: CheckRoute Behavior ::run [ RunTime:0.002922s ]
INFO: [ route_check ] --END-- [ RunTime:0.003235s ]
INFO: [ app_begin ] --START--
INFO: ReadHtmlCache Behavior ::run [ RunTime:0.006242s ]
INFO: [ app_begin ] --END-- [ RunTime:0.006721s ]
NOTIC: [2048] Declaration of AlljobAction::show() should be compatible with that of Action::show() E:\PHP\jyb\APP\Modules\Admin\Action\AlljobAction.class.php 第 2 行.
SQL: SHOW COLUMNS FROM `hd_new` [ RunTime:0.045904s ]
SQL: SELECT `id`,`name`,`date`,`ornot` FROM `hd_new` ORDER BY date DESC  [ RunTime:0.001154s ]
INFO: [ view_parse ] --START--
INFO: ParseTemplate Behavior ::run [ RunTime:0.089518s ]
INFO: [ view_parse ] --END-- [ RunTime:0.089776s ]
INFO: [ view_filter ] --START--
INFO: ContentReplace Behavior ::run [ RunTime:0.006694s ]
INFO: TokenBuild Behavior ::run [ RunTime:0.002842s ]
INFO: WriteHtmlCache Behavior ::run [ RunTime:0.003228s ]
INFO: ShowRuntime Behavior ::run [ RunTime:0.003715s ]
INFO: [ view_filter ] --END-- [ RunTime:0.018385s ]
INFO: [ view_end ] --START--
INFO: ShowPageTrace Behavior ::run [ RunTime:0.004060s ]
INFO: [ view_end ] --END-- [ RunTime:0.005326s ]

[ 2014-12-21T16:17:41+08:00 ] 0.0.0.0 /jyb/index.php/Admin/Return/index
INFO: [ route_check ] --START--
INFO: CheckRoute Behavior ::run [ RunTime:0.063674s ]
INFO: [ route_check ] --END-- [ RunTime:0.065604s ]
INFO: [ app_begin ] --START--
INFO: ReadHtmlCache Behavior ::run [ RunTime:0.007250s ]
INFO: [ app_begin ] --END-- [ RunTime:0.007897s ]
SQL: SHOW COLUMNS FROM `hd_return` [ RunTime:0.013278s ]
SQL: SELECT * FROM `hd_return` ORDER BY time DESC  [ RunTime:0.002018s ]
SQL: SHOW COLUMNS FROM `hd_user` [ RunTime:0.034112s ]
SQL: SELECT `cname` FROM `hd_user` WHERE ( 1=1 AND id='4' ) LIMIT 1   [ RunTime:0.001368s ]
SQL: SELECT `cname` FROM `hd_user` WHERE ( 1=1 AND id='4' ) LIMIT 1   [ RunTime:0.001142s ]
INFO: [ view_parse ] --START--
INFO: ParseTemplate Behavior ::run [ RunTime:0.034830s ]
INFO: [ view_parse ] --END-- [ RunTime:0.035145s ]
INFO: [ view_filter ] --START--
INFO: ContentReplace Behavior ::run [ RunTime:0.002428s ]
INFO: TokenBuild Behavior ::run [ RunTime:0.002420s ]
INFO: WriteHtmlCache Behavior ::run [ RunTime:0.003955s ]
INFO: ShowRuntime Behavior ::run [ RunTime:0.004420s ]
INFO: [ view_filter ] --END-- [ RunTime:0.014151s ]
INFO: [ view_end ] --START--
INFO: ShowPageTrace Behavior ::run [ RunTime:0.003096s ]
INFO: [ view_end ] --END-- [ RunTime:0.003256s ]

[ 2014-12-21T16:17:42+08:00 ] 0.0.0.0 /jyb/index.php/Admin/Return/js/jquery.min.js
INFO: [ route_check ] --START--
INFO: CheckRoute Behavior ::run [ RunTime:0.004018s ]
INFO: [ route_check ] --END-- [ RunTime:0.004370s ]
INFO: [ app_begin ] --START--
INFO: ReadHtmlCache Behavior ::run [ RunTime:0.003029s ]
INFO: [ app_begin ] --END-- [ RunTime:0.003320s ]
ERR: 非法操作:js

[ 2014-12-21T16:17:42+08:00 ] 0.0.0.0 /jyb/index.php/Admin/Return/js/Chart.min.js
INFO: [ route_check ] --START--
INFO: CheckRoute Behavior ::run [ RunTime:0.003763s ]
INFO: [ route_check ] --END-- [ RunTime:0.004513s ]
INFO: [ app_begin ] --START--
INFO: ReadHtmlCache Behavior ::run [ RunTime:0.002438s ]
INFO: [ app_begin ] --END-- [ RunTime:0.003357s ]
ERR: 非法操作:js

[ 2014-12-21T16:17:42+08:00 ] 0.0.0.0 /jyb/index.php/Admin/Return/js/bootstrap.min.js
INFO: [ route_check ] --START--
INFO: CheckRoute Behavior ::run [ RunTime:0.006970s ]
INFO: [ route_check ] --END-- [ RunTime:0.007281s ]
INFO: [ app_begin ] --START--
INFO: ReadHtmlCache Behavior ::run [ RunTime:0.003774s ]
INFO: [ app_begin ] --END-- [ RunTime:0.004033s ]
ERR: 非法操作:js

[ 2014-12-21T16:17:42+08:00 ] 0.0.0.0 /jyb/index.php/Admin/Return/js/templatemo_script.js
INFO: [ route_check ] --START--
INFO: CheckRoute Behavior ::run [ RunTime:0.003431s ]
INFO: [ route_check ] --END-- [ RunTime:0.003756s ]
INFO: [ app_begin ] --START--
INFO: ReadHtmlCache Behavior ::run [ RunTime:0.002071s ]
INFO: [ app_begin ] --END-- [ RunTime:0.002493s ]
ERR: 非法操作:js

[ 2014-12-21T16:17:43+08:00 ] 0.0.0.0 /jyb/index.php/Admin/Index/index
INFO: [ route_check ] --START--
INFO: CheckRoute Behavior ::run [ RunTime:0.002635s ]
INFO: [ route_check ] --END-- [ RunTime:0.002876s ]
INFO: [ app_begin ] --START--
INFO: ReadHtmlCache Behavior ::run [ RunTime:0.001378s ]
INFO: [ app_begin ] --END-- [ RunTime:0.001554s ]
INFO: [ view_parse ] --START--
INFO: ParseTemplate Behavior ::run [ RunTime:0.036487s ]
INFO: [ view_parse ] --END-- [ RunTime:0.036836s ]
INFO: [ view_filter ] --START--
INFO: ContentReplace Behavior ::run [ RunTime:0.001834s ]
INFO: TokenBuild Behavior ::run [ RunTime:0.001642s ]
INFO: WriteHtmlCache Behavior ::run [ RunTime:0.006001s ]
INFO: ShowRuntime Behavior ::run [ RunTime:0.003774s ]
INFO: [ view_filter ] --END-- [ RunTime:0.014262s ]
INFO: [ view_end ] --START--
INFO: ShowPageTrace Behavior ::run [ RunTime:0.002351s ]
INFO: [ view_end ] --END-- [ RunTime:0.002585s ]

[ 2014-12-21T16:17:43+08:00 ] 0.0.0.0 /jyb/index.php/Admin/Index/js/jquery.min.js
INFO: [ route_check ] --START--
INFO: CheckRoute Behavior ::run [ RunTime:0.013764s ]
INFO: [ route_check ] --END-- [ RunTime:0.014373s ]
INFO: [ app_begin ] --START--
INFO: ReadHtmlCache Behavior ::run [ RunTime:0.001926s ]
INFO: [ app_begin ] --END-- [ RunTime:0.002164s ]
ERR: 非法操作:js

[ 2014-12-21T16:17:43+08:00 ] 0.0.0.0 /jyb/index.php/Admin/Index/js/templatemo_script.js
INFO: [ route_check ] --START--
INFO: CheckRoute Behavior ::run [ RunTime:0.006342s ]
INFO: [ route_check ] --END-- [ RunTime:0.006615s ]
INFO: [ app_begin ] --START--
INFO: ReadHtmlCache Behavior ::run [ RunTime:0.003573s ]
INFO: [ app_begin ] --END-- [ RunTime:0.003811s ]
ERR: 非法操作:js

[ 2014-12-21T16:17:43+08:00 ] 0.0.0.0 /jyb/index.php/Admin/Index/js/bootstrap.min.js
INFO: [ route_check ] --START--
INFO: CheckRoute Behavior ::run [ RunTime:0.002813s ]
INFO: [ route_check ] --END-- [ RunTime:0.003585s ]
INFO: [ app_begin ] --START--
INFO: ReadHtmlCache Behavior ::run [ RunTime:0.002186s ]
INFO: [ app_begin ] --END-- [ RunTime:0.002401s ]
ERR: 非法操作:js

[ 2014-12-21T16:17:43+08:00 ] 0.0.0.0 /jyb/index.php/Admin/Index/js/Chart.min.js
INFO: [ route_check ] --START--
INFO: CheckRoute Behavior ::run [ RunTime:0.002407s ]
INFO: [ route_check ] --END-- [ RunTime:0.002674s ]
INFO: [ app_begin ] --START--
INFO: ReadHtmlCache Behavior ::run [ RunTime:0.003294s ]
INFO: [ app_begin ] --END-- [ RunTime:0.003511s ]
ERR: 非法操作:js

[ 2014-12-21T16:17:45+08:00 ] 0.0.0.0 /jyb/index.php/Admin/Apply/index
INFO: [ route_check ] --START--
INFO: CheckRoute Behavior ::run [ RunTime:0.006267s ]
INFO: [ route_check ] --END-- [ RunTime:0.006691s ]
INFO: [ app_begin ] --START--
INFO: ReadHtmlCache Behavior ::run [ RunTime:0.004612s ]
INFO: [ app_begin ] --END-- [ RunTime:0.005221s ]
SQL: SHOW COLUMNS FROM `hd_ajob` [ RunTime:0.012349s ]
SQL: SELECT * FROM `hd_ajob` ORDER BY time DESC  [ RunTime:0.002172s ]
SQL: SHOW COLUMNS FROM `hd_user` [ RunTime:0.016466s ]
SQL: SELECT `username` FROM `hd_user` WHERE ( 1=1 AND id='4' ) LIMIT 1   [ RunTime:0.002014s ]
SQL: SELECT `username` FROM `hd_user` WHERE ( 1=1 AND id='2' ) LIMIT 1   [ RunTime:0.002157s ]
SQL: SELECT `username` FROM `hd_user` WHERE ( 1=1 AND id='1' ) LIMIT 1   [ RunTime:0.001683s ]
INFO: [ view_parse ] --START--
INFO: ParseTemplate Behavior ::run [ RunTime:0.056397s ]
INFO: [ view_parse ] --END-- [ RunTime:0.056760s ]
INFO: [ view_filter ] --START--
INFO: ContentReplace Behavior ::run [ RunTime:0.001769s ]
INFO: TokenBuild Behavior ::run [ RunTime:0.018802s ]
INFO: WriteHtmlCache Behavior ::run [ RunTime:0.001143s ]
INFO: ShowRuntime Behavior ::run [ RunTime:0.001265s ]
INFO: [ view_filter ] --END-- [ RunTime:0.023791s ]
INFO: [ view_end ] --START--
INFO: ShowPageTrace Behavior ::run [ RunTime:0.001664s ]
INFO: [ view_end ] --END-- [ RunTime:0.001912s ]

[ 2014-12-21T16:17:46+08:00 ] 0.0.0.0 /jyb/index.php/Admin/Index/index
INFO: [ route_check ] --START--
INFO: CheckRoute Behavior ::run [ RunTime:0.007447s ]
INFO: [ route_check ] --END-- [ RunTime:0.007801s ]
INFO: [ app_begin ] --START--
INFO: ReadHtmlCache Behavior ::run [ RunTime:0.002804s ]
INFO: [ app_begin ] --END-- [ RunTime:0.003173s ]
INFO: [ view_parse ] --START--
INFO: ParseTemplate Behavior ::run [ RunTime:0.023335s ]
INFO: [ view_parse ] --END-- [ RunTime:0.023542s ]
INFO: [ view_filter ] --START--
INFO: ContentReplace Behavior ::run [ RunTime:0.001412s ]
INFO: TokenBuild Behavior ::run [ RunTime:0.002091s ]
INFO: WriteHtmlCache Behavior ::run [ RunTime:0.000714s ]
INFO: ShowRuntime Behavior ::run [ RunTime:0.001221s ]
INFO: [ view_filter ] --END-- [ RunTime:0.005941s ]
INFO: [ view_end ] --START--
INFO: ShowPageTrace Behavior ::run [ RunTime:0.001268s ]
INFO: [ view_end ] --END-- [ RunTime:0.001441s ]

[ 2014-12-21T16:17:46+08:00 ] 0.0.0.0 /jyb/index.php/Admin/Index/js/templatemo_script.js
INFO: [ route_check ] --START--
INFO: CheckRoute Behavior ::run [ RunTime:0.002433s ]
INFO: [ route_check ] --END-- [ RunTime:0.002752s ]
INFO: [ app_begin ] --START--
INFO: ReadHtmlCache Behavior ::run [ RunTime:0.005457s ]
INFO: [ app_begin ] --END-- [ RunTime:0.005947s ]
ERR: 非法操作:js

[ 2014-12-21T16:17:46+08:00 ] 0.0.0.0 /jyb/index.php/Admin/Index/js/Chart.min.js
INFO: [ route_check ] --START--
INFO: CheckRoute Behavior ::run [ RunTime:0.008853s ]
INFO: [ route_check ] --END-- [ RunTime:0.009186s ]
INFO: [ app_begin ] --START--
INFO: ReadHtmlCache Behavior ::run [ RunTime:0.017583s ]
INFO: [ app_begin ] --END-- [ RunTime:0.017932s ]
ERR: 非法操作:js

[ 2014-12-21T16:17:46+08:00 ] 0.0.0.0 /jyb/index.php/Admin/Index/js/bootstrap.min.js
INFO: [ route_check ] --START--
INFO: CheckRoute Behavior ::run [ RunTime:0.003515s ]
INFO: [ route_check ] --END-- [ RunTime:0.003869s ]
INFO: [ app_begin ] --START--
INFO: ReadHtmlCache Behavior ::run [ RunTime:0.003438s ]
INFO: [ app_begin ] --END-- [ RunTime:0.003950s ]
ERR: 非法操作:js

[ 2014-12-21T16:17:46+08:00 ] 0.0.0.0 /jyb/index.php/Admin/Index/js/jquery.min.js
INFO: [ route_check ] --START--
INFO: CheckRoute Behavior ::run [ RunTime:0.003590s ]
INFO: [ route_check ] --END-- [ RunTime:0.003932s ]
INFO: [ app_begin ] --START--
INFO: ReadHtmlCache Behavior ::run [ RunTime:0.002179s ]
INFO: [ app_begin ] --END-- [ RunTime:0.002432s ]
ERR: 非法操作:js

[ 2014-12-21T16:17:48+08:00 ] 0.0.0.0 /jyb/index.php/Admin/Index/logout
INFO: [ route_check ] --START--
INFO: CheckRoute Behavior ::run [ RunTime:0.007590s ]
INFO: [ route_check ] --END-- [ RunTime:0.008009s ]
INFO: [ app_begin ] --START--
INFO: ReadHtmlCache Behavior ::run [ RunTime:0.008618s ]
INFO: [ app_begin ] --END-- [ RunTime:0.009010s ]

[ 2014-12-21T16:17:48+08:00 ] 0.0.0.0 /jyb/index.php/Admin/Login/index
INFO: [ route_check ] --START--
INFO: CheckRoute Behavior ::run [ RunTime:0.028227s ]
INFO: [ route_check ] --END-- [ RunTime:0.030566s ]
INFO: [ app_begin ] --START--
INFO: ReadHtmlCache Behavior ::run [ RunTime:0.003719s ]
INFO: [ app_begin ] --END-- [ RunTime:0.004486s ]
INFO: [ view_parse ] --START--
INFO: ParseTemplate Behavior ::run [ RunTime:0.122532s ]
INFO: [ view_parse ] --END-- [ RunTime:0.124071s ]
INFO: [ view_filter ] --START--
INFO: ContentReplace Behavior ::run [ RunTime:0.004352s ]
INFO: TokenBuild Behavior ::run [ RunTime:0.001412s ]
INFO: WriteHtmlCache Behavior ::run [ RunTime:0.001045s ]
INFO: ShowRuntime Behavior ::run [ RunTime:0.001505s ]
INFO: [ view_filter ] --END-- [ RunTime:0.009919s ]
INFO: [ view_end ] --START--
INFO: ShowPageTrace Behavior ::run [ RunTime:0.001802s ]
INFO: [ view_end ] --END-- [ RunTime:0.002011s ]

