[ 2014-12-07T11:26:54+08:00 ] 0.0.0.0 /jyb/index.php/Admin
INFO: [ route_check ] --START--
INFO: CheckRoute Behavior ::run [ RunTime:0.004257s ]
INFO: [ route_check ] --END-- [ RunTime:0.004827s ]
INFO: [ app_begin ] --START--
INFO: ReadHtmlCache Behavior ::run [ RunTime:0.002204s ]
INFO: [ app_begin ] --END-- [ RunTime:0.002520s ]

[ 2014-12-07T11:26:55+08:00 ] 0.0.0.0 /jyb/index.php/Admin/Login/index
INFO: [ route_check ] --START--
INFO: CheckRoute Behavior ::run [ RunTime:0.003721s ]
INFO: [ route_check ] --END-- [ RunTime:0.004150s ]
INFO: [ app_begin ] --START--
INFO: ReadHtmlCache Behavior ::run [ RunTime:0.001646s ]
INFO: [ app_begin ] --END-- [ RunTime:0.001905s ]
INFO: [ view_parse ] --START--
INFO: ParseTemplate Behavior ::run [ RunTime:0.050994s ]
INFO: [ view_parse ] --END-- [ RunTime:0.051460s ]
INFO: [ view_filter ] --START--
INFO: ContentReplace Behavior ::run [ RunTime:0.002349s ]
INFO: TokenBuild Behavior ::run [ RunTime:0.002604s ]
INFO: WriteHtmlCache Behavior ::run [ RunTime:0.002845s ]
INFO: ShowRuntime Behavior ::run [ RunTime:0.003272s ]
INFO: [ view_filter ] --END-- [ RunTime:0.012065s ]
INFO: [ view_end ] --START--
INFO: ShowPageTrace Behavior ::run [ RunTime:0.004764s ]
INFO: [ view_end ] --END-- [ RunTime:0.005155s ]

[ 2014-12-07T11:27:02+08:00 ] 0.0.0.0 /jyb/index.php/Admin/Login/login
INFO: [ route_check ] --START--
INFO: CheckRoute Behavior ::run [ RunTime:0.002654s ]
INFO: [ route_check ] --END-- [ RunTime:0.002990s ]
INFO: [ app_begin ] --START--
INFO: ReadHtmlCache Behavior ::run [ RunTime:0.002908s ]
INFO: [ app_begin ] --END-- [ RunTime:0.003369s ]
SQL: SHOW COLUMNS FROM `hd_buser` [ RunTime:0.138405s ]
SQL: SELECT * FROM `hd_buser` WHERE ( `username` = 'admin' ) LIMIT 1   [ RunTime:0.002414s ]
SQL: UPDATE `hd_buser` SET `time`=1417922822,`ip`='0.0.0.0' WHERE ( `id` = 1 ) [ RunTime:0.026131s ]
NOTIC: [8] Undefined index: logintime E:\PHP\jyb\APP\Modules\Admin\Action\LoginAction.class.php 第 28 行.
NOTIC: [8] Undefined index: loginip E:\PHP\jyb\APP\Modules\Admin\Action\LoginAction.class.php 第 29 行.

[ 2014-12-07T11:27:02+08:00 ] 0.0.0.0 /jyb/index.php/Admin
INFO: [ route_check ] --START--
INFO: CheckRoute Behavior ::run [ RunTime:0.003822s ]
INFO: [ route_check ] --END-- [ RunTime:0.004287s ]
INFO: [ app_begin ] --START--
INFO: ReadHtmlCache Behavior ::run [ RunTime:0.002607s ]
INFO: [ app_begin ] --END-- [ RunTime:0.003015s ]
INFO: [ view_parse ] --START--
INFO: ParseTemplate Behavior ::run [ RunTime:0.121093s ]
INFO: [ view_parse ] --END-- [ RunTime:0.121712s ]
INFO: [ view_filter ] --START--
INFO: ContentReplace Behavior ::run [ RunTime:0.002054s ]
INFO: TokenBuild Behavior ::run [ RunTime:0.001925s ]
INFO: WriteHtmlCache Behavior ::run [ RunTime:0.001407s ]
INFO: ShowRuntime Behavior ::run [ RunTime:0.001631s ]
INFO: [ view_filter ] --END-- [ RunTime:0.009008s ]
INFO: [ view_end ] --START--
INFO: ShowPageTrace Behavior ::run [ RunTime:0.002079s ]
INFO: [ view_end ] --END-- [ RunTime:0.002317s ]

[ 2014-12-07T11:27:02+08:00 ] 0.0.0.0 /jyb/index.php/js/jquery.min.js
INFO: [ route_check ] --START--
INFO: CheckRoute Behavior ::run [ RunTime:0.002760s ]
INFO: [ route_check ] --END-- [ RunTime:0.003177s ]
INFO: [ app_begin ] --START--
INFO: ReadHtmlCache Behavior ::run [ RunTime:0.001943s ]
INFO: [ app_begin ] --END-- [ RunTime:0.002261s ]
ERR: 无法加载模块:js

[ 2014-12-07T11:27:02+08:00 ] 0.0.0.0 /jyb/index.php/js/bootstrap.min.js
INFO: [ route_check ] --START--
INFO: CheckRoute Behavior ::run [ RunTime:0.003390s ]
INFO: [ route_check ] --END-- [ RunTime:0.006934s ]
INFO: [ app_begin ] --START--
INFO: ReadHtmlCache Behavior ::run [ RunTime:0.002319s ]
INFO: [ app_begin ] --END-- [ RunTime:0.002638s ]
ERR: 无法加载模块:js

[ 2014-12-07T11:27:03+08:00 ] 0.0.0.0 /jyb/index.php/js/Chart.min.js
INFO: [ route_check ] --START--
INFO: CheckRoute Behavior ::run [ RunTime:0.004266s ]
INFO: [ route_check ] --END-- [ RunTime:0.004665s ]
INFO: [ app_begin ] --START--
INFO: ReadHtmlCache Behavior ::run [ RunTime:0.003349s ]
INFO: [ app_begin ] --END-- [ RunTime:0.003683s ]
ERR: 无法加载模块:js

[ 2014-12-07T11:27:03+08:00 ] 0.0.0.0 /jyb/index.php/js/templatemo_script.js
INFO: [ route_check ] --START--
INFO: CheckRoute Behavior ::run [ RunTime:0.004927s ]
INFO: [ route_check ] --END-- [ RunTime:0.005432s ]
INFO: [ app_begin ] --START--
INFO: ReadHtmlCache Behavior ::run [ RunTime:0.002542s ]
INFO: [ app_begin ] --END-- [ RunTime:0.002869s ]
ERR: 无法加载模块:js

[ 2014-12-07T11:27:06+08:00 ] 0.0.0.0 /jyb/index.php/Admin/All/index
INFO: [ route_check ] --START--
INFO: CheckRoute Behavior ::run [ RunTime:0.002449s ]
INFO: [ route_check ] --END-- [ RunTime:0.002785s ]
INFO: [ app_begin ] --START--
INFO: ReadHtmlCache Behavior ::run [ RunTime:0.001408s ]
INFO: [ app_begin ] --END-- [ RunTime:0.001633s ]
SQL: SHOW COLUMNS FROM `hd_user` [ RunTime:0.323174s ]
SQL: SELECT `id`,`username`,`cname`,`email`,`remark`,`class`,`cphone` FROM `hd_user`  [ RunTime:0.096841s ]
INFO: [ view_parse ] --START--
INFO: ParseTemplate Behavior ::run [ RunTime:0.045137s ]
INFO: [ view_parse ] --END-- [ RunTime:0.045505s ]
INFO: [ view_filter ] --START--
INFO: ContentReplace Behavior ::run [ RunTime:0.002544s ]
INFO: TokenBuild Behavior ::run [ RunTime:0.002509s ]
INFO: WriteHtmlCache Behavior ::run [ RunTime:0.001333s ]
INFO: ShowRuntime Behavior ::run [ RunTime:0.001903s ]
INFO: [ view_filter ] --END-- [ RunTime:0.009060s ]
INFO: [ view_end ] --START--
INFO: ShowPageTrace Behavior ::run [ RunTime:0.002566s ]
INFO: [ view_end ] --END-- [ RunTime:0.002863s ]

[ 2014-12-07T11:27:06+08:00 ] 0.0.0.0 /jyb/index.php/Admin/All/js/jquery.min.js
INFO: [ route_check ] --START--
INFO: CheckRoute Behavior ::run [ RunTime:0.003097s ]
INFO: [ route_check ] --END-- [ RunTime:0.003509s ]
INFO: [ app_begin ] --START--
INFO: ReadHtmlCache Behavior ::run [ RunTime:0.001935s ]
INFO: [ app_begin ] --END-- [ RunTime:0.002234s ]
ERR: 非法操作:js

[ 2014-12-07T11:27:06+08:00 ] 0.0.0.0 /jyb/index.php/Admin/All/js/templatemo_script.js
INFO: [ route_check ] --START--
INFO: CheckRoute Behavior ::run [ RunTime:0.002687s ]
INFO: [ route_check ] --END-- [ RunTime:0.003091s ]
INFO: [ app_begin ] --START--
INFO: ReadHtmlCache Behavior ::run [ RunTime:0.002206s ]
INFO: [ app_begin ] --END-- [ RunTime:0.002604s ]
ERR: 非法操作:js

[ 2014-12-07T11:27:06+08:00 ] 0.0.0.0 /jyb/index.php/Admin/All/js/bootstrap.min.js
INFO: [ route_check ] --START--
INFO: CheckRoute Behavior ::run [ RunTime:0.004813s ]
INFO: [ route_check ] --END-- [ RunTime:0.005187s ]
INFO: [ app_begin ] --START--
INFO: ReadHtmlCache Behavior ::run [ RunTime:0.002213s ]
INFO: [ app_begin ] --END-- [ RunTime:0.002504s ]
ERR: 非法操作:js

[ 2014-12-07T11:27:06+08:00 ] 0.0.0.0 /jyb/index.php/Admin/All/js/Chart.min.js
INFO: [ route_check ] --START--
INFO: CheckRoute Behavior ::run [ RunTime:0.003241s ]
INFO: [ route_check ] --END-- [ RunTime:0.003644s ]
INFO: [ app_begin ] --START--
INFO: ReadHtmlCache Behavior ::run [ RunTime:0.004682s ]
INFO: [ app_begin ] --END-- [ RunTime:0.005173s ]
ERR: 非法操作:js

[ 2014-12-07T11:27:09+08:00 ] 0.0.0.0 /jyb/index.php/Admin/All/hight/id/2
INFO: [ route_check ] --START--
INFO: CheckRoute Behavior ::run [ RunTime:0.002081s ]
INFO: [ route_check ] --END-- [ RunTime:0.002400s ]
INFO: [ app_begin ] --START--
INFO: ReadHtmlCache Behavior ::run [ RunTime:0.001916s ]
INFO: [ app_begin ] --END-- [ RunTime:0.002215s ]
SQL: SHOW COLUMNS FROM `hd_user` [ RunTime:0.037946s ]
SQL: UPDATE `hd_user` SET `class`=1 WHERE ( `id` = 2 ) [ RunTime:0.021563s ]
INFO: [ view_parse ] --START--
INFO: ParseTemplate Behavior ::run [ RunTime:0.052327s ]
INFO: [ view_parse ] --END-- [ RunTime:0.052886s ]
INFO: [ view_filter ] --START--
INFO: ContentReplace Behavior ::run [ RunTime:0.001612s ]
INFO: TokenBuild Behavior ::run [ RunTime:0.002039s ]
INFO: WriteHtmlCache Behavior ::run [ RunTime:0.002038s ]
INFO: ShowRuntime Behavior ::run [ RunTime:0.002541s ]
INFO: [ view_filter ] --END-- [ RunTime:0.009084s ]
INFO: [ view_end ] --START--
INFO: ShowPageTrace Behavior ::run [ RunTime:0.002539s ]
INFO: [ view_end ] --END-- [ RunTime:0.002774s ]

[ 2014-12-07T11:27:14+08:00 ] 0.0.0.0 /jyb/index.php/Admin/All/index
INFO: [ route_check ] --START--
INFO: CheckRoute Behavior ::run [ RunTime:0.003543s ]
INFO: [ route_check ] --END-- [ RunTime:0.004070s ]
INFO: [ app_begin ] --START--
INFO: ReadHtmlCache Behavior ::run [ RunTime:0.001951s ]
INFO: [ app_begin ] --END-- [ RunTime:0.002266s ]
SQL: SHOW COLUMNS FROM `hd_user` [ RunTime:0.031052s ]
SQL: SELECT `id`,`username`,`cname`,`email`,`remark`,`class`,`cphone` FROM `hd_user`  [ RunTime:0.002406s ]
INFO: [ view_parse ] --START--
INFO: ParseTemplate Behavior ::run [ RunTime:0.046366s ]
INFO: [ view_parse ] --END-- [ RunTime:0.046764s ]
INFO: [ view_filter ] --START--
INFO: ContentReplace Behavior ::run [ RunTime:0.002382s ]
INFO: TokenBuild Behavior ::run [ RunTime:0.002041s ]
INFO: WriteHtmlCache Behavior ::run [ RunTime:0.000967s ]
INFO: ShowRuntime Behavior ::run [ RunTime:0.002098s ]
INFO: [ view_filter ] --END-- [ RunTime:0.008435s ]
INFO: [ view_end ] --START--
INFO: ShowPageTrace Behavior ::run [ RunTime:0.001906s ]
INFO: [ view_end ] --END-- [ RunTime:0.002200s ]

[ 2014-12-07T11:27:14+08:00 ] 0.0.0.0 /jyb/index.php/Admin/All/js/templatemo_script.js
INFO: [ route_check ] --START--
INFO: CheckRoute Behavior ::run [ RunTime:0.002857s ]
INFO: [ route_check ] --END-- [ RunTime:0.003285s ]
INFO: [ app_begin ] --START--
INFO: ReadHtmlCache Behavior ::run [ RunTime:0.001898s ]
INFO: [ app_begin ] --END-- [ RunTime:0.002261s ]
ERR: 非法操作:js

[ 2014-12-07T11:27:14+08:00 ] 0.0.0.0 /jyb/index.php/Admin/All/js/Chart.min.js
INFO: [ route_check ] --START--
INFO: CheckRoute Behavior ::run [ RunTime:0.004891s ]
INFO: [ route_check ] --END-- [ RunTime:0.005330s ]
INFO: [ app_begin ] --START--
INFO: ReadHtmlCache Behavior ::run [ RunTime:0.002506s ]
INFO: [ app_begin ] --END-- [ RunTime:0.002969s ]
ERR: 非法操作:js

[ 2014-12-07T11:27:14+08:00 ] 0.0.0.0 /jyb/index.php/Admin/All/js/jquery.min.js
INFO: [ route_check ] --START--
INFO: CheckRoute Behavior ::run [ RunTime:0.069611s ]
INFO: [ route_check ] --END-- [ RunTime:0.070078s ]
INFO: [ app_begin ] --START--
INFO: ReadHtmlCache Behavior ::run [ RunTime:0.044000s ]
INFO: [ app_begin ] --END-- [ RunTime:0.044462s ]
ERR: 非法操作:js

[ 2014-12-07T11:27:14+08:00 ] 0.0.0.0 /jyb/index.php/Admin/All/js/bootstrap.min.js
INFO: [ route_check ] --START--
INFO: CheckRoute Behavior ::run [ RunTime:0.002757s ]
INFO: [ route_check ] --END-- [ RunTime:0.003159s ]
INFO: [ app_begin ] --START--
INFO: ReadHtmlCache Behavior ::run [ RunTime:0.003972s ]
INFO: [ app_begin ] --END-- [ RunTime:0.004370s ]
ERR: 非法操作:js

[ 2014-12-07T11:27:18+08:00 ] 0.0.0.0 /jyb/index.php/Admin/Alljob/index
INFO: [ route_check ] --START--
INFO: CheckRoute Behavior ::run [ RunTime:0.004003s ]
INFO: [ route_check ] --END-- [ RunTime:0.004584s ]
INFO: [ app_begin ] --START--
INFO: ReadHtmlCache Behavior ::run [ RunTime:0.001751s ]
INFO: [ app_begin ] --END-- [ RunTime:0.002020s ]
NOTIC: [2048] Declaration of AlljobAction::show() should be compatible with that of Action::show() E:\PHP\jyb\APP\Modules\Admin\Action\AlljobAction.class.php 第 2 行.
SQL: SHOW COLUMNS FROM `hd_new` [ RunTime:0.039084s ]
SQL: SELECT `id`,`name`,`date`,`ornot` FROM `hd_new` ORDER BY date DESC  [ RunTime:0.008365s ]
INFO: [ view_parse ] --START--
INFO: ParseTemplate Behavior ::run [ RunTime:0.051449s ]
INFO: [ view_parse ] --END-- [ RunTime:0.051791s ]
INFO: [ view_filter ] --START--
INFO: ContentReplace Behavior ::run [ RunTime:0.002073s ]
INFO: TokenBuild Behavior ::run [ RunTime:0.001579s ]
INFO: WriteHtmlCache Behavior ::run [ RunTime:0.001929s ]
INFO: ShowRuntime Behavior ::run [ RunTime:0.002971s ]
INFO: [ view_filter ] --END-- [ RunTime:0.009401s ]
INFO: [ view_end ] --START--
INFO: ShowPageTrace Behavior ::run [ RunTime:0.003051s ]
INFO: [ view_end ] --END-- [ RunTime:0.003515s ]

[ 2014-12-07T11:27:21+08:00 ] 0.0.0.0 /jyb/index.php/Admin/Alljob/show/id/1
INFO: [ route_check ] --START--
INFO: CheckRoute Behavior ::run [ RunTime:0.001960s ]
INFO: [ route_check ] --END-- [ RunTime:0.002303s ]
INFO: [ app_begin ] --START--
INFO: ReadHtmlCache Behavior ::run [ RunTime:0.002127s ]
INFO: [ app_begin ] --END-- [ RunTime:0.002500s ]
NOTIC: [2048] Declaration of AlljobAction::show() should be compatible with that of Action::show() E:\PHP\jyb\APP\Modules\Admin\Action\AlljobAction.class.php 第 2 行.
SQL: SHOW COLUMNS FROM `hd_join` [ RunTime:0.023969s ]
SQL: SELECT * FROM `hd_join` WHERE ( `timeid` = 1 )  [ RunTime:0.002975s ]
SQL: SHOW COLUMNS FROM `hd_user` [ RunTime:0.044929s ]
SQL: SELECT `username` FROM `hd_user` WHERE ( 1=1 AND id='1' ) LIMIT 1   [ RunTime:0.003129s ]
INFO: [ view_parse ] --START--
INFO: ParseTemplate Behavior ::run [ RunTime:0.051891s ]
INFO: [ view_parse ] --END-- [ RunTime:0.052302s ]
INFO: [ view_filter ] --START--
INFO: ContentReplace Behavior ::run [ RunTime:0.002018s ]
INFO: TokenBuild Behavior ::run [ RunTime:0.002564s ]
INFO: WriteHtmlCache Behavior ::run [ RunTime:0.001479s ]
INFO: ShowRuntime Behavior ::run [ RunTime:0.001882s ]
INFO: [ view_filter ] --END-- [ RunTime:0.009321s ]
INFO: [ view_end ] --START--
INFO: ShowPageTrace Behavior ::run [ RunTime:0.002838s ]
INFO: [ view_end ] --END-- [ RunTime:0.003124s ]

[ 2014-12-07T11:27:23+08:00 ] 0.0.0.0 /jyb/index.php/Admin/Alljob/get/id/1
INFO: [ route_check ] --START--
INFO: CheckRoute Behavior ::run [ RunTime:0.003282s ]
INFO: [ route_check ] --END-- [ RunTime:0.003758s ]
INFO: [ app_begin ] --START--
INFO: ReadHtmlCache Behavior ::run [ RunTime:0.003041s ]
INFO: [ app_begin ] --END-- [ RunTime:0.003499s ]
NOTIC: [2048] Declaration of AlljobAction::show() should be compatible with that of Action::show() E:\PHP\jyb\APP\Modules\Admin\Action\AlljobAction.class.php 第 2 行.

[ 2014-12-07T11:28:12+08:00 ] 0.0.0.0 /jyb/index.php/Admin/Alljob/show/id/1
INFO: [ route_check ] --START--
INFO: CheckRoute Behavior ::run [ RunTime:0.002381s ]
INFO: [ route_check ] --END-- [ RunTime:0.002677s ]
INFO: [ app_begin ] --START--
INFO: ReadHtmlCache Behavior ::run [ RunTime:0.001767s ]
INFO: [ app_begin ] --END-- [ RunTime:0.002030s ]
NOTIC: [2048] Declaration of AlljobAction::show() should be compatible with that of Action::show() E:\PHP\jyb\APP\Modules\Admin\Action\AlljobAction.class.php 第 2 行.
SQL: SHOW COLUMNS FROM `hd_join` [ RunTime:0.019485s ]
SQL: SELECT * FROM `hd_join` WHERE ( `timeid` = 1 )  [ RunTime:0.002578s ]
SQL: SHOW COLUMNS FROM `hd_user` [ RunTime:0.016714s ]
SQL: SELECT `username` FROM `hd_user` WHERE ( 1=1 AND id='1' ) LIMIT 1   [ RunTime:0.002850s ]
INFO: [ view_parse ] --START--
INFO: ParseTemplate Behavior ::run [ RunTime:0.052838s ]
INFO: [ view_parse ] --END-- [ RunTime:0.053205s ]
INFO: [ view_filter ] --START--
INFO: ContentReplace Behavior ::run [ RunTime:0.002422s ]
INFO: TokenBuild Behavior ::run [ RunTime:0.002222s ]
INFO: WriteHtmlCache Behavior ::run [ RunTime:0.001498s ]
INFO: ShowRuntime Behavior ::run [ RunTime:0.001774s ]
INFO: [ view_filter ] --END-- [ RunTime:0.008633s ]
INFO: [ view_end ] --START--
INFO: ShowPageTrace Behavior ::run [ RunTime:0.002758s ]
INFO: [ view_end ] --END-- [ RunTime:0.003008s ]

[ 2014-12-07T11:28:15+08:00 ] 0.0.0.0 /jyb/index.php/Admin/Alljob/notget/id/1
INFO: [ route_check ] --START--
INFO: CheckRoute Behavior ::run [ RunTime:0.003744s ]
INFO: [ route_check ] --END-- [ RunTime:0.004310s ]
INFO: [ app_begin ] --START--
INFO: ReadHtmlCache Behavior ::run [ RunTime:0.002684s ]
INFO: [ app_begin ] --END-- [ RunTime:0.003097s ]
NOTIC: [2048] Declaration of AlljobAction::show() should be compatible with that of Action::show() E:\PHP\jyb\APP\Modules\Admin\Action\AlljobAction.class.php 第 2 行.
SQL: SHOW COLUMNS FROM `hd_user` [ RunTime:0.018604s ]
SQL: UPDATE `hd_user` SET `class`=1 WHERE ( `id` = 1 ) [ RunTime:0.031162s ]
INFO: [ view_parse ] --START--
INFO: ParseTemplate Behavior ::run [ RunTime:0.026226s ]
INFO: [ view_parse ] --END-- [ RunTime:0.026691s ]
INFO: [ view_filter ] --START--
INFO: ContentReplace Behavior ::run [ RunTime:0.001794s ]
INFO: TokenBuild Behavior ::run [ RunTime:0.001871s ]
INFO: WriteHtmlCache Behavior ::run [ RunTime:0.001478s ]
INFO: ShowRuntime Behavior ::run [ RunTime:0.001587s ]
INFO: [ view_filter ] --END-- [ RunTime:0.007640s ]
INFO: [ view_end ] --START--
INFO: ShowPageTrace Behavior ::run [ RunTime:0.001943s ]
INFO: [ view_end ] --END-- [ RunTime:0.002189s ]

[ 2014-12-07T11:28:17+08:00 ] 0.0.0.0 /jyb/index.php/Admin/Alljob/index
INFO: [ route_check ] --START--
INFO: CheckRoute Behavior ::run [ RunTime:0.004140s ]
INFO: [ route_check ] --END-- [ RunTime:0.004683s ]
INFO: [ app_begin ] --START--
INFO: ReadHtmlCache Behavior ::run [ RunTime:0.002480s ]
INFO: [ app_begin ] --END-- [ RunTime:0.002932s ]
NOTIC: [2048] Declaration of AlljobAction::show() should be compatible with that of Action::show() E:\PHP\jyb\APP\Modules\Admin\Action\AlljobAction.class.php 第 2 行.
SQL: SHOW COLUMNS FROM `hd_new` [ RunTime:0.017096s ]
SQL: SELECT `id`,`name`,`date`,`ornot` FROM `hd_new` ORDER BY date DESC  [ RunTime:0.002072s ]
INFO: [ view_parse ] --START--
INFO: ParseTemplate Behavior ::run [ RunTime:0.046772s ]
INFO: [ view_parse ] --END-- [ RunTime:0.047234s ]
INFO: [ view_filter ] --START--
INFO: ContentReplace Behavior ::run [ RunTime:0.002095s ]
INFO: TokenBuild Behavior ::run [ RunTime:0.001432s ]
INFO: WriteHtmlCache Behavior ::run [ RunTime:0.003407s ]
INFO: ShowRuntime Behavior ::run [ RunTime:0.003751s ]
INFO: [ view_filter ] --END-- [ RunTime:0.012169s ]
INFO: [ view_end ] --START--
INFO: ShowPageTrace Behavior ::run [ RunTime:0.002806s ]
INFO: [ view_end ] --END-- [ RunTime:0.003083s ]

[ 2014-12-07T11:28:21+08:00 ] 0.0.0.0 /jyb/index.php/Admin/Alljob/show/id/1
INFO: [ route_check ] --START--
INFO: CheckRoute Behavior ::run [ RunTime:0.002519s ]
INFO: [ route_check ] --END-- [ RunTime:0.002849s ]
INFO: [ app_begin ] --START--
INFO: ReadHtmlCache Behavior ::run [ RunTime:0.002652s ]
INFO: [ app_begin ] --END-- [ RunTime:0.003113s ]
NOTIC: [2048] Declaration of AlljobAction::show() should be compatible with that of Action::show() E:\PHP\jyb\APP\Modules\Admin\Action\AlljobAction.class.php 第 2 行.
SQL: SHOW COLUMNS FROM `hd_join` [ RunTime:0.017050s ]
SQL: SELECT * FROM `hd_join` WHERE ( `timeid` = 1 )  [ RunTime:0.003672s ]
SQL: SHOW COLUMNS FROM `hd_user` [ RunTime:0.019540s ]
SQL: SELECT `username` FROM `hd_user` WHERE ( 1=1 AND id='1' ) LIMIT 1   [ RunTime:0.002805s ]
INFO: [ view_parse ] --START--
INFO: ParseTemplate Behavior ::run [ RunTime:0.052317s ]
INFO: [ view_parse ] --END-- [ RunTime:0.052730s ]
INFO: [ view_filter ] --START--
INFO: ContentReplace Behavior ::run [ RunTime:0.002234s ]
INFO: TokenBuild Behavior ::run [ RunTime:0.001918s ]
INFO: WriteHtmlCache Behavior ::run [ RunTime:0.001011s ]
INFO: ShowRuntime Behavior ::run [ RunTime:0.001422s ]
INFO: [ view_filter ] --END-- [ RunTime:0.007702s ]
INFO: [ view_end ] --START--
INFO: ShowPageTrace Behavior ::run [ RunTime:0.001746s ]
INFO: [ view_end ] --END-- [ RunTime:0.001964s ]

[ 2014-12-07T11:28:24+08:00 ] 0.0.0.0 /jyb/index.php/Admin/Alljob/okget/id/1
INFO: [ route_check ] --START--
INFO: CheckRoute Behavior ::run [ RunTime:0.003029s ]
INFO: [ route_check ] --END-- [ RunTime:0.003454s ]
INFO: [ app_begin ] --START--
INFO: ReadHtmlCache Behavior ::run [ RunTime:0.001581s ]
INFO: [ app_begin ] --END-- [ RunTime:0.001846s ]
NOTIC: [2048] Declaration of AlljobAction::show() should be compatible with that of Action::show() E:\PHP\jyb\APP\Modules\Admin\Action\AlljobAction.class.php 第 2 行.
SQL: SHOW COLUMNS FROM `hd_user` [ RunTime:0.017387s ]
SQL: UPDATE `hd_user` SET `class`=3 WHERE ( `id` = 1 ) [ RunTime:0.001181s ]
INFO: [ view_parse ] --START--
INFO: ParseTemplate Behavior ::run [ RunTime:0.031229s ]
INFO: [ view_parse ] --END-- [ RunTime:0.031654s ]
INFO: [ view_filter ] --START--
INFO: ContentReplace Behavior ::run [ RunTime:0.002015s ]
INFO: TokenBuild Behavior ::run [ RunTime:0.001989s ]
INFO: WriteHtmlCache Behavior ::run [ RunTime:0.001319s ]
INFO: ShowRuntime Behavior ::run [ RunTime:0.001527s ]
INFO: [ view_filter ] --END-- [ RunTime:0.007768s ]
INFO: [ view_end ] --START--
INFO: ShowPageTrace Behavior ::run [ RunTime:0.003405s ]
INFO: [ view_end ] --END-- [ RunTime:0.003779s ]

[ 2014-12-07T11:28:26+08:00 ] 0.0.0.0 /jyb/index.php/Admin/Alljob/index
INFO: [ route_check ] --START--
INFO: CheckRoute Behavior ::run [ RunTime:0.003280s ]
INFO: [ route_check ] --END-- [ RunTime:0.003826s ]
INFO: [ app_begin ] --START--
INFO: ReadHtmlCache Behavior ::run [ RunTime:0.002771s ]
INFO: [ app_begin ] --END-- [ RunTime:0.003151s ]
NOTIC: [2048] Declaration of AlljobAction::show() should be compatible with that of Action::show() E:\PHP\jyb\APP\Modules\Admin\Action\AlljobAction.class.php 第 2 行.
SQL: SHOW COLUMNS FROM `hd_new` [ RunTime:0.015491s ]
SQL: SELECT `id`,`name`,`date`,`ornot` FROM `hd_new` ORDER BY date DESC  [ RunTime:0.001621s ]
INFO: [ view_parse ] --START--
INFO: ParseTemplate Behavior ::run [ RunTime:0.044622s ]
INFO: [ view_parse ] --END-- [ RunTime:0.045062s ]
INFO: [ view_filter ] --START--
INFO: ContentReplace Behavior ::run [ RunTime:0.001420s ]
INFO: TokenBuild Behavior ::run [ RunTime:0.001860s ]
INFO: WriteHtmlCache Behavior ::run [ RunTime:0.000995s ]
INFO: ShowRuntime Behavior ::run [ RunTime:0.001389s ]
INFO: [ view_filter ] --END-- [ RunTime:0.006328s ]
INFO: [ view_end ] --START--
INFO: ShowPageTrace Behavior ::run [ RunTime:0.002675s ]
INFO: [ view_end ] --END-- [ RunTime:0.002954s ]

[ 2014-12-07T11:33:27+08:00 ] 0.0.0.0 /jyb/index.php/Admin/Alljob/show/id/1
INFO: [ route_check ] --START--
INFO: CheckRoute Behavior ::run [ RunTime:0.006599s ]
INFO: [ route_check ] --END-- [ RunTime:0.007087s ]
INFO: [ app_begin ] --START--
INFO: ReadHtmlCache Behavior ::run [ RunTime:0.006234s ]
INFO: [ app_begin ] --END-- [ RunTime:0.009647s ]
NOTIC: [2048] Declaration of AlljobAction::show() should be compatible with that of Action::show() E:\PHP\jyb\APP\Modules\Admin\Action\AlljobAction.class.php 第 2 行.
SQL: SHOW COLUMNS FROM `hd_join` [ RunTime:0.018524s ]
SQL: SELECT * FROM `hd_join` WHERE ( `timeid` = 1 )  [ RunTime:0.002443s ]
SQL: SHOW COLUMNS FROM `hd_user` [ RunTime:0.021042s ]
SQL: SELECT `username` FROM `hd_user` WHERE ( 1=1 AND id='1' ) LIMIT 1   [ RunTime:0.003487s ]
INFO: [ view_parse ] --START--
INFO: ParseTemplate Behavior ::run [ RunTime:0.050470s ]
INFO: [ view_parse ] --END-- [ RunTime:0.050990s ]
INFO: [ view_filter ] --START--
INFO: ContentReplace Behavior ::run [ RunTime:0.002067s ]
INFO: TokenBuild Behavior ::run [ RunTime:0.001580s ]
INFO: WriteHtmlCache Behavior ::run [ RunTime:0.001265s ]
INFO: ShowRuntime Behavior ::run [ RunTime:0.001763s ]
INFO: [ view_filter ] --END-- [ RunTime:0.007375s ]
INFO: [ view_end ] --START--
INFO: ShowPageTrace Behavior ::run [ RunTime:0.002633s ]
INFO: [ view_end ] --END-- [ RunTime:0.003458s ]

[ 2014-12-07T11:33:30+08:00 ] 0.0.0.0 /jyb/index.php/Admin/Alljob/okget/id/1
INFO: [ route_check ] --START--
INFO: CheckRoute Behavior ::run [ RunTime:0.002524s ]
INFO: [ route_check ] --END-- [ RunTime:0.002885s ]
INFO: [ app_begin ] --START--
INFO: ReadHtmlCache Behavior ::run [ RunTime:0.001762s ]
INFO: [ app_begin ] --END-- [ RunTime:0.002001s ]
NOTIC: [2048] Declaration of AlljobAction::show() should be compatible with that of Action::show() E:\PHP\jyb\APP\Modules\Admin\Action\AlljobAction.class.php 第 2 行.
SQL: SHOW COLUMNS FROM `hd_user` [ RunTime:0.014134s ]
SQL: UPDATE `hd_user` SET `class`=3 WHERE ( `id` = 1 ) [ RunTime:0.001544s ]
INFO: [ view_parse ] --START--
INFO: ParseTemplate Behavior ::run [ RunTime:0.023012s ]
INFO: [ view_parse ] --END-- [ RunTime:0.023337s ]
INFO: [ view_filter ] --START--
INFO: ContentReplace Behavior ::run [ RunTime:0.001605s ]
INFO: TokenBuild Behavior ::run [ RunTime:0.001791s ]
INFO: WriteHtmlCache Behavior ::run [ RunTime:0.001232s ]
INFO: ShowRuntime Behavior ::run [ RunTime:0.001778s ]
INFO: [ view_filter ] --END-- [ RunTime:0.007317s ]
INFO: [ view_end ] --START--
INFO: ShowPageTrace Behavior ::run [ RunTime:0.003372s ]
INFO: [ view_end ] --END-- [ RunTime:0.003695s ]

[ 2014-12-07T11:33:34+08:00 ] 0.0.0.0 /jyb/index.php/Admin/Alljob/index
INFO: [ route_check ] --START--
INFO: CheckRoute Behavior ::run [ RunTime:0.004284s ]
INFO: [ route_check ] --END-- [ RunTime:0.004971s ]
INFO: [ app_begin ] --START--
INFO: ReadHtmlCache Behavior ::run [ RunTime:0.002933s ]
INFO: [ app_begin ] --END-- [ RunTime:0.003379s ]
NOTIC: [2048] Declaration of AlljobAction::show() should be compatible with that of Action::show() E:\PHP\jyb\APP\Modules\Admin\Action\AlljobAction.class.php 第 2 行.
SQL: SHOW COLUMNS FROM `hd_new` [ RunTime:0.014245s ]
SQL: SELECT `id`,`name`,`date`,`ornot` FROM `hd_new` ORDER BY date DESC  [ RunTime:0.002724s ]
INFO: [ view_parse ] --START--
INFO: ParseTemplate Behavior ::run [ RunTime:0.044773s ]
INFO: [ view_parse ] --END-- [ RunTime:0.045229s ]
INFO: [ view_filter ] --START--
INFO: ContentReplace Behavior ::run [ RunTime:0.002790s ]
INFO: TokenBuild Behavior ::run [ RunTime:0.001681s ]
INFO: WriteHtmlCache Behavior ::run [ RunTime:0.001157s ]
INFO: ShowRuntime Behavior ::run [ RunTime:0.001904s ]
INFO: [ view_filter ] --END-- [ RunTime:0.008436s ]
INFO: [ view_end ] --START--
INFO: ShowPageTrace Behavior ::run [ RunTime:0.002087s ]
INFO: [ view_end ] --END-- [ RunTime:0.002356s ]

[ 2014-12-07T11:37:49+08:00 ] 0.0.0.0 /jyb/index.php/Admin/Alljob/index
INFO: [ route_check ] --START--
INFO: CheckRoute Behavior ::run [ RunTime:0.004546s ]
INFO: [ route_check ] --END-- [ RunTime:0.005097s ]
INFO: [ app_begin ] --START--
INFO: ReadHtmlCache Behavior ::run [ RunTime:0.004161s ]
INFO: [ app_begin ] --END-- [ RunTime:0.004718s ]
NOTIC: [2048] Declaration of AlljobAction::show() should be compatible with that of Action::show() E:\PHP\jyb\APP\Modules\Admin\Action\AlljobAction.class.php 第 2 行.
SQL: SHOW COLUMNS FROM `hd_new` [ RunTime:0.021683s ]
SQL: SELECT `id`,`name`,`date`,`ornot` FROM `hd_new` ORDER BY date DESC  [ RunTime:0.002716s ]
INFO: [ view_parse ] --START--
INFO: ParseTemplate Behavior ::run [ RunTime:0.057854s ]
INFO: [ view_parse ] --END-- [ RunTime:0.058743s ]
INFO: [ view_filter ] --START--
INFO: ContentReplace Behavior ::run [ RunTime:0.003179s ]
INFO: TokenBuild Behavior ::run [ RunTime:0.007010s ]
INFO: WriteHtmlCache Behavior ::run [ RunTime:0.001545s ]
INFO: ShowRuntime Behavior ::run [ RunTime:0.002580s ]
INFO: [ view_filter ] --END-- [ RunTime:0.015204s ]
INFO: [ view_end ] --START--
INFO: ShowPageTrace Behavior ::run [ RunTime:0.002835s ]
INFO: [ view_end ] --END-- [ RunTime:0.003165s ]

[ 2014-12-07T11:37:52+08:00 ] 0.0.0.0 /jyb/index.php/Admin/Alljob/show/id/1
INFO: [ route_check ] --START--
INFO: CheckRoute Behavior ::run [ RunTime:0.002559s ]
INFO: [ route_check ] --END-- [ RunTime:0.002919s ]
INFO: [ app_begin ] --START--
INFO: ReadHtmlCache Behavior ::run [ RunTime:0.002873s ]
INFO: [ app_begin ] --END-- [ RunTime:0.003333s ]
NOTIC: [2048] Declaration of AlljobAction::show() should be compatible with that of Action::show() E:\PHP\jyb\APP\Modules\Admin\Action\AlljobAction.class.php 第 2 行.
SQL: SHOW COLUMNS FROM `hd_join` [ RunTime:0.019940s ]
SQL: SELECT * FROM `hd_join` WHERE ( `timeid` = 1 )  [ RunTime:0.002252s ]
SQL: SHOW COLUMNS FROM `hd_user` [ RunTime:0.016820s ]
SQL: SELECT `username`,`class` FROM `hd_user` WHERE ( 1=1 AND id='1' ) LIMIT 1   [ RunTime:0.002439s ]
INFO: [ view_parse ] --START--
NOTIC: [8] Undefined index: cname E:\PHP\jyb\APP\Runtime\Cache\Admin\a1999c38dff78e61474dec6de25d4fc3.php 第 70 行.
INFO: ParseTemplate Behavior ::run [ RunTime:0.054064s ]
INFO: [ view_parse ] --END-- [ RunTime:0.054779s ]
INFO: [ view_filter ] --START--
INFO: ContentReplace Behavior ::run [ RunTime:0.002505s ]
INFO: TokenBuild Behavior ::run [ RunTime:0.003003s ]
INFO: WriteHtmlCache Behavior ::run [ RunTime:0.002162s ]
INFO: ShowRuntime Behavior ::run [ RunTime:0.007044s ]
INFO: [ view_filter ] --END-- [ RunTime:0.016506s ]
INFO: [ view_end ] --START--
INFO: ShowPageTrace Behavior ::run [ RunTime:0.002966s ]
INFO: [ view_end ] --END-- [ RunTime:0.003390s ]

[ 2014-12-07T11:38:36+08:00 ] 0.0.0.0 /jyb/index.php/Admin/Alljob/show/id/1
INFO: [ route_check ] --START--
INFO: CheckRoute Behavior ::run [ RunTime:0.002858s ]
INFO: [ route_check ] --END-- [ RunTime:0.003084s ]
INFO: [ app_begin ] --START--
INFO: ReadHtmlCache Behavior ::run [ RunTime:0.001021s ]
INFO: [ app_begin ] --END-- [ RunTime:0.001167s ]
NOTIC: [2048] Declaration of AlljobAction::show() should be compatible with that of Action::show() E:\PHP\jyb\APP\Modules\Admin\Action\AlljobAction.class.php 第 2 行.
SQL: SHOW COLUMNS FROM `hd_join` [ RunTime:0.011080s ]
SQL: SELECT * FROM `hd_join` WHERE ( `timeid` = 1 )  [ RunTime:0.000795s ]
SQL: SHOW COLUMNS FROM `hd_user` [ RunTime:0.010000s ]
SQL: SELECT `username` FROM `hd_user` WHERE ( 1=1 AND id='1' ) LIMIT 1   [ RunTime:0.001191s ]
INFO: [ view_parse ] --START--
NOTIC: [8] Undefined index: cname E:\PHP\jyb\APP\Runtime\Cache\Admin\a1999c38dff78e61474dec6de25d4fc3.php 第 70 行.
NOTIC: [8] Undefined index: class E:\PHP\jyb\APP\Runtime\Cache\Admin\a1999c38dff78e61474dec6de25d4fc3.php 第 76 行.
INFO: ParseTemplate Behavior ::run [ RunTime:0.027360s ]
INFO: [ view_parse ] --END-- [ RunTime:0.027634s ]
INFO: [ view_filter ] --START--
INFO: ContentReplace Behavior ::run [ RunTime:0.001095s ]
INFO: TokenBuild Behavior ::run [ RunTime:0.000908s ]
INFO: WriteHtmlCache Behavior ::run [ RunTime:0.000679s ]
INFO: ShowRuntime Behavior ::run [ RunTime:0.001206s ]
INFO: [ view_filter ] --END-- [ RunTime:0.004382s ]
INFO: [ view_end ] --START--
INFO: ShowPageTrace Behavior ::run [ RunTime:0.001478s ]
INFO: [ view_end ] --END-- [ RunTime:0.001675s ]

[ 2014-12-07T11:38:39+08:00 ] 0.0.0.0 /jyb/index.php/Admin/Alljob/show/id/1
INFO: [ route_check ] --START--
INFO: CheckRoute Behavior ::run [ RunTime:0.003850s ]
INFO: [ route_check ] --END-- [ RunTime:0.004268s ]
INFO: [ app_begin ] --START--
INFO: ReadHtmlCache Behavior ::run [ RunTime:0.003914s ]
INFO: [ app_begin ] --END-- [ RunTime:0.004378s ]
NOTIC: [2048] Declaration of AlljobAction::show() should be compatible with that of Action::show() E:\PHP\jyb\APP\Modules\Admin\Action\AlljobAction.class.php 第 2 行.
SQL: SHOW COLUMNS FROM `hd_join` [ RunTime:0.018366s ]
SQL: SELECT * FROM `hd_join` WHERE ( `timeid` = 1 )  [ RunTime:0.001581s ]
SQL: SHOW COLUMNS FROM `hd_user` [ RunTime:0.018456s ]
SQL: SELECT `username` FROM `hd_user` WHERE ( 1=1 AND id='1' ) LIMIT 1   [ RunTime:0.001509s ]
INFO: [ view_parse ] --START--
NOTIC: [8] Undefined index: cname E:\PHP\jyb\APP\Runtime\Cache\Admin\a1999c38dff78e61474dec6de25d4fc3.php 第 70 行.
NOTIC: [8] Undefined index: class E:\PHP\jyb\APP\Runtime\Cache\Admin\a1999c38dff78e61474dec6de25d4fc3.php 第 76 行.
INFO: ParseTemplate Behavior ::run [ RunTime:0.058123s ]
INFO: [ view_parse ] --END-- [ RunTime:0.058547s ]
INFO: [ view_filter ] --START--
INFO: ContentReplace Behavior ::run [ RunTime:0.002557s ]
INFO: TokenBuild Behavior ::run [ RunTime:0.001631s ]
INFO: WriteHtmlCache Behavior ::run [ RunTime:0.001359s ]
INFO: ShowRuntime Behavior ::run [ RunTime:0.005951s ]
INFO: [ view_filter ] --END-- [ RunTime:0.012219s ]
INFO: [ view_end ] --START--
INFO: ShowPageTrace Behavior ::run [ RunTime:0.007775s ]
INFO: [ view_end ] --END-- [ RunTime:0.008431s ]

[ 2014-12-07T11:39:05+08:00 ] 0.0.0.0 /jyb/index.php/Admin/Alljob/show/id/1
INFO: [ route_check ] --START--
INFO: CheckRoute Behavior ::run [ RunTime:0.001747s ]
INFO: [ route_check ] --END-- [ RunTime:0.001956s ]
INFO: [ app_begin ] --START--
INFO: ReadHtmlCache Behavior ::run [ RunTime:0.001305s ]
INFO: [ app_begin ] --END-- [ RunTime:0.001501s ]
NOTIC: [2048] Declaration of AlljobAction::show() should be compatible with that of Action::show() E:\PHP\jyb\APP\Modules\Admin\Action\AlljobAction.class.php 第 2 行.
SQL: SHOW COLUMNS FROM `hd_join` [ RunTime:0.020728s ]
SQL: SELECT * FROM `hd_join` WHERE ( `timeid` = 1 )  [ RunTime:0.002883s ]
SQL: SHOW COLUMNS FROM `hd_user` [ RunTime:0.020367s ]
SQL: SELECT `cname`,`class` FROM `hd_user` WHERE ( 1=1 AND id='1' ) LIMIT 1   [ RunTime:0.003237s ]
INFO: [ view_parse ] --START--
INFO: ParseTemplate Behavior ::run [ RunTime:0.044073s ]
INFO: [ view_parse ] --END-- [ RunTime:0.044536s ]
INFO: [ view_filter ] --START--
INFO: ContentReplace Behavior ::run [ RunTime:0.002429s ]
INFO: TokenBuild Behavior ::run [ RunTime:0.002533s ]
INFO: WriteHtmlCache Behavior ::run [ RunTime:0.002350s ]
INFO: ShowRuntime Behavior ::run [ RunTime:0.003077s ]
INFO: [ view_filter ] --END-- [ RunTime:0.011590s ]
INFO: [ view_end ] --START--
INFO: ShowPageTrace Behavior ::run [ RunTime:0.003793s ]
INFO: [ view_end ] --END-- [ RunTime:0.004230s ]

[ 2014-12-07T11:42:36+08:00 ] 0.0.0.0 /jyb/index.php/Admin/Alljob/show/id/1
INFO: [ route_check ] --START--
INFO: CheckRoute Behavior ::run [ RunTime:0.005463s ]
INFO: [ route_check ] --END-- [ RunTime:0.005967s ]
INFO: [ app_begin ] --START--
INFO: ReadHtmlCache Behavior ::run [ RunTime:0.002653s ]
INFO: [ app_begin ] --END-- [ RunTime:0.003006s ]
NOTIC: [2048] Declaration of AlljobAction::show() should be compatible with that of Action::show() E:\PHP\jyb\APP\Modules\Admin\Action\AlljobAction.class.php 第 2 行.
SQL: SHOW COLUMNS FROM `hd_join` [ RunTime:0.023266s ]
SQL: SELECT * FROM `hd_join` WHERE ( `timeid` = 1 )  [ RunTime:0.003437s ]
SQL: SHOW COLUMNS FROM `hd_user` [ RunTime:0.020295s ]
SQL: SELECT `cname`,`class` FROM `hd_user` WHERE ( 1=1 AND id='1' ) LIMIT 1   [ RunTime:0.003397s ]
INFO: [ view_parse ] --START--

[ 2014-12-07T11:43:15+08:00 ] 0.0.0.0 /jyb/index.php/Admin/Alljob/show/id/1
INFO: [ route_check ] --START--
INFO: CheckRoute Behavior ::run [ RunTime:0.003635s ]
INFO: [ route_check ] --END-- [ RunTime:0.004151s ]
INFO: [ app_begin ] --START--
INFO: ReadHtmlCache Behavior ::run [ RunTime:0.002664s ]
INFO: [ app_begin ] --END-- [ RunTime:0.002997s ]
NOTIC: [2048] Declaration of AlljobAction::show() should be compatible with that of Action::show() E:\PHP\jyb\APP\Modules\Admin\Action\AlljobAction.class.php 第 2 行.
SQL: SHOW COLUMNS FROM `hd_join` [ RunTime:0.025686s ]
SQL: SELECT * FROM `hd_join` WHERE ( `timeid` = 1 )  [ RunTime:0.003708s ]
SQL: SHOW COLUMNS FROM `hd_user` [ RunTime:0.019655s ]
SQL: SELECT `cname`,`class` FROM `hd_user` WHERE ( 1=1 AND id='1' ) LIMIT 1   [ RunTime:0.002958s ]
INFO: [ view_parse ] --START--

[ 2014-12-07T11:43:18+08:00 ] 0.0.0.0 /jyb/index.php/Admin/Alljob/show/id/1
INFO: [ route_check ] --START--
INFO: CheckRoute Behavior ::run [ RunTime:0.002446s ]
INFO: [ route_check ] --END-- [ RunTime:0.002848s ]
INFO: [ app_begin ] --START--
INFO: ReadHtmlCache Behavior ::run [ RunTime:0.002051s ]
INFO: [ app_begin ] --END-- [ RunTime:0.002470s ]
NOTIC: [2048] Declaration of AlljobAction::show() should be compatible with that of Action::show() E:\PHP\jyb\APP\Modules\Admin\Action\AlljobAction.class.php 第 2 行.
SQL: SHOW COLUMNS FROM `hd_join` [ RunTime:0.016493s ]
SQL: SELECT * FROM `hd_join` WHERE ( `timeid` = 1 )  [ RunTime:0.001997s ]
SQL: SHOW COLUMNS FROM `hd_user` [ RunTime:0.020805s ]
SQL: SELECT `cname`,`class` FROM `hd_user` WHERE ( 1=1 AND id='1' ) LIMIT 1   [ RunTime:0.001998s ]
INFO: [ view_parse ] --START--

[ 2014-12-07T11:45:42+08:00 ] 0.0.0.0 /jyb/index.php/Admin/Alljob/show/id/1
INFO: [ route_check ] --START--
INFO: CheckRoute Behavior ::run [ RunTime:0.004671s ]
INFO: [ route_check ] --END-- [ RunTime:0.005320s ]
INFO: [ app_begin ] --START--
INFO: ReadHtmlCache Behavior ::run [ RunTime:0.002496s ]
INFO: [ app_begin ] --END-- [ RunTime:0.002987s ]
NOTIC: [2048] Declaration of AlljobAction::show() should be compatible with that of Action::show() E:\PHP\jyb\APP\Modules\Admin\Action\AlljobAction.class.php 第 2 行.
SQL: SHOW COLUMNS FROM `hd_join` [ RunTime:0.018930s ]
SQL: SELECT * FROM `hd_join` WHERE ( `timeid` = 1 )  [ RunTime:0.002245s ]
SQL: SHOW COLUMNS FROM `hd_user` [ RunTime:0.019222s ]
SQL: SELECT `cname`,`class` FROM `hd_user` WHERE ( 1=1 AND id='1' ) LIMIT 1   [ RunTime:0.002905s ]
INFO: [ view_parse ] --START--
INFO: ParseTemplate Behavior ::run [ RunTime:0.046393s ]
INFO: [ view_parse ] --END-- [ RunTime:0.046745s ]
INFO: [ view_filter ] --START--
INFO: ContentReplace Behavior ::run [ RunTime:0.001924s ]
INFO: TokenBuild Behavior ::run [ RunTime:0.002536s ]
INFO: WriteHtmlCache Behavior ::run [ RunTime:0.002012s ]
INFO: ShowRuntime Behavior ::run [ RunTime:0.002864s ]
INFO: [ view_filter ] --END-- [ RunTime:0.010347s ]
INFO: [ view_end ] --START--
INFO: ShowPageTrace Behavior ::run [ RunTime:0.002869s ]
INFO: [ view_end ] --END-- [ RunTime:0.003268s ]

[ 2014-12-07T15:10:26+08:00 ] 0.0.0.0 /jyb/
INFO: [ app_begin ] --START--
INFO: ReadHtmlCache Behavior ::run [ RunTime:0.003687s ]
INFO: [ app_begin ] --END-- [ RunTime:0.004138s ]
ERR: 无法加载模块:Index

[ 2014-12-07T15:11:07+08:00 ] 0.0.0.0 /jyb/
INFO: [ app_begin ] --START--
INFO: ReadHtmlCache Behavior ::run [ RunTime:0.001686s ]
INFO: [ app_begin ] --END-- [ RunTime:0.004257s ]
INFO: [ view_parse ] --START--
INFO: ParseTemplate Behavior ::run [ RunTime:0.206591s ]
INFO: [ view_parse ] --END-- [ RunTime:0.206883s ]
INFO: [ view_filter ] --START--
INFO: ContentReplace Behavior ::run [ RunTime:0.003033s ]
INFO: TokenBuild Behavior ::run [ RunTime:0.021077s ]
INFO: WriteHtmlCache Behavior ::run [ RunTime:0.001757s ]
INFO: ShowRuntime Behavior ::run [ RunTime:0.001727s ]
INFO: [ view_filter ] --END-- [ RunTime:0.028684s ]
INFO: [ view_end ] --START--
INFO: ShowPageTrace Behavior ::run [ RunTime:0.069658s ]
INFO: [ view_end ] --END-- [ RunTime:0.070203s ]

[ 2014-12-07T15:11:15+08:00 ] 0.0.0.0 /jyb/
INFO: [ app_begin ] --START--
INFO: ReadHtmlCache Behavior ::run [ RunTime:0.002834s ]
INFO: [ app_begin ] --END-- [ RunTime:0.003158s ]
INFO: [ view_parse ] --START--
INFO: ParseTemplate Behavior ::run [ RunTime:0.033408s ]
INFO: [ view_parse ] --END-- [ RunTime:0.033710s ]
INFO: [ view_filter ] --START--
INFO: ContentReplace Behavior ::run [ RunTime:0.006202s ]
INFO: TokenBuild Behavior ::run [ RunTime:0.002044s ]
INFO: WriteHtmlCache Behavior ::run [ RunTime:0.001321s ]
INFO: ShowRuntime Behavior ::run [ RunTime:0.002191s ]
INFO: [ view_filter ] --END-- [ RunTime:0.012730s ]
INFO: [ view_end ] --START--
INFO: ShowPageTrace Behavior ::run [ RunTime:0.004027s ]
INFO: [ view_end ] --END-- [ RunTime:0.004372s ]

[ 2014-12-07T15:11:16+08:00 ] 0.0.0.0 /jyb/
INFO: [ app_begin ] --START--
INFO: ReadHtmlCache Behavior ::run [ RunTime:0.002119s ]
INFO: [ app_begin ] --END-- [ RunTime:0.002416s ]
INFO: [ view_parse ] --START--
INFO: ParseTemplate Behavior ::run [ RunTime:0.026375s ]
INFO: [ view_parse ] --END-- [ RunTime:0.026680s ]
INFO: [ view_filter ] --START--
INFO: ContentReplace Behavior ::run [ RunTime:0.001392s ]
INFO: TokenBuild Behavior ::run [ RunTime:0.000878s ]
INFO: WriteHtmlCache Behavior ::run [ RunTime:0.000688s ]
INFO: ShowRuntime Behavior ::run [ RunTime:0.002480s ]
INFO: [ view_filter ] --END-- [ RunTime:0.005884s ]
INFO: [ view_end ] --START--
INFO: ShowPageTrace Behavior ::run [ RunTime:0.003356s ]
INFO: [ view_end ] --END-- [ RunTime:0.004010s ]

[ 2014-12-07T15:11:17+08:00 ] 0.0.0.0 /jyb/
INFO: [ app_begin ] --START--
INFO: ReadHtmlCache Behavior ::run [ RunTime:0.011681s ]
INFO: [ app_begin ] --END-- [ RunTime:0.012284s ]
INFO: [ view_parse ] --START--
INFO: ParseTemplate Behavior ::run [ RunTime:0.072654s ]
INFO: [ view_parse ] --END-- [ RunTime:0.072950s ]
INFO: [ view_filter ] --START--
INFO: ContentReplace Behavior ::run [ RunTime:0.001886s ]
INFO: TokenBuild Behavior ::run [ RunTime:0.001842s ]
INFO: WriteHtmlCache Behavior ::run [ RunTime:0.006868s ]
INFO: ShowRuntime Behavior ::run [ RunTime:0.003560s ]
INFO: [ view_filter ] --END-- [ RunTime:0.018660s ]
INFO: [ view_end ] --START--
INFO: ShowPageTrace Behavior ::run [ RunTime:0.014925s ]
INFO: [ view_end ] --END-- [ RunTime:0.017612s ]

[ 2014-12-07T15:11:18+08:00 ] 0.0.0.0 /jyb/
INFO: [ app_begin ] --START--
INFO: ReadHtmlCache Behavior ::run [ RunTime:0.001745s ]
INFO: [ app_begin ] --END-- [ RunTime:0.002098s ]
INFO: [ view_parse ] --START--
INFO: ParseTemplate Behavior ::run [ RunTime:0.048176s ]
INFO: [ view_parse ] --END-- [ RunTime:0.049687s ]
INFO: [ view_filter ] --START--
INFO: ContentReplace Behavior ::run [ RunTime:0.001747s ]
INFO: TokenBuild Behavior ::run [ RunTime:0.001629s ]
INFO: WriteHtmlCache Behavior ::run [ RunTime:0.001115s ]
INFO: ShowRuntime Behavior ::run [ RunTime:0.001787s ]
INFO: [ view_filter ] --END-- [ RunTime:0.007149s ]
INFO: [ view_end ] --START--
INFO: ShowPageTrace Behavior ::run [ RunTime:0.010145s ]
INFO: [ view_end ] --END-- [ RunTime:0.010990s ]

[ 2014-12-07T15:12:31+08:00 ] 0.0.0.0 /jyb/
INFO: [ app_begin ] --START--
INFO: ReadHtmlCache Behavior ::run [ RunTime:0.001697s ]
INFO: [ app_begin ] --END-- [ RunTime:0.001982s ]

[ 2014-12-07T15:12:31+08:00 ] 0.0.0.0 /jyb/index.php/Index/Login/index.html
INFO: [ route_check ] --START--
INFO: CheckRoute Behavior ::run [ RunTime:0.018280s ]
INFO: [ route_check ] --END-- [ RunTime:0.018531s ]
INFO: [ app_begin ] --START--
INFO: ReadHtmlCache Behavior ::run [ RunTime:0.001306s ]
INFO: [ app_begin ] --END-- [ RunTime:0.001492s ]
INFO: [ view_parse ] --START--
INFO: ParseTemplate Behavior ::run [ RunTime:0.019457s ]
INFO: [ view_parse ] --END-- [ RunTime:0.019675s ]
INFO: [ view_filter ] --START--
INFO: ContentReplace Behavior ::run [ RunTime:0.001135s ]
INFO: TokenBuild Behavior ::run [ RunTime:0.001240s ]
INFO: WriteHtmlCache Behavior ::run [ RunTime:0.000903s ]
INFO: ShowRuntime Behavior ::run [ RunTime:0.001427s ]
INFO: [ view_filter ] --END-- [ RunTime:0.005356s ]
INFO: [ view_end ] --START--
INFO: ShowPageTrace Behavior ::run [ RunTime:0.001686s ]
INFO: [ view_end ] --END-- [ RunTime:0.001901s ]

[ 2014-12-07T15:12:43+08:00 ] 0.0.0.0 /jyb/index.php/Index/Login/index.html
INFO: [ route_check ] --START--
INFO: CheckRoute Behavior ::run [ RunTime:0.005736s ]
INFO: [ route_check ] --END-- [ RunTime:0.006501s ]
INFO: [ app_begin ] --START--
INFO: ReadHtmlCache Behavior ::run [ RunTime:0.003625s ]
INFO: [ app_begin ] --END-- [ RunTime:0.004143s ]
INFO: [ view_parse ] --START--
INFO: ParseTemplate Behavior ::run [ RunTime:0.049964s ]
INFO: [ view_parse ] --END-- [ RunTime:0.050486s ]
INFO: [ view_filter ] --START--
INFO: ContentReplace Behavior ::run [ RunTime:0.001704s ]
INFO: TokenBuild Behavior ::run [ RunTime:0.001856s ]
INFO: WriteHtmlCache Behavior ::run [ RunTime:0.001309s ]
INFO: ShowRuntime Behavior ::run [ RunTime:0.004687s ]
INFO: [ view_filter ] --END-- [ RunTime:0.010361s ]
INFO: [ view_end ] --START--
INFO: ShowPageTrace Behavior ::run [ RunTime:0.002702s ]
INFO: [ view_end ] --END-- [ RunTime:0.003074s ]

[ 2014-12-07T15:12:44+08:00 ] 0.0.0.0 /jyb/index.php/Index/Login/index.html
INFO: [ route_check ] --START--
INFO: CheckRoute Behavior ::run [ RunTime:0.006311s ]
INFO: [ route_check ] --END-- [ RunTime:0.006784s ]
INFO: [ app_begin ] --START--
INFO: ReadHtmlCache Behavior ::run [ RunTime:0.002226s ]
INFO: [ app_begin ] --END-- [ RunTime:0.002733s ]
INFO: [ view_parse ] --START--
INFO: ParseTemplate Behavior ::run [ RunTime:0.024283s ]
INFO: [ view_parse ] --END-- [ RunTime:0.024835s ]
INFO: [ view_filter ] --START--
INFO: ContentReplace Behavior ::run [ RunTime:0.001883s ]
INFO: TokenBuild Behavior ::run [ RunTime:0.003413s ]
INFO: WriteHtmlCache Behavior ::run [ RunTime:0.001544s ]
INFO: ShowRuntime Behavior ::run [ RunTime:0.003145s ]
INFO: [ view_filter ] --END-- [ RunTime:0.011595s ]
INFO: [ view_end ] --START--
INFO: ShowPageTrace Behavior ::run [ RunTime:0.003259s ]
INFO: [ view_end ] --END-- [ RunTime:0.003841s ]

[ 2014-12-07T15:12:45+08:00 ] 0.0.0.0 /jyb/index.php/Index/Login/index.html
INFO: [ route_check ] --START--
INFO: CheckRoute Behavior ::run [ RunTime:0.001570s ]
INFO: [ route_check ] --END-- [ RunTime:0.001835s ]
INFO: [ app_begin ] --START--
INFO: ReadHtmlCache Behavior ::run [ RunTime:0.001009s ]
INFO: [ app_begin ] --END-- [ RunTime:0.001151s ]
INFO: [ view_parse ] --START--
INFO: ParseTemplate Behavior ::run [ RunTime:0.015543s ]
INFO: [ view_parse ] --END-- [ RunTime:0.015880s ]
INFO: [ view_filter ] --START--
INFO: ContentReplace Behavior ::run [ RunTime:0.001102s ]
INFO: TokenBuild Behavior ::run [ RunTime:0.001070s ]
INFO: WriteHtmlCache Behavior ::run [ RunTime:0.000984s ]
INFO: ShowRuntime Behavior ::run [ RunTime:0.001345s ]
INFO: [ view_filter ] --END-- [ RunTime:0.005134s ]
INFO: [ view_end ] --START--
INFO: ShowPageTrace Behavior ::run [ RunTime:0.001468s ]
INFO: [ view_end ] --END-- [ RunTime:0.001666s ]

[ 2014-12-07T15:12:46+08:00 ] 0.0.0.0 /jyb/index.php/Index/Login/index.html
INFO: [ route_check ] --START--
INFO: CheckRoute Behavior ::run [ RunTime:0.010886s ]
INFO: [ route_check ] --END-- [ RunTime:0.011376s ]
INFO: [ app_begin ] --START--
INFO: ReadHtmlCache Behavior ::run [ RunTime:0.002294s ]
INFO: [ app_begin ] --END-- [ RunTime:0.002643s ]
INFO: [ view_parse ] --START--
INFO: ParseTemplate Behavior ::run [ RunTime:0.038827s ]
INFO: [ view_parse ] --END-- [ RunTime:0.039508s ]
INFO: [ view_filter ] --START--
INFO: ContentReplace Behavior ::run [ RunTime:0.001703s ]
INFO: TokenBuild Behavior ::run [ RunTime:0.001524s ]
INFO: WriteHtmlCache Behavior ::run [ RunTime:0.001492s ]
INFO: ShowRuntime Behavior ::run [ RunTime:0.004090s ]
INFO: [ view_filter ] --END-- [ RunTime:0.009937s ]
INFO: [ view_end ] --START--
INFO: ShowPageTrace Behavior ::run [ RunTime:0.004592s ]
INFO: [ view_end ] --END-- [ RunTime:0.006097s ]

[ 2014-12-07T15:12:47+08:00 ] 0.0.0.0 /jyb/index.php/Index/Login/index.html
INFO: [ route_check ] --START--
INFO: CheckRoute Behavior ::run [ RunTime:0.003342s ]
INFO: [ route_check ] --END-- [ RunTime:0.003705s ]
INFO: [ app_begin ] --START--
INFO: ReadHtmlCache Behavior ::run [ RunTime:0.001678s ]
INFO: [ app_begin ] --END-- [ RunTime:0.001924s ]
INFO: [ view_parse ] --START--
INFO: ParseTemplate Behavior ::run [ RunTime:0.028411s ]
INFO: [ view_parse ] --END-- [ RunTime:0.028651s ]
INFO: [ view_filter ] --START--
INFO: ContentReplace Behavior ::run [ RunTime:0.001077s ]
INFO: TokenBuild Behavior ::run [ RunTime:0.001022s ]
INFO: WriteHtmlCache Behavior ::run [ RunTime:0.000749s ]
INFO: ShowRuntime Behavior ::run [ RunTime:0.001187s ]
INFO: [ view_filter ] --END-- [ RunTime:0.004580s ]
INFO: [ view_end ] --START--
INFO: ShowPageTrace Behavior ::run [ RunTime:0.001826s ]
INFO: [ view_end ] --END-- [ RunTime:0.002542s ]

[ 2014-12-07T15:13:45+08:00 ] 0.0.0.0 /jyb/index.php/Index/Login/index.html
INFO: [ route_check ] --START--
INFO: CheckRoute Behavior ::run [ RunTime:0.004256s ]
INFO: [ route_check ] --END-- [ RunTime:0.004836s ]
INFO: [ app_begin ] --START--
INFO: ReadHtmlCache Behavior ::run [ RunTime:0.002933s ]
INFO: [ app_begin ] --END-- [ RunTime:0.003489s ]
INFO: [ view_parse ] --START--
INFO: ParseTemplate Behavior ::run [ RunTime:0.050894s ]
INFO: [ view_parse ] --END-- [ RunTime:0.051742s ]
INFO: [ view_filter ] --START--
INFO: ContentReplace Behavior ::run [ RunTime:0.002503s ]
INFO: TokenBuild Behavior ::run [ RunTime:0.005009s ]
INFO: WriteHtmlCache Behavior ::run [ RunTime:0.007293s ]
INFO: ShowRuntime Behavior ::run [ RunTime:0.013234s ]
INFO: [ view_filter ] --END-- [ RunTime:0.037522s ]
INFO: [ view_end ] --START--
INFO: ShowPageTrace Behavior ::run [ RunTime:0.005535s ]
INFO: [ view_end ] --END-- [ RunTime:0.006681s ]

[ 2014-12-07T15:16:19+08:00 ] 0.0.0.0 /jyb/index.php/Index/Login/index.html
INFO: [ route_check ] --START--
INFO: CheckRoute Behavior ::run [ RunTime:0.004950s ]
INFO: [ route_check ] --END-- [ RunTime:0.005361s ]
INFO: [ app_begin ] --START--
INFO: ReadHtmlCache Behavior ::run [ RunTime:0.002573s ]
INFO: [ app_begin ] --END-- [ RunTime:0.002875s ]
INFO: [ view_parse ] --START--
INFO: ParseTemplate Behavior ::run [ RunTime:0.032825s ]
INFO: [ view_parse ] --END-- [ RunTime:0.033168s ]
INFO: [ view_filter ] --START--
INFO: ContentReplace Behavior ::run [ RunTime:0.001715s ]
INFO: TokenBuild Behavior ::run [ RunTime:0.001337s ]
INFO: WriteHtmlCache Behavior ::run [ RunTime:0.001409s ]
INFO: ShowRuntime Behavior ::run [ RunTime:0.002931s ]
INFO: [ view_filter ] --END-- [ RunTime:0.008124s ]
INFO: [ view_end ] --START--
INFO: ShowPageTrace Behavior ::run [ RunTime:0.003514s ]
INFO: [ view_end ] --END-- [ RunTime:0.003835s ]

[ 2014-12-07T15:17:14+08:00 ] 0.0.0.0 /jyb/index.php/Index/Login/index.html
INFO: [ route_check ] --START--
INFO: CheckRoute Behavior ::run [ RunTime:0.008223s ]
INFO: [ route_check ] --END-- [ RunTime:0.008748s ]
INFO: [ app_begin ] --START--
INFO: ReadHtmlCache Behavior ::run [ RunTime:0.005911s ]
INFO: [ app_begin ] --END-- [ RunTime:0.006379s ]
INFO: [ view_parse ] --START--
INFO: ParseTemplate Behavior ::run [ RunTime:0.054235s ]
INFO: [ view_parse ] --END-- [ RunTime:0.055447s ]
INFO: [ view_filter ] --START--
INFO: ContentReplace Behavior ::run [ RunTime:0.002986s ]
INFO: TokenBuild Behavior ::run [ RunTime:0.002841s ]
INFO: WriteHtmlCache Behavior ::run [ RunTime:0.002580s ]
INFO: ShowRuntime Behavior ::run [ RunTime:0.002821s ]
INFO: [ view_filter ] --END-- [ RunTime:0.012432s ]
INFO: [ view_end ] --START--
INFO: ShowPageTrace Behavior ::run [ RunTime:0.008201s ]
INFO: [ view_end ] --END-- [ RunTime:0.008628s ]

[ 2014-12-07T15:18:55+08:00 ] 0.0.0.0 /jyb/index.php/Index/Login/index.html
INFO: [ route_check ] --START--
INFO: CheckRoute Behavior ::run [ RunTime:0.002283s ]
INFO: [ route_check ] --END-- [ RunTime:0.002566s ]
INFO: [ app_begin ] --START--
INFO: ReadHtmlCache Behavior ::run [ RunTime:0.001540s ]
INFO: [ app_begin ] --END-- [ RunTime:0.001731s ]
INFO: [ view_parse ] --START--
INFO: ParseTemplate Behavior ::run [ RunTime:0.025613s ]
INFO: [ view_parse ] --END-- [ RunTime:0.025876s ]
INFO: [ view_filter ] --START--
INFO: ContentReplace Behavior ::run [ RunTime:0.001417s ]
INFO: TokenBuild Behavior ::run [ RunTime:0.001386s ]
INFO: WriteHtmlCache Behavior ::run [ RunTime:0.001397s ]
INFO: ShowRuntime Behavior ::run [ RunTime:0.004085s ]
INFO: [ view_filter ] --END-- [ RunTime:0.008947s ]
INFO: [ view_end ] --START--
INFO: ShowPageTrace Behavior ::run [ RunTime:0.001549s ]
INFO: [ view_end ] --END-- [ RunTime:0.001818s ]

[ 2014-12-07T15:28:20+08:00 ] 0.0.0.0 /jyb/index.php/Index/Login/index.html
INFO: [ route_check ] --START--
INFO: CheckRoute Behavior ::run [ RunTime:0.001497s ]
INFO: [ route_check ] --END-- [ RunTime:0.001690s ]
INFO: [ app_begin ] --START--
INFO: ReadHtmlCache Behavior ::run [ RunTime:0.001186s ]
INFO: [ app_begin ] --END-- [ RunTime:0.001341s ]
INFO: [ view_parse ] --START--
INFO: ParseTemplate Behavior ::run [ RunTime:0.012600s ]
INFO: [ view_parse ] --END-- [ RunTime:0.012747s ]
INFO: [ view_filter ] --START--
INFO: ContentReplace Behavior ::run [ RunTime:0.000722s ]
INFO: TokenBuild Behavior ::run [ RunTime:0.000782s ]
INFO: WriteHtmlCache Behavior ::run [ RunTime:0.000583s ]
INFO: ShowRuntime Behavior ::run [ RunTime:0.000751s ]
INFO: [ view_filter ] --END-- [ RunTime:0.003124s ]
INFO: [ view_end ] --START--
INFO: ShowPageTrace Behavior ::run [ RunTime:0.001367s ]
INFO: [ view_end ] --END-- [ RunTime:0.001562s ]

[ 2014-12-07T15:30:14+08:00 ] 0.0.0.0 /jyb/index.php/Index/Login/index.html
INFO: [ route_check ] --START--
INFO: CheckRoute Behavior ::run [ RunTime:0.003193s ]
INFO: [ route_check ] --END-- [ RunTime:0.003590s ]
INFO: [ app_begin ] --START--
INFO: ReadHtmlCache Behavior ::run [ RunTime:0.002652s ]
INFO: [ app_begin ] --END-- [ RunTime:0.002969s ]
INFO: [ view_parse ] --START--
INFO: ParseTemplate Behavior ::run [ RunTime:0.030264s ]
INFO: [ view_parse ] --END-- [ RunTime:0.030603s ]
INFO: [ view_filter ] --START--
INFO: ContentReplace Behavior ::run [ RunTime:0.002116s ]
INFO: TokenBuild Behavior ::run [ RunTime:0.001563s ]
INFO: WriteHtmlCache Behavior ::run [ RunTime:0.001096s ]
INFO: ShowRuntime Behavior ::run [ RunTime:0.005280s ]
INFO: [ view_filter ] --END-- [ RunTime:0.010899s ]
INFO: [ view_end ] --START--
INFO: ShowPageTrace Behavior ::run [ RunTime:0.004094s ]
INFO: [ view_end ] --END-- [ RunTime:0.004477s ]

[ 2014-12-07T15:30:29+08:00 ] 0.0.0.0 /jyb/index.php/Index/Login/index.html
INFO: [ route_check ] --START--
INFO: CheckRoute Behavior ::run [ RunTime:0.004207s ]
INFO: [ route_check ] --END-- [ RunTime:0.004948s ]
INFO: [ app_begin ] --START--
INFO: ReadHtmlCache Behavior ::run [ RunTime:0.002688s ]
INFO: [ app_begin ] --END-- [ RunTime:0.003160s ]
INFO: [ view_parse ] --START--
INFO: ParseTemplate Behavior ::run [ RunTime:0.064980s ]
INFO: [ view_parse ] --END-- [ RunTime:0.065262s ]
INFO: [ view_filter ] --START--
INFO: ContentReplace Behavior ::run [ RunTime:0.001761s ]
INFO: TokenBuild Behavior ::run [ RunTime:0.002632s ]
INFO: WriteHtmlCache Behavior ::run [ RunTime:0.002084s ]
INFO: ShowRuntime Behavior ::run [ RunTime:0.003760s ]
INFO: [ view_filter ] --END-- [ RunTime:0.011352s ]
INFO: [ view_end ] --START--
INFO: ShowPageTrace Behavior ::run [ RunTime:0.005953s ]
INFO: [ view_end ] --END-- [ RunTime:0.006549s ]

[ 2014-12-07T15:30:37+08:00 ] 0.0.0.0 /jyb/index.php/Index/Register/index.html
INFO: [ route_check ] --START--
INFO: CheckRoute Behavior ::run [ RunTime:0.002755s ]
INFO: [ route_check ] --END-- [ RunTime:0.003128s ]
INFO: [ app_begin ] --START--
INFO: ReadHtmlCache Behavior ::run [ RunTime:0.004634s ]
INFO: [ app_begin ] --END-- [ RunTime:0.005167s ]
ERR: 无法加载模块:Register

[ 2014-12-07T15:36:18+08:00 ] 0.0.0.0 /jyb/index.php/Index/Login/index.html
INFO: [ route_check ] --START--
INFO: CheckRoute Behavior ::run [ RunTime:0.003627s ]
INFO: [ route_check ] --END-- [ RunTime:0.004614s ]
INFO: [ app_begin ] --START--
INFO: ReadHtmlCache Behavior ::run [ RunTime:0.001356s ]
INFO: [ app_begin ] --END-- [ RunTime:0.001523s ]
INFO: [ view_parse ] --START--
INFO: ParseTemplate Behavior ::run [ RunTime:0.030540s ]
INFO: [ view_parse ] --END-- [ RunTime:0.030863s ]
INFO: [ view_filter ] --START--
INFO: ContentReplace Behavior ::run [ RunTime:0.001772s ]
INFO: TokenBuild Behavior ::run [ RunTime:0.001381s ]
INFO: WriteHtmlCache Behavior ::run [ RunTime:0.001088s ]
INFO: ShowRuntime Behavior ::run [ RunTime:0.001504s ]
INFO: [ view_filter ] --END-- [ RunTime:0.006464s ]
INFO: [ view_end ] --START--
INFO: ShowPageTrace Behavior ::run [ RunTime:0.001814s ]
INFO: [ view_end ] --END-- [ RunTime:0.002017s ]

[ 2014-12-07T15:36:25+08:00 ] 0.0.0.0 /jyb/index.php/Index/Login/login.html
INFO: [ route_check ] --START--
INFO: CheckRoute Behavior ::run [ RunTime:0.006724s ]
INFO: [ route_check ] --END-- [ RunTime:0.007167s ]
INFO: [ app_begin ] --START--
INFO: ReadHtmlCache Behavior ::run [ RunTime:0.002462s ]
INFO: [ app_begin ] --END-- [ RunTime:0.002839s ]
SQL: SHOW COLUMNS FROM `hd_user` [ RunTime:0.039069s ]
SQL: SELECT * FROM `hd_user` WHERE ( `username` = '' ) LIMIT 1   [ RunTime:0.001093s ]
INFO: [ view_parse ] --START--
INFO: ParseTemplate Behavior ::run [ RunTime:0.025216s ]
INFO: [ view_parse ] --END-- [ RunTime:0.025634s ]
INFO: [ view_filter ] --START--
INFO: ContentReplace Behavior ::run [ RunTime:0.001841s ]
INFO: TokenBuild Behavior ::run [ RunTime:0.002051s ]
INFO: WriteHtmlCache Behavior ::run [ RunTime:0.002064s ]
INFO: ShowRuntime Behavior ::run [ RunTime:0.002002s ]
INFO: [ view_filter ] --END-- [ RunTime:0.008858s ]
INFO: [ view_end ] --START--
INFO: ShowPageTrace Behavior ::run [ RunTime:0.002374s ]
INFO: [ view_end ] --END-- [ RunTime:0.002572s ]

[ 2014-12-07T15:36:38+08:00 ] 0.0.0.0 /jyb/index.php/Index/Login/login.html
INFO: [ route_check ] --START--
INFO: CheckRoute Behavior ::run [ RunTime:0.002853s ]
INFO: [ route_check ] --END-- [ RunTime:0.003294s ]
INFO: [ app_begin ] --START--
INFO: ReadHtmlCache Behavior ::run [ RunTime:0.002289s ]
INFO: [ app_begin ] --END-- [ RunTime:0.003118s ]
SQL: SHOW COLUMNS FROM `hd_user` [ RunTime:0.013570s ]
SQL: SELECT * FROM `hd_user` WHERE ( `username` = '' ) LIMIT 1   [ RunTime:0.002731s ]
INFO: [ view_parse ] --START--
INFO: ParseTemplate Behavior ::run [ RunTime:0.018341s ]
INFO: [ view_parse ] --END-- [ RunTime:0.018734s ]
INFO: [ view_filter ] --START--
INFO: ContentReplace Behavior ::run [ RunTime:0.001600s ]
INFO: TokenBuild Behavior ::run [ RunTime:0.001613s ]
INFO: WriteHtmlCache Behavior ::run [ RunTime:0.000755s ]
INFO: ShowRuntime Behavior ::run [ RunTime:0.000970s ]
INFO: [ view_filter ] --END-- [ RunTime:0.005494s ]
INFO: [ view_end ] --START--
INFO: ShowPageTrace Behavior ::run [ RunTime:0.001181s ]
INFO: [ view_end ] --END-- [ RunTime:0.001331s ]

[ 2014-12-07T15:36:58+08:00 ] 0.0.0.0 /jyb/index.php/Index/Login/login.html
INFO: [ route_check ] --START--
INFO: CheckRoute Behavior ::run [ RunTime:0.001959s ]
INFO: [ route_check ] --END-- [ RunTime:0.002246s ]
INFO: [ app_begin ] --START--
INFO: ReadHtmlCache Behavior ::run [ RunTime:0.001200s ]
INFO: [ app_begin ] --END-- [ RunTime:0.001398s ]
SQL: SHOW COLUMNS FROM `hd_user` [ RunTime:0.014200s ]
SQL: SELECT * FROM `hd_user` WHERE ( `username` = '' ) LIMIT 1   [ RunTime:0.001772s ]
INFO: [ view_parse ] --START--
INFO: ParseTemplate Behavior ::run [ RunTime:0.018091s ]
INFO: [ view_parse ] --END-- [ RunTime:0.018440s ]
INFO: [ view_filter ] --START--
INFO: ContentReplace Behavior ::run [ RunTime:0.001146s ]
INFO: TokenBuild Behavior ::run [ RunTime:0.001044s ]
INFO: WriteHtmlCache Behavior ::run [ RunTime:0.000640s ]
INFO: ShowRuntime Behavior ::run [ RunTime:0.000934s ]
INFO: [ view_filter ] --END-- [ RunTime:0.004302s ]
INFO: [ view_end ] --START--
INFO: ShowPageTrace Behavior ::run [ RunTime:0.001745s ]
INFO: [ view_end ] --END-- [ RunTime:0.001964s ]

[ 2014-12-07T15:40:53+08:00 ] 0.0.0.0 /jyb/index.php/Index/Login/index.html
INFO: [ route_check ] --START--
INFO: CheckRoute Behavior ::run [ RunTime:0.004477s ]
INFO: [ route_check ] --END-- [ RunTime:0.004923s ]
INFO: [ app_begin ] --START--
INFO: ReadHtmlCache Behavior ::run [ RunTime:0.002234s ]
INFO: [ app_begin ] --END-- [ RunTime:0.002599s ]
INFO: [ view_parse ] --START--
INFO: ParseTemplate Behavior ::run [ RunTime:0.037369s ]
INFO: [ view_parse ] --END-- [ RunTime:0.037736s ]
INFO: [ view_filter ] --START--
INFO: ContentReplace Behavior ::run [ RunTime:0.003506s ]
INFO: TokenBuild Behavior ::run [ RunTime:0.002515s ]
INFO: WriteHtmlCache Behavior ::run [ RunTime:0.001089s ]
INFO: ShowRuntime Behavior ::run [ RunTime:0.002071s ]
INFO: [ view_filter ] --END-- [ RunTime:0.010694s ]
INFO: [ view_end ] --START--
INFO: ShowPageTrace Behavior ::run [ RunTime:0.003674s ]
INFO: [ view_end ] --END-- [ RunTime:0.003962s ]

[ 2014-12-07T15:40:55+08:00 ] 0.0.0.0 /jyb/index.php/Index/Login/login.html
INFO: [ route_check ] --START--
INFO: CheckRoute Behavior ::run [ RunTime:0.003094s ]
INFO: [ route_check ] --END-- [ RunTime:0.003509s ]
INFO: [ app_begin ] --START--
INFO: ReadHtmlCache Behavior ::run [ RunTime:0.003562s ]
INFO: [ app_begin ] --END-- [ RunTime:0.004056s ]
SQL: SHOW COLUMNS FROM `hd_user` [ RunTime:0.022651s ]
SQL: SELECT * FROM `hd_user` WHERE ( `username` = '' ) LIMIT 1   [ RunTime:0.003599s ]
INFO: [ view_parse ] --START--
INFO: ParseTemplate Behavior ::run [ RunTime:0.047254s ]
INFO: [ view_parse ] --END-- [ RunTime:0.047984s ]
INFO: [ view_filter ] --START--
INFO: ContentReplace Behavior ::run [ RunTime:0.004359s ]
INFO: TokenBuild Behavior ::run [ RunTime:0.003685s ]
INFO: WriteHtmlCache Behavior ::run [ RunTime:0.004641s ]
INFO: ShowRuntime Behavior ::run [ RunTime:0.018527s ]
INFO: [ view_filter ] --END-- [ RunTime:0.033405s ]
INFO: [ view_end ] --START--
INFO: ShowPageTrace Behavior ::run [ RunTime:0.005649s ]
INFO: [ view_end ] --END-- [ RunTime:0.006245s ]

[ 2014-12-07T15:41:13+08:00 ] 0.0.0.0 /jyb/index.php/Index/Login/login.html
INFO: [ route_check ] --START--
INFO: CheckRoute Behavior ::run [ RunTime:0.002756s ]
INFO: [ route_check ] --END-- [ RunTime:0.003069s ]
INFO: [ app_begin ] --START--
INFO: ReadHtmlCache Behavior ::run [ RunTime:0.003135s ]
INFO: [ app_begin ] --END-- [ RunTime:0.003609s ]
SQL: SHOW COLUMNS FROM `hd_user` [ RunTime:0.012330s ]
SQL: SELECT * FROM `hd_user` WHERE ( `username` = '' ) LIMIT 1   [ RunTime:0.000879s ]
INFO: [ view_parse ] --START--
INFO: ParseTemplate Behavior ::run [ RunTime:0.024869s ]
INFO: [ view_parse ] --END-- [ RunTime:0.025249s ]
INFO: [ view_filter ] --START--
INFO: ContentReplace Behavior ::run [ RunTime:0.001608s ]
INFO: TokenBuild Behavior ::run [ RunTime:0.001521s ]
INFO: WriteHtmlCache Behavior ::run [ RunTime:0.001238s ]
INFO: ShowRuntime Behavior ::run [ RunTime:0.003194s ]
INFO: [ view_filter ] --END-- [ RunTime:0.009341s ]
INFO: [ view_end ] --START--
INFO: ShowPageTrace Behavior ::run [ RunTime:0.002425s ]
INFO: [ view_end ] --END-- [ RunTime:0.002788s ]

[ 2014-12-07T15:41:33+08:00 ] 0.0.0.0 /jyb/index.php/Index/Login/login.html
INFO: [ route_check ] --START--
INFO: CheckRoute Behavior ::run [ RunTime:0.006638s ]
INFO: [ route_check ] --END-- [ RunTime:0.007032s ]
INFO: [ app_begin ] --START--
INFO: ReadHtmlCache Behavior ::run [ RunTime:0.002667s ]
INFO: [ app_begin ] --END-- [ RunTime:0.002937s ]
SQL: SHOW COLUMNS FROM `hd_user` [ RunTime:0.017797s ]
SQL: SELECT * FROM `hd_user` WHERE ( `username` = '' ) LIMIT 1   [ RunTime:0.002932s ]
INFO: [ view_parse ] --START--
INFO: ParseTemplate Behavior ::run [ RunTime:0.024402s ]
INFO: [ view_parse ] --END-- [ RunTime:0.024839s ]
INFO: [ view_filter ] --START--
INFO: ContentReplace Behavior ::run [ RunTime:0.001178s ]
INFO: TokenBuild Behavior ::run [ RunTime:0.001154s ]
INFO: WriteHtmlCache Behavior ::run [ RunTime:0.002150s ]
INFO: ShowRuntime Behavior ::run [ RunTime:0.002000s ]
INFO: [ view_filter ] --END-- [ RunTime:0.007340s ]
INFO: [ view_end ] --START--
INFO: ShowPageTrace Behavior ::run [ RunTime:0.002851s ]
INFO: [ view_end ] --END-- [ RunTime:0.003109s ]

[ 2014-12-07T15:42:30+08:00 ] 0.0.0.0 /jyb/index.php/Index/Login/login.html
INFO: [ route_check ] --START--
INFO: CheckRoute Behavior ::run [ RunTime:0.008085s ]
INFO: [ route_check ] --END-- [ RunTime:0.008506s ]
INFO: [ app_begin ] --START--
INFO: ReadHtmlCache Behavior ::run [ RunTime:0.002944s ]
INFO: [ app_begin ] --END-- [ RunTime:0.003360s ]
SQL: SHOW COLUMNS FROM `hd_user` [ RunTime:0.015386s ]
SQL: SELECT * FROM `hd_user` WHERE ( `username` = '' ) LIMIT 1   [ RunTime:0.001387s ]
INFO: [ view_parse ] --START--
INFO: ParseTemplate Behavior ::run [ RunTime:0.024578s ]
INFO: [ view_parse ] --END-- [ RunTime:0.025054s ]
INFO: [ view_filter ] --START--
INFO: ContentReplace Behavior ::run [ RunTime:0.001586s ]
INFO: TokenBuild Behavior ::run [ RunTime:0.001525s ]
INFO: WriteHtmlCache Behavior ::run [ RunTime:0.001171s ]
INFO: ShowRuntime Behavior ::run [ RunTime:0.001985s ]
INFO: [ view_filter ] --END-- [ RunTime:0.007354s ]
INFO: [ view_end ] --START--
INFO: ShowPageTrace Behavior ::run [ RunTime:0.001950s ]
INFO: [ view_end ] --END-- [ RunTime:0.002191s ]

[ 2014-12-07T15:42:39+08:00 ] 0.0.0.0 /jyb/index.php/Index/Login/login.html
INFO: [ route_check ] --START--
INFO: CheckRoute Behavior ::run [ RunTime:0.002305s ]
INFO: [ route_check ] --END-- [ RunTime:0.002993s ]
INFO: [ app_begin ] --START--
INFO: ReadHtmlCache Behavior ::run [ RunTime:0.002631s ]
INFO: [ app_begin ] --END-- [ RunTime:0.003164s ]
SQL: SHOW COLUMNS FROM `hd_user` [ RunTime:0.018072s ]
SQL: SELECT * FROM `hd_user` WHERE ( `username` = '' ) LIMIT 1   [ RunTime:0.002007s ]
INFO: [ view_parse ] --START--
INFO: ParseTemplate Behavior ::run [ RunTime:0.024778s ]
INFO: [ view_parse ] --END-- [ RunTime:0.025285s ]
INFO: [ view_filter ] --START--
INFO: ContentReplace Behavior ::run [ RunTime:0.001513s ]
INFO: TokenBuild Behavior ::run [ RunTime:0.001024s ]
INFO: WriteHtmlCache Behavior ::run [ RunTime:0.000736s ]
INFO: ShowRuntime Behavior ::run [ RunTime:0.001210s ]
INFO: [ view_filter ] --END-- [ RunTime:0.005315s ]
INFO: [ view_end ] --START--
INFO: ShowPageTrace Behavior ::run [ RunTime:0.002459s ]
INFO: [ view_end ] --END-- [ RunTime:0.002765s ]

[ 2014-12-07T15:42:45+08:00 ] 0.0.0.0 /jyb/index.php/Index/Login/index.html
INFO: [ route_check ] --START--
INFO: CheckRoute Behavior ::run [ RunTime:0.003623s ]
INFO: [ route_check ] --END-- [ RunTime:0.004013s ]
INFO: [ app_begin ] --START--
INFO: ReadHtmlCache Behavior ::run [ RunTime:0.002508s ]
INFO: [ app_begin ] --END-- [ RunTime:0.002902s ]
INFO: [ view_parse ] --START--
INFO: ParseTemplate Behavior ::run [ RunTime:0.030016s ]
INFO: [ view_parse ] --END-- [ RunTime:0.030432s ]
INFO: [ view_filter ] --START--
INFO: ContentReplace Behavior ::run [ RunTime:0.003470s ]
INFO: TokenBuild Behavior ::run [ RunTime:0.001757s ]
INFO: WriteHtmlCache Behavior ::run [ RunTime:0.000797s ]
INFO: ShowRuntime Behavior ::run [ RunTime:0.001895s ]
INFO: [ view_filter ] --END-- [ RunTime:0.011344s ]
INFO: [ view_end ] --START--
INFO: ShowPageTrace Behavior ::run [ RunTime:0.002043s ]
INFO: [ view_end ] --END-- [ RunTime:0.002299s ]

[ 2014-12-07T15:42:47+08:00 ] 0.0.0.0 /jyb/index.php/Index/Login/login.html
INFO: [ route_check ] --START--
INFO: CheckRoute Behavior ::run [ RunTime:0.062408s ]
INFO: [ route_check ] --END-- [ RunTime:0.064004s ]
INFO: [ app_begin ] --START--
INFO: ReadHtmlCache Behavior ::run [ RunTime:0.002706s ]
INFO: [ app_begin ] --END-- [ RunTime:0.003172s ]
SQL: SHOW COLUMNS FROM `hd_user` [ RunTime:0.014825s ]
SQL: SELECT * FROM `hd_user` WHERE ( `username` = 'xxx' ) LIMIT 1   [ RunTime:0.001297s ]
SQL: UPDATE `hd_user` SET `time`=1417938167,`ip`='0.0.0.0' WHERE ( `id` = 1 ) [ RunTime:0.001386s ]
NOTIC: [8] Undefined index: logintime E:\PHP\jyb\APP\Modules\Index\Action\LoginAction.class.php 第 28 行.
NOTIC: [8] Undefined index: loginip E:\PHP\jyb\APP\Modules\Index\Action\LoginAction.class.php 第 29 行.

[ 2014-12-07T15:42:48+08:00 ] 0.0.0.0 /jyb/index.php
INFO: [ app_begin ] --START--
INFO: ReadHtmlCache Behavior ::run [ RunTime:0.002861s ]
INFO: [ app_begin ] --END-- [ RunTime:0.003295s ]
INFO: [ view_parse ] --START--
INFO: ParseTemplate Behavior ::run [ RunTime:0.050161s ]
INFO: [ view_parse ] --END-- [ RunTime:0.050483s ]
INFO: [ view_filter ] --START--
INFO: ContentReplace Behavior ::run [ RunTime:0.001090s ]
INFO: TokenBuild Behavior ::run [ RunTime:0.002382s ]
INFO: WriteHtmlCache Behavior ::run [ RunTime:0.000923s ]
INFO: ShowRuntime Behavior ::run [ RunTime:0.002134s ]
INFO: [ view_filter ] --END-- [ RunTime:0.007353s ]
INFO: [ view_end ] --START--
INFO: ShowPageTrace Behavior ::run [ RunTime:0.004961s ]
INFO: [ view_end ] --END-- [ RunTime:0.005263s ]

[ 2014-12-07T16:15:53+08:00 ] 0.0.0.0 /jyb/index.php/Index/Register/index.html
INFO: [ route_check ] --START--
INFO: CheckRoute Behavior ::run [ RunTime:0.002745s ]
INFO: [ route_check ] --END-- [ RunTime:0.003155s ]
INFO: [ app_begin ] --START--
INFO: ReadHtmlCache Behavior ::run [ RunTime:0.003873s ]
INFO: [ app_begin ] --END-- [ RunTime:0.004166s ]
INFO: [ view_parse ] --START--
INFO: ParseTemplate Behavior ::run [ RunTime:0.029465s ]
INFO: [ view_parse ] --END-- [ RunTime:0.029729s ]
INFO: [ view_filter ] --START--
INFO: ContentReplace Behavior ::run [ RunTime:0.001130s ]
INFO: TokenBuild Behavior ::run [ RunTime:0.001080s ]
INFO: WriteHtmlCache Behavior ::run [ RunTime:0.000878s ]
INFO: ShowRuntime Behavior ::run [ RunTime:0.001226s ]
INFO: [ view_filter ] --END-- [ RunTime:0.004751s ]
INFO: [ view_end ] --START--
INFO: ShowPageTrace Behavior ::run [ RunTime:0.001881s ]
INFO: [ view_end ] --END-- [ RunTime:0.002127s ]

[ 2014-12-07T16:15:53+08:00 ] 0.0.0.0 /jyb/index.php/Index/Register/css/bootstrap.min.css
INFO: [ route_check ] --START--
INFO: CheckRoute Behavior ::run [ RunTime:0.002958s ]
INFO: [ route_check ] --END-- [ RunTime:0.003308s ]
INFO: [ app_begin ] --START--
INFO: ReadHtmlCache Behavior ::run [ RunTime:0.001554s ]
INFO: [ app_begin ] --END-- [ RunTime:0.001917s ]
ERR: 非法操作:css

[ 2014-12-07T16:15:54+08:00 ] 0.0.0.0 /jyb/index.php/Index/Register/css/templatemo_style.css
INFO: [ route_check ] --START--
INFO: CheckRoute Behavior ::run [ RunTime:0.008290s ]
INFO: [ route_check ] --END-- [ RunTime:0.008677s ]
INFO: [ app_begin ] --START--
INFO: ReadHtmlCache Behavior ::run [ RunTime:0.003809s ]
INFO: [ app_begin ] --END-- [ RunTime:0.004639s ]
ERR: 非法操作:css

[ 2014-12-07T16:15:54+08:00 ] 0.0.0.0 /jyb/index.php/Index/Register/css/bootstrap-theme.min.css
INFO: [ route_check ] --START--
INFO: CheckRoute Behavior ::run [ RunTime:0.041713s ]
INFO: [ route_check ] --END-- [ RunTime:0.042049s ]
INFO: [ app_begin ] --START--
INFO: ReadHtmlCache Behavior ::run [ RunTime:0.004781s ]
INFO: [ app_begin ] --END-- [ RunTime:0.005509s ]
ERR: 非法操作:css

[ 2014-12-07T16:15:54+08:00 ] 0.0.0.0 /jyb/index.php/Index/Register/js/jquery-1.11.1.min.js
INFO: [ route_check ] --START--
INFO: CheckRoute Behavior ::run [ RunTime:0.003040s ]
INFO: [ route_check ] --END-- [ RunTime:0.003454s ]
INFO: [ app_begin ] --START--
INFO: ReadHtmlCache Behavior ::run [ RunTime:0.002052s ]
INFO: [ app_begin ] --END-- [ RunTime:0.002615s ]
ERR: 非法操作:js

[ 2014-12-07T16:15:54+08:00 ] 0.0.0.0 /jyb/index.php/Index/Register/js/bootstrap.min.js
INFO: [ route_check ] --START--
INFO: CheckRoute Behavior ::run [ RunTime:0.004260s ]
INFO: [ route_check ] --END-- [ RunTime:0.004624s ]
INFO: [ app_begin ] --START--
INFO: ReadHtmlCache Behavior ::run [ RunTime:0.002530s ]
INFO: [ app_begin ] --END-- [ RunTime:0.002830s ]
ERR: 非法操作:js

[ 2014-12-07T16:16:21+08:00 ] 0.0.0.0 /jyb/index.php/Index/Register/index.html
INFO: [ route_check ] --START--
INFO: CheckRoute Behavior ::run [ RunTime:0.001185s ]
INFO: [ route_check ] --END-- [ RunTime:0.001339s ]
INFO: [ app_begin ] --START--
INFO: ReadHtmlCache Behavior ::run [ RunTime:0.001099s ]
INFO: [ app_begin ] --END-- [ RunTime:0.001239s ]
INFO: [ view_parse ] --START--
INFO: ParseTemplate Behavior ::run [ RunTime:0.012648s ]
INFO: [ view_parse ] --END-- [ RunTime:0.012824s ]
INFO: [ view_filter ] --START--
INFO: ContentReplace Behavior ::run [ RunTime:0.000677s ]
INFO: TokenBuild Behavior ::run [ RunTime:0.000626s ]
INFO: WriteHtmlCache Behavior ::run [ RunTime:0.001080s ]
INFO: ShowRuntime Behavior ::run [ RunTime:0.001125s ]
INFO: [ view_filter ] --END-- [ RunTime:0.003866s ]
INFO: [ view_end ] --START--
INFO: ShowPageTrace Behavior ::run [ RunTime:0.001295s ]
INFO: [ view_end ] --END-- [ RunTime:0.001459s ]

[ 2014-12-07T16:16:21+08:00 ] 0.0.0.0 /jyb/index.php/Index/Register/js/bootstrap.min.js
INFO: [ route_check ] --START--
INFO: CheckRoute Behavior ::run [ RunTime:0.001542s ]
INFO: [ route_check ] --END-- [ RunTime:0.001759s ]
INFO: [ app_begin ] --START--
INFO: ReadHtmlCache Behavior ::run [ RunTime:0.001068s ]
INFO: [ app_begin ] --END-- [ RunTime:0.001381s ]
ERR: 非法操作:js

[ 2014-12-07T16:16:21+08:00 ] 0.0.0.0 /jyb/index.php/Index/Register/js/jquery-1.11.1.min.js
INFO: [ route_check ] --START--
INFO: CheckRoute Behavior ::run [ RunTime:0.001819s ]
INFO: [ route_check ] --END-- [ RunTime:0.002039s ]
INFO: [ app_begin ] --START--
INFO: ReadHtmlCache Behavior ::run [ RunTime:0.001613s ]
INFO: [ app_begin ] --END-- [ RunTime:0.001816s ]
ERR: 非法操作:js

[ 2014-12-07T16:18:24+08:00 ] 0.0.0.0 /jyb/index.php/Index/Register/index.html
INFO: [ route_check ] --START--
INFO: CheckRoute Behavior ::run [ RunTime:0.003251s ]
INFO: [ route_check ] --END-- [ RunTime:0.003637s ]
INFO: [ app_begin ] --START--
INFO: ReadHtmlCache Behavior ::run [ RunTime:0.006342s ]
INFO: [ app_begin ] --END-- [ RunTime:0.006659s ]
INFO: [ view_parse ] --START--
INFO: ParseTemplate Behavior ::run [ RunTime:0.030246s ]
INFO: [ view_parse ] --END-- [ RunTime:0.030488s ]
INFO: [ view_filter ] --START--
INFO: ContentReplace Behavior ::run [ RunTime:0.001170s ]
INFO: TokenBuild Behavior ::run [ RunTime:0.001027s ]
INFO: WriteHtmlCache Behavior ::run [ RunTime:0.000830s ]
INFO: ShowRuntime Behavior ::run [ RunTime:0.001197s ]
INFO: [ view_filter ] --END-- [ RunTime:0.004766s ]
INFO: [ view_end ] --START--
INFO: ShowPageTrace Behavior ::run [ RunTime:0.006122s ]
INFO: [ view_end ] --END-- [ RunTime:0.008987s ]

[ 2014-12-07T16:18:25+08:00 ] 0.0.0.0 /jyb/index.php/Index/Register/js/bootstrap.min.js
INFO: [ route_check ] --START--
INFO: CheckRoute Behavior ::run [ RunTime:0.002641s ]
INFO: [ route_check ] --END-- [ RunTime:0.002957s ]
INFO: [ app_begin ] --START--
INFO: ReadHtmlCache Behavior ::run [ RunTime:0.002905s ]
INFO: [ app_begin ] --END-- [ RunTime:0.003259s ]
ERR: 非法操作:js

[ 2014-12-07T16:18:25+08:00 ] 0.0.0.0 /jyb/index.php/Index/Register/js/jquery-1.11.1.min.js
INFO: [ route_check ] --START--
INFO: CheckRoute Behavior ::run [ RunTime:0.003006s ]
INFO: [ route_check ] --END-- [ RunTime:0.003382s ]
INFO: [ app_begin ] --START--
INFO: ReadHtmlCache Behavior ::run [ RunTime:0.002269s ]
INFO: [ app_begin ] --END-- [ RunTime:0.002530s ]
ERR: 非法操作:js

[ 2014-12-07T16:31:43+08:00 ] 0.0.0.0 /jyb/index.php/Index/Register/index.html
INFO: [ route_check ] --START--
INFO: CheckRoute Behavior ::run [ RunTime:0.002306s ]
INFO: [ route_check ] --END-- [ RunTime:0.002538s ]
INFO: [ app_begin ] --START--
INFO: ReadHtmlCache Behavior ::run [ RunTime:0.001265s ]
INFO: [ app_begin ] --END-- [ RunTime:0.001426s ]
INFO: [ view_parse ] --START--
INFO: ParseTemplate Behavior ::run [ RunTime:0.016114s ]
INFO: [ view_parse ] --END-- [ RunTime:0.016296s ]
INFO: [ view_filter ] --START--
INFO: ContentReplace Behavior ::run [ RunTime:0.000811s ]
INFO: TokenBuild Behavior ::run [ RunTime:0.000767s ]
INFO: WriteHtmlCache Behavior ::run [ RunTime:0.000810s ]
INFO: ShowRuntime Behavior ::run [ RunTime:0.000801s ]
INFO: [ view_filter ] --END-- [ RunTime:0.003542s ]
INFO: [ view_end ] --START--
INFO: ShowPageTrace Behavior ::run [ RunTime:0.001576s ]
INFO: [ view_end ] --END-- [ RunTime:0.001841s ]

[ 2014-12-07T16:32:11+08:00 ] 0.0.0.0 /jyb/index.php/Index/Register/index.html
INFO: [ route_check ] --START--
INFO: CheckRoute Behavior ::run [ RunTime:0.003386s ]
INFO: [ route_check ] --END-- [ RunTime:0.003723s ]
INFO: [ app_begin ] --START--
INFO: ReadHtmlCache Behavior ::run [ RunTime:0.001919s ]
INFO: [ app_begin ] --END-- [ RunTime:0.002191s ]
INFO: [ view_parse ] --START--
INFO: ParseTemplate Behavior ::run [ RunTime:0.030139s ]
INFO: [ view_parse ] --END-- [ RunTime:0.030416s ]
INFO: [ view_filter ] --START--
INFO: ContentReplace Behavior ::run [ RunTime:0.001415s ]
INFO: TokenBuild Behavior ::run [ RunTime:0.001354s ]
INFO: WriteHtmlCache Behavior ::run [ RunTime:0.000969s ]
INFO: ShowRuntime Behavior ::run [ RunTime:0.001534s ]
INFO: [ view_filter ] --END-- [ RunTime:0.005764s ]
INFO: [ view_end ] --START--
INFO: ShowPageTrace Behavior ::run [ RunTime:0.002261s ]
INFO: [ view_end ] --END-- [ RunTime:0.003021s ]

[ 2014-12-07T16:32:12+08:00 ] 0.0.0.0 /jyb/index.php/Index/Register/index.html
INFO: [ route_check ] --START--
INFO: CheckRoute Behavior ::run [ RunTime:0.002694s ]
INFO: [ route_check ] --END-- [ RunTime:0.003040s ]
INFO: [ app_begin ] --START--
INFO: ReadHtmlCache Behavior ::run [ RunTime:0.001521s ]
INFO: [ app_begin ] --END-- [ RunTime:0.001989s ]
INFO: [ view_parse ] --START--
INFO: ParseTemplate Behavior ::run [ RunTime:0.020779s ]
INFO: [ view_parse ] --END-- [ RunTime:0.021026s ]
INFO: [ view_filter ] --START--
INFO: ContentReplace Behavior ::run [ RunTime:0.001074s ]
INFO: TokenBuild Behavior ::run [ RunTime:0.005743s ]
INFO: WriteHtmlCache Behavior ::run [ RunTime:0.001653s ]
INFO: ShowRuntime Behavior ::run [ RunTime:0.001178s ]
INFO: [ view_filter ] --END-- [ RunTime:0.010557s ]
INFO: [ view_end ] --START--
INFO: ShowPageTrace Behavior ::run [ RunTime:0.001304s ]
INFO: [ view_end ] --END-- [ RunTime:0.001477s ]

[ 2014-12-07T16:32:13+08:00 ] 0.0.0.0 /jyb/index.php/Index/Register/index.html
INFO: [ route_check ] --START--
INFO: CheckRoute Behavior ::run [ RunTime:0.001797s ]
INFO: [ route_check ] --END-- [ RunTime:0.002080s ]
INFO: [ app_begin ] --START--
INFO: ReadHtmlCache Behavior ::run [ RunTime:0.002127s ]
INFO: [ app_begin ] --END-- [ RunTime:0.002720s ]
INFO: [ view_parse ] --START--
INFO: ParseTemplate Behavior ::run [ RunTime:0.016552s ]
INFO: [ view_parse ] --END-- [ RunTime:0.016749s ]
INFO: [ view_filter ] --START--
INFO: ContentReplace Behavior ::run [ RunTime:0.000864s ]
INFO: TokenBuild Behavior ::run [ RunTime:0.000761s ]
INFO: WriteHtmlCache Behavior ::run [ RunTime:0.000575s ]
INFO: ShowRuntime Behavior ::run [ RunTime:0.000921s ]
INFO: [ view_filter ] --END-- [ RunTime:0.003549s ]
INFO: [ view_end ] --START--
INFO: ShowPageTrace Behavior ::run [ RunTime:0.001342s ]
INFO: [ view_end ] --END-- [ RunTime:0.001534s ]

[ 2014-12-07T16:32:13+08:00 ] 0.0.0.0 /jyb/index.php/Index/Register/index.html
INFO: [ route_check ] --START--
INFO: CheckRoute Behavior ::run [ RunTime:0.001870s ]
INFO: [ route_check ] --END-- [ RunTime:0.002148s ]
INFO: [ app_begin ] --START--
INFO: ReadHtmlCache Behavior ::run [ RunTime:0.001425s ]
INFO: [ app_begin ] --END-- [ RunTime:0.001652s ]
INFO: [ view_parse ] --START--
INFO: ParseTemplate Behavior ::run [ RunTime:0.014800s ]
INFO: [ view_parse ] --END-- [ RunTime:0.014969s ]
INFO: [ view_filter ] --START--
INFO: ContentReplace Behavior ::run [ RunTime:0.000666s ]
INFO: TokenBuild Behavior ::run [ RunTime:0.000800s ]
INFO: WriteHtmlCache Behavior ::run [ RunTime:0.000740s ]
INFO: ShowRuntime Behavior ::run [ RunTime:0.001091s ]
INFO: [ view_filter ] --END-- [ RunTime:0.003740s ]
INFO: [ view_end ] --START--
INFO: ShowPageTrace Behavior ::run [ RunTime:0.001743s ]
INFO: [ view_end ] --END-- [ RunTime:0.001950s ]

[ 2014-12-07T16:37:38+08:00 ] 0.0.0.0 /jyb/index.php/Index/Register/index.html
INFO: [ route_check ] --START--
INFO: CheckRoute Behavior ::run [ RunTime:0.002954s ]
INFO: [ route_check ] --END-- [ RunTime:0.003333s ]
INFO: [ app_begin ] --START--
INFO: ReadHtmlCache Behavior ::run [ RunTime:0.001325s ]
INFO: [ app_begin ] --END-- [ RunTime:0.001523s ]
INFO: [ view_parse ] --START--
INFO: ParseTemplate Behavior ::run [ RunTime:0.041328s ]
INFO: [ view_parse ] --END-- [ RunTime:0.041678s ]
INFO: [ view_filter ] --START--
INFO: ContentReplace Behavior ::run [ RunTime:0.001618s ]
INFO: TokenBuild Behavior ::run [ RunTime:0.001496s ]
INFO: WriteHtmlCache Behavior ::run [ RunTime:0.001217s ]
INFO: ShowRuntime Behavior ::run [ RunTime:0.002509s ]
INFO: [ view_filter ] --END-- [ RunTime:0.007536s ]
INFO: [ view_end ] --START--
INFO: ShowPageTrace Behavior ::run [ RunTime:0.004586s ]
INFO: [ view_end ] --END-- [ RunTime:0.004894s ]

[ 2014-12-07T16:37:58+08:00 ] 0.0.0.0 /jyb/index.php/Index/Register/index.html
INFO: [ route_check ] --START--
INFO: CheckRoute Behavior ::run [ RunTime:0.003539s ]
INFO: [ route_check ] --END-- [ RunTime:0.003808s ]
INFO: [ app_begin ] --START--
INFO: ReadHtmlCache Behavior ::run [ RunTime:0.001931s ]
INFO: [ app_begin ] --END-- [ RunTime:0.002324s ]
INFO: [ view_parse ] --START--
INFO: ParseTemplate Behavior ::run [ RunTime:0.025755s ]
INFO: [ view_parse ] --END-- [ RunTime:0.026427s ]
INFO: [ view_filter ] --START--
INFO: ContentReplace Behavior ::run [ RunTime:0.005565s ]
INFO: TokenBuild Behavior ::run [ RunTime:0.001597s ]
INFO: WriteHtmlCache Behavior ::run [ RunTime:0.000899s ]
INFO: ShowRuntime Behavior ::run [ RunTime:0.002769s ]
INFO: [ view_filter ] --END-- [ RunTime:0.011680s ]
INFO: [ view_end ] --START--
INFO: ShowPageTrace Behavior ::run [ RunTime:0.004110s ]
INFO: [ view_end ] --END-- [ RunTime:0.004402s ]

[ 2014-12-07T17:06:52+08:00 ] 0.0.0.0 /jyb/index.php/Index/Register/index.html
INFO: [ route_check ] --START--
INFO: CheckRoute Behavior ::run [ RunTime:0.005550s ]
INFO: [ route_check ] --END-- [ RunTime:0.006059s ]
INFO: [ app_begin ] --START--
INFO: ReadHtmlCache Behavior ::run [ RunTime:0.002818s ]
INFO: [ app_begin ] --END-- [ RunTime:0.003109s ]
INFO: [ view_parse ] --START--
INFO: ParseTemplate Behavior ::run [ RunTime:0.037656s ]
INFO: [ view_parse ] --END-- [ RunTime:0.038323s ]
INFO: [ view_filter ] --START--
INFO: ContentReplace Behavior ::run [ RunTime:0.002281s ]
INFO: TokenBuild Behavior ::run [ RunTime:0.003663s ]
INFO: WriteHtmlCache Behavior ::run [ RunTime:0.004608s ]
INFO: ShowRuntime Behavior ::run [ RunTime:0.002073s ]
INFO: [ view_filter ] --END-- [ RunTime:0.014414s ]
INFO: [ view_end ] --START--
INFO: ShowPageTrace Behavior ::run [ RunTime:0.004483s ]
INFO: [ view_end ] --END-- [ RunTime:0.005040s ]

[ 2014-12-07T17:07:36+08:00 ] 0.0.0.0 /jyb/index.php/Index/Register/index.html
INFO: [ route_check ] --START--
INFO: CheckRoute Behavior ::run [ RunTime:0.005322s ]
INFO: [ route_check ] --END-- [ RunTime:0.005756s ]
INFO: [ app_begin ] --START--
INFO: ReadHtmlCache Behavior ::run [ RunTime:0.002155s ]
INFO: [ app_begin ] --END-- [ RunTime:0.002446s ]
INFO: [ view_parse ] --START--
INFO: ParseTemplate Behavior ::run [ RunTime:0.037421s ]
INFO: [ view_parse ] --END-- [ RunTime:0.037777s ]
INFO: [ view_filter ] --START--
INFO: ContentReplace Behavior ::run [ RunTime:0.002018s ]
INFO: TokenBuild Behavior ::run [ RunTime:0.004310s ]
INFO: WriteHtmlCache Behavior ::run [ RunTime:0.003636s ]
INFO: ShowRuntime Behavior ::run [ RunTime:0.002306s ]
INFO: [ view_filter ] --END-- [ RunTime:0.013296s ]
INFO: [ view_end ] --START--
INFO: ShowPageTrace Behavior ::run [ RunTime:0.003769s ]
INFO: [ view_end ] --END-- [ RunTime:0.004037s ]

[ 2014-12-07T17:10:32+08:00 ] 0.0.0.0 /jyb/index.php/Index/Register/index.html
INFO: [ route_check ] --START--
INFO: CheckRoute Behavior ::run [ RunTime:0.004345s ]
INFO: [ route_check ] --END-- [ RunTime:0.004738s ]
INFO: [ app_begin ] --START--
INFO: ReadHtmlCache Behavior ::run [ RunTime:0.003920s ]
INFO: [ app_begin ] --END-- [ RunTime:0.004284s ]
INFO: [ view_parse ] --START--
INFO: ParseTemplate Behavior ::run [ RunTime:0.036829s ]
INFO: [ view_parse ] --END-- [ RunTime:0.037190s ]
INFO: [ view_filter ] --START--
INFO: ContentReplace Behavior ::run [ RunTime:0.001350s ]
INFO: TokenBuild Behavior ::run [ RunTime:0.001451s ]
INFO: WriteHtmlCache Behavior ::run [ RunTime:0.002108s ]
INFO: ShowRuntime Behavior ::run [ RunTime:0.003475s ]
INFO: [ view_filter ] --END-- [ RunTime:0.009470s ]
INFO: [ view_end ] --START--
INFO: ShowPageTrace Behavior ::run [ RunTime:0.007106s ]
INFO: [ view_end ] --END-- [ RunTime:0.007521s ]

[ 2014-12-07T17:10:40+08:00 ] 0.0.0.0 /jyb/index.php/Index/Register/index.html
INFO: [ route_check ] --START--
INFO: CheckRoute Behavior ::run [ RunTime:0.003553s ]
INFO: [ route_check ] --END-- [ RunTime:0.004522s ]
INFO: [ app_begin ] --START--
INFO: ReadHtmlCache Behavior ::run [ RunTime:0.001971s ]
INFO: [ app_begin ] --END-- [ RunTime:0.002233s ]
INFO: [ view_parse ] --START--
INFO: ParseTemplate Behavior ::run [ RunTime:0.024488s ]
INFO: [ view_parse ] --END-- [ RunTime:0.024824s ]
INFO: [ view_filter ] --START--
INFO: ContentReplace Behavior ::run [ RunTime:0.001429s ]
INFO: TokenBuild Behavior ::run [ RunTime:0.001020s ]
INFO: WriteHtmlCache Behavior ::run [ RunTime:0.001009s ]
INFO: ShowRuntime Behavior ::run [ RunTime:0.001055s ]
INFO: [ view_filter ] --END-- [ RunTime:0.004998s ]
INFO: [ view_end ] --START--
INFO: ShowPageTrace Behavior ::run [ RunTime:0.001398s ]
INFO: [ view_end ] --END-- [ RunTime:0.001532s ]

[ 2014-12-07T17:15:56+08:00 ] 0.0.0.0 /jyb/index.php/Index/Register/index.html
INFO: [ route_check ] --START--
INFO: CheckRoute Behavior ::run [ RunTime:0.011319s ]
INFO: [ route_check ] --END-- [ RunTime:0.011750s ]
INFO: [ app_begin ] --START--
INFO: ReadHtmlCache Behavior ::run [ RunTime:0.001779s ]
INFO: [ app_begin ] --END-- [ RunTime:0.002056s ]
INFO: [ view_parse ] --START--
INFO: ParseTemplate Behavior ::run [ RunTime:0.044822s ]
INFO: [ view_parse ] --END-- [ RunTime:0.045123s ]
INFO: [ view_filter ] --START--
INFO: ContentReplace Behavior ::run [ RunTime:0.002000s ]
INFO: TokenBuild Behavior ::run [ RunTime:0.002030s ]
INFO: WriteHtmlCache Behavior ::run [ RunTime:0.001506s ]
INFO: ShowRuntime Behavior ::run [ RunTime:0.001235s ]
INFO: [ view_filter ] --END-- [ RunTime:0.007395s ]
INFO: [ view_end ] --START--
INFO: ShowPageTrace Behavior ::run [ RunTime:0.001851s ]
INFO: [ view_end ] --END-- [ RunTime:0.002064s ]

[ 2014-12-07T17:16:26+08:00 ] 0.0.0.0 /jyb/index.php/Index/Register/index.html
INFO: [ route_check ] --START--
INFO: CheckRoute Behavior ::run [ RunTime:0.007021s ]
INFO: [ route_check ] --END-- [ RunTime:0.009119s ]
INFO: [ app_begin ] --START--
INFO: ReadHtmlCache Behavior ::run [ RunTime:0.005331s ]
INFO: [ app_begin ] --END-- [ RunTime:0.005778s ]
INFO: [ view_parse ] --START--
INFO: ParseTemplate Behavior ::run [ RunTime:0.042845s ]
INFO: [ view_parse ] --END-- [ RunTime:0.043169s ]
INFO: [ view_filter ] --START--
INFO: ContentReplace Behavior ::run [ RunTime:0.002210s ]
INFO: TokenBuild Behavior ::run [ RunTime:0.001417s ]
INFO: WriteHtmlCache Behavior ::run [ RunTime:0.001016s ]
INFO: ShowRuntime Behavior ::run [ RunTime:0.001384s ]
INFO: [ view_filter ] --END-- [ RunTime:0.006660s ]
INFO: [ view_end ] --START--
INFO: ShowPageTrace Behavior ::run [ RunTime:0.007483s ]
INFO: [ view_end ] --END-- [ RunTime:0.012042s ]

[ 2014-12-07T17:16:55+08:00 ] 0.0.0.0 /jyb/index.php/Index/Register/index.html
INFO: [ route_check ] --START--
INFO: CheckRoute Behavior ::run [ RunTime:0.003921s ]
INFO: [ route_check ] --END-- [ RunTime:0.004311s ]
INFO: [ app_begin ] --START--
INFO: ReadHtmlCache Behavior ::run [ RunTime:0.004111s ]
INFO: [ app_begin ] --END-- [ RunTime:0.005370s ]
INFO: [ view_parse ] --START--
INFO: ParseTemplate Behavior ::run [ RunTime:0.047831s ]
INFO: [ view_parse ] --END-- [ RunTime:0.048098s ]
INFO: [ view_filter ] --START--
INFO: ContentReplace Behavior ::run [ RunTime:0.001504s ]
INFO: TokenBuild Behavior ::run [ RunTime:0.001613s ]
INFO: WriteHtmlCache Behavior ::run [ RunTime:0.001337s ]
INFO: ShowRuntime Behavior ::run [ RunTime:0.001623s ]
INFO: [ view_filter ] --END-- [ RunTime:0.006747s ]
INFO: [ view_end ] --START--
INFO: ShowPageTrace Behavior ::run [ RunTime:0.004796s ]
INFO: [ view_end ] --END-- [ RunTime:0.005362s ]

[ 2014-12-07T17:17:22+08:00 ] 0.0.0.0 /jyb/index.php/Index/Register/index.html
INFO: [ route_check ] --START--
INFO: CheckRoute Behavior ::run [ RunTime:0.003268s ]
INFO: [ route_check ] --END-- [ RunTime:0.003716s ]
INFO: [ app_begin ] --START--
INFO: ReadHtmlCache Behavior ::run [ RunTime:0.002872s ]
INFO: [ app_begin ] --END-- [ RunTime:0.003999s ]
INFO: [ view_parse ] --START--
INFO: ParseTemplate Behavior ::run [ RunTime:0.064928s ]
INFO: [ view_parse ] --END-- [ RunTime:0.065422s ]
INFO: [ view_filter ] --START--
INFO: ContentReplace Behavior ::run [ RunTime:0.001787s ]
INFO: TokenBuild Behavior ::run [ RunTime:0.004384s ]
INFO: WriteHtmlCache Behavior ::run [ RunTime:0.004877s ]
INFO: ShowRuntime Behavior ::run [ RunTime:0.008468s ]
INFO: [ view_filter ] --END-- [ RunTime:0.030380s ]
INFO: [ view_end ] --START--
INFO: ShowPageTrace Behavior ::run [ RunTime:0.002450s ]
INFO: [ view_end ] --END-- [ RunTime:0.003842s ]

[ 2014-12-07T17:18:41+08:00 ] 0.0.0.0 /jyb/index.php/Index/Register/index.html
INFO: [ route_check ] --START--
INFO: CheckRoute Behavior ::run [ RunTime:0.007141s ]
INFO: [ route_check ] --END-- [ RunTime:0.008665s ]
INFO: [ app_begin ] --START--
INFO: ReadHtmlCache Behavior ::run [ RunTime:0.003384s ]
INFO: [ app_begin ] --END-- [ RunTime:0.004394s ]
INFO: [ view_parse ] --START--
INFO: ParseTemplate Behavior ::run [ RunTime:0.058716s ]
INFO: [ view_parse ] --END-- [ RunTime:0.059386s ]
INFO: [ view_filter ] --START--
INFO: ContentReplace Behavior ::run [ RunTime:0.001740s ]
INFO: TokenBuild Behavior ::run [ RunTime:0.001694s ]
INFO: WriteHtmlCache Behavior ::run [ RunTime:0.002129s ]
INFO: ShowRuntime Behavior ::run [ RunTime:0.002469s ]
INFO: [ view_filter ] --END-- [ RunTime:0.008954s ]
INFO: [ view_end ] --START--
INFO: ShowPageTrace Behavior ::run [ RunTime:0.004217s ]
INFO: [ view_end ] --END-- [ RunTime:0.004622s ]

[ 2014-12-07T17:19:22+08:00 ] 0.0.0.0 /jyb/index.php/Index/Register/index.html
INFO: [ route_check ] --START--
INFO: CheckRoute Behavior ::run [ RunTime:0.001882s ]
INFO: [ route_check ] --END-- [ RunTime:0.002092s ]
INFO: [ app_begin ] --START--
INFO: ReadHtmlCache Behavior ::run [ RunTime:0.001293s ]
INFO: [ app_begin ] --END-- [ RunTime:0.001470s ]
INFO: [ view_parse ] --START--
INFO: ParseTemplate Behavior ::run [ RunTime:0.014254s ]
INFO: [ view_parse ] --END-- [ RunTime:0.014453s ]
INFO: [ view_filter ] --START--
INFO: ContentReplace Behavior ::run [ RunTime:0.000947s ]
INFO: TokenBuild Behavior ::run [ RunTime:0.000706s ]
INFO: WriteHtmlCache Behavior ::run [ RunTime:0.000636s ]
INFO: ShowRuntime Behavior ::run [ RunTime:0.001091s ]
INFO: [ view_filter ] --END-- [ RunTime:0.003750s ]
INFO: [ view_end ] --START--
INFO: ShowPageTrace Behavior ::run [ RunTime:0.001320s ]
INFO: [ view_end ] --END-- [ RunTime:0.001456s ]

[ 2014-12-07T17:23:35+08:00 ] 0.0.0.0 /jyb/index.php/Index/Register/index.html
INFO: [ route_check ] --START--
INFO: CheckRoute Behavior ::run [ RunTime:0.017669s ]
INFO: [ route_check ] --END-- [ RunTime:0.018492s ]
INFO: [ app_begin ] --START--
INFO: ReadHtmlCache Behavior ::run [ RunTime:0.004950s ]
INFO: [ app_begin ] --END-- [ RunTime:0.005378s ]
INFO: [ view_parse ] --START--
INFO: ParseTemplate Behavior ::run [ RunTime:0.041971s ]
INFO: [ view_parse ] --END-- [ RunTime:0.042319s ]
INFO: [ view_filter ] --START--
INFO: ContentReplace Behavior ::run [ RunTime:0.002676s ]
INFO: TokenBuild Behavior ::run [ RunTime:0.003484s ]
INFO: WriteHtmlCache Behavior ::run [ RunTime:0.002470s ]
INFO: ShowRuntime Behavior ::run [ RunTime:0.002762s ]
INFO: [ view_filter ] --END-- [ RunTime:0.012560s ]
INFO: [ view_end ] --START--
INFO: ShowPageTrace Behavior ::run [ RunTime:0.003679s ]
INFO: [ view_end ] --END-- [ RunTime:0.004060s ]

[ 2014-12-07T17:25:49+08:00 ] 0.0.0.0 /jyb/index.php/Index/Register/index.html
INFO: [ route_check ] --START--
INFO: CheckRoute Behavior ::run [ RunTime:0.002905s ]
INFO: [ route_check ] --END-- [ RunTime:0.003189s ]
INFO: [ app_begin ] --START--
INFO: ReadHtmlCache Behavior ::run [ RunTime:0.003538s ]
INFO: [ app_begin ] --END-- [ RunTime:0.003899s ]
INFO: [ view_parse ] --START--
INFO: ParseTemplate Behavior ::run [ RunTime:0.043344s ]
INFO: [ view_parse ] --END-- [ RunTime:0.043650s ]
INFO: [ view_filter ] --START--
INFO: ContentReplace Behavior ::run [ RunTime:0.003436s ]
INFO: TokenBuild Behavior ::run [ RunTime:0.002217s ]
INFO: WriteHtmlCache Behavior ::run [ RunTime:0.001557s ]
INFO: ShowRuntime Behavior ::run [ RunTime:0.002197s ]
INFO: [ view_filter ] --END-- [ RunTime:0.010258s ]
INFO: [ view_end ] --START--
INFO: ShowPageTrace Behavior ::run [ RunTime:0.002323s ]
INFO: [ view_end ] --END-- [ RunTime:0.002753s ]

[ 2014-12-07T17:29:04+08:00 ] 0.0.0.0 /jyb/index.php/Index/Login/index.html
INFO: [ route_check ] --START--
INFO: CheckRoute Behavior ::run [ RunTime:0.007881s ]
INFO: [ route_check ] --END-- [ RunTime:0.008758s ]
INFO: [ app_begin ] --START--
INFO: ReadHtmlCache Behavior ::run [ RunTime:0.003168s ]
INFO: [ app_begin ] --END-- [ RunTime:0.003600s ]
INFO: [ view_parse ] --START--
INFO: ParseTemplate Behavior ::run [ RunTime:0.051613s ]
INFO: [ view_parse ] --END-- [ RunTime:0.052052s ]
INFO: [ view_filter ] --START--
INFO: ContentReplace Behavior ::run [ RunTime:0.002937s ]
INFO: TokenBuild Behavior ::run [ RunTime:0.002649s ]
INFO: WriteHtmlCache Behavior ::run [ RunTime:0.002216s ]
INFO: ShowRuntime Behavior ::run [ RunTime:0.004416s ]
INFO: [ view_filter ] --END-- [ RunTime:0.013217s ]
INFO: [ view_end ] --START--
INFO: ShowPageTrace Behavior ::run [ RunTime:0.004178s ]
INFO: [ view_end ] --END-- [ RunTime:0.004845s ]

[ 2014-12-07T17:29:08+08:00 ] 0.0.0.0 /jyb/index.php/Index/Login/login.html
INFO: [ route_check ] --START--
INFO: CheckRoute Behavior ::run [ RunTime:0.001783s ]
INFO: [ route_check ] --END-- [ RunTime:0.002093s ]
INFO: [ app_begin ] --START--
INFO: ReadHtmlCache Behavior ::run [ RunTime:0.001816s ]
INFO: [ app_begin ] --END-- [ RunTime:0.002088s ]
SQL: SHOW COLUMNS FROM `hd_user` [ RunTime:0.016066s ]
SQL: SELECT * FROM `hd_user` WHERE ( `username` = 'xxx' ) LIMIT 1   [ RunTime:0.001595s ]
SQL: UPDATE `hd_user` SET `time`=1417944548,`ip`='0.0.0.0' WHERE ( `id` = 1 ) [ RunTime:0.026390s ]
NOTIC: [8] Undefined index: logintime E:\PHP\jyb\APP\Modules\Index\Action\LoginAction.class.php 第 28 行.
NOTIC: [8] Undefined index: loginip E:\PHP\jyb\APP\Modules\Index\Action\LoginAction.class.php 第 29 行.

[ 2014-12-07T17:29:08+08:00 ] 0.0.0.0 /jyb/index.php
INFO: [ app_begin ] --START--
INFO: ReadHtmlCache Behavior ::run [ RunTime:0.001324s ]
INFO: [ app_begin ] --END-- [ RunTime:0.001572s ]
INFO: [ view_parse ] --START--
INFO: ParseTemplate Behavior ::run [ RunTime:0.046880s ]
INFO: [ view_parse ] --END-- [ RunTime:0.047226s ]
INFO: [ view_filter ] --START--
INFO: ContentReplace Behavior ::run [ RunTime:0.001553s ]
INFO: TokenBuild Behavior ::run [ RunTime:0.001386s ]
INFO: WriteHtmlCache Behavior ::run [ RunTime:0.001192s ]
INFO: ShowRuntime Behavior ::run [ RunTime:0.001723s ]
INFO: [ view_filter ] --END-- [ RunTime:0.006559s ]
INFO: [ view_end ] --START--
INFO: ShowPageTrace Behavior ::run [ RunTime:0.002168s ]
INFO: [ view_end ] --END-- [ RunTime:0.002522s ]

[ 2014-12-07T17:29:21+08:00 ] 0.0.0.0 /jyb/index.php/Index/Register/index.html
INFO: [ route_check ] --START--
INFO: CheckRoute Behavior ::run [ RunTime:0.002638s ]
INFO: [ route_check ] --END-- [ RunTime:0.003017s ]
INFO: [ app_begin ] --START--
INFO: ReadHtmlCache Behavior ::run [ RunTime:0.003262s ]
INFO: [ app_begin ] --END-- [ RunTime:0.003498s ]
INFO: [ view_parse ] --START--
INFO: ParseTemplate Behavior ::run [ RunTime:0.047615s ]
INFO: [ view_parse ] --END-- [ RunTime:0.048097s ]
INFO: [ view_filter ] --START--
INFO: ContentReplace Behavior ::run [ RunTime:0.002063s ]
INFO: TokenBuild Behavior ::run [ RunTime:0.001687s ]
INFO: WriteHtmlCache Behavior ::run [ RunTime:0.005249s ]
INFO: ShowRuntime Behavior ::run [ RunTime:0.001624s ]
INFO: [ view_filter ] --END-- [ RunTime:0.011315s ]
INFO: [ view_end ] --START--
INFO: ShowPageTrace Behavior ::run [ RunTime:0.004172s ]
INFO: [ view_end ] --END-- [ RunTime:0.004993s ]

