[ 2015-04-11T10:37:52+08:00 ] 0.0.0.0 /jyb/index.php/Admin
INFO: [ route_check ] --START--
INFO: CheckRoute Behavior ::run [ RunTime:0.003097s ]
INFO: [ route_check ] --END-- [ RunTime:0.014204s ]
INFO: [ app_begin ] --START--
INFO: ReadHtmlCache Behavior ::run [ RunTime:0.001251s ]
INFO: [ app_begin ] --END-- [ RunTime:0.001355s ]

[ 2015-04-11T10:37:52+08:00 ] 0.0.0.0 /jyb/index.php/Admin/Login/index
INFO: [ route_check ] --START--
INFO: CheckRoute Behavior ::run [ RunTime:0.000981s ]
INFO: [ route_check ] --END-- [ RunTime:0.001101s ]
INFO: [ app_begin ] --START--
INFO: ReadHtmlCache Behavior ::run [ RunTime:0.000693s ]
INFO: [ app_begin ] --END-- [ RunTime:0.000791s ]
INFO: [ view_parse ] --START--
INFO: ParseTemplate Behavior ::run [ RunTime:0.042325s ]
INFO: [ view_parse ] --END-- [ RunTime:0.042453s ]
INFO: [ view_filter ] --START--
INFO: ContentReplace Behavior ::run [ RunTime:0.001137s ]
INFO: TokenBuild Behavior ::run [ RunTime:0.001483s ]
INFO: WriteHtmlCache Behavior ::run [ RunTime:0.001034s ]
INFO: ShowRuntime Behavior ::run [ RunTime:0.001293s ]
INFO: [ view_filter ] --END-- [ RunTime:0.005278s ]
INFO: [ view_end ] --START--
INFO: ShowPageTrace Behavior ::run [ RunTime:0.001511s ]
INFO: [ view_end ] --END-- [ RunTime:0.001613s ]

[ 2015-04-11T10:37:56+08:00 ] 0.0.0.0 /jyb/
INFO: [ app_begin ] --START--
INFO: ReadHtmlCache Behavior ::run [ RunTime:0.001377s ]
INFO: [ app_begin ] --END-- [ RunTime:0.001606s ]

[ 2015-04-11T10:37:56+08:00 ] 0.0.0.0 /jyb/index.php/Index/Login/index.html
INFO: [ route_check ] --START--
INFO: CheckRoute Behavior ::run [ RunTime:0.001433s ]
INFO: [ route_check ] --END-- [ RunTime:0.001629s ]
INFO: [ app_begin ] --START--
INFO: ReadHtmlCache Behavior ::run [ RunTime:0.001116s ]
INFO: [ app_begin ] --END-- [ RunTime:0.001258s ]
INFO: [ view_parse ] --START--
INFO: ParseTemplate Behavior ::run [ RunTime:0.011887s ]
INFO: [ view_parse ] --END-- [ RunTime:0.012022s ]
INFO: [ view_filter ] --START--
INFO: ContentReplace Behavior ::run [ RunTime:0.000607s ]
INFO: TokenBuild Behavior ::run [ RunTime:0.000566s ]
INFO: WriteHtmlCache Behavior ::run [ RunTime:0.000457s ]
INFO: ShowRuntime Behavior ::run [ RunTime:0.000626s ]
INFO: [ view_filter ] --END-- [ RunTime:0.002486s ]
INFO: [ view_end ] --START--
INFO: ShowPageTrace Behavior ::run [ RunTime:0.000786s ]
INFO: [ view_end ] --END-- [ RunTime:0.000862s ]

[ 2015-04-11T10:39:21+08:00 ] 0.0.0.0 /jyb/index.php/Index/Login/index.html
INFO: [ route_check ] --START--
INFO: CheckRoute Behavior ::run [ RunTime:0.002018s ]
INFO: [ route_check ] --END-- [ RunTime:0.002187s ]
INFO: [ app_begin ] --START--
INFO: ReadHtmlCache Behavior ::run [ RunTime:0.001182s ]
INFO: [ app_begin ] --END-- [ RunTime:0.001324s ]
INFO: [ view_parse ] --START--
INFO: ParseTemplate Behavior ::run [ RunTime:0.013031s ]
INFO: [ view_parse ] --END-- [ RunTime:0.013148s ]
INFO: [ view_filter ] --START--
INFO: ContentReplace Behavior ::run [ RunTime:0.000836s ]
INFO: TokenBuild Behavior ::run [ RunTime:0.000898s ]
INFO: WriteHtmlCache Behavior ::run [ RunTime:0.000923s ]
INFO: ShowRuntime Behavior ::run [ RunTime:0.001276s ]
INFO: [ view_filter ] --END-- [ RunTime:0.004231s ]
INFO: [ view_end ] --START--
INFO: ShowPageTrace Behavior ::run [ RunTime:0.001271s ]
INFO: [ view_end ] --END-- [ RunTime:0.001381s ]

[ 2015-04-11T10:52:02+08:00 ] 0.0.0.0 /jyb/index.php/Index/Login/index.html
INFO: [ route_check ] --START--
INFO: CheckRoute Behavior ::run [ RunTime:0.002001s ]
INFO: [ route_check ] --END-- [ RunTime:0.002140s ]
INFO: [ app_begin ] --START--
INFO: ReadHtmlCache Behavior ::run [ RunTime:0.001230s ]
INFO: [ app_begin ] --END-- [ RunTime:0.001324s ]
INFO: [ view_parse ] --START--
INFO: ParseTemplate Behavior ::run [ RunTime:0.015936s ]
INFO: [ view_parse ] --END-- [ RunTime:0.016048s ]
INFO: [ view_filter ] --START--
INFO: ContentReplace Behavior ::run [ RunTime:0.001155s ]
INFO: TokenBuild Behavior ::run [ RunTime:0.001343s ]
INFO: WriteHtmlCache Behavior ::run [ RunTime:0.001192s ]
INFO: ShowRuntime Behavior ::run [ RunTime:0.001174s ]
INFO: [ view_filter ] --END-- [ RunTime:0.005207s ]
INFO: [ view_end ] --START--
INFO: ShowPageTrace Behavior ::run [ RunTime:0.001770s ]
INFO: [ view_end ] --END-- [ RunTime:0.001854s ]

[ 2015-04-11T10:52:28+08:00 ] 0.0.0.0 /jyb/index.php/Index/Login/index.html
INFO: [ route_check ] --START--
INFO: CheckRoute Behavior ::run [ RunTime:0.001227s ]
INFO: [ route_check ] --END-- [ RunTime:0.001355s ]
INFO: [ app_begin ] --START--
INFO: ReadHtmlCache Behavior ::run [ RunTime:0.000859s ]
INFO: [ app_begin ] --END-- [ RunTime:0.000949s ]
INFO: [ view_parse ] --START--
INFO: ParseTemplate Behavior ::run [ RunTime:0.010774s ]
INFO: [ view_parse ] --END-- [ RunTime:0.010980s ]
INFO: [ view_filter ] --START--
INFO: ContentReplace Behavior ::run [ RunTime:0.001063s ]
INFO: TokenBuild Behavior ::run [ RunTime:0.001765s ]
INFO: WriteHtmlCache Behavior ::run [ RunTime:0.000718s ]
INFO: ShowRuntime Behavior ::run [ RunTime:0.001049s ]
INFO: [ view_filter ] --END-- [ RunTime:0.005003s ]
INFO: [ view_end ] --START--
INFO: ShowPageTrace Behavior ::run [ RunTime:0.001425s ]
INFO: [ view_end ] --END-- [ RunTime:0.001577s ]

[ 2015-04-11T10:56:20+08:00 ] 0.0.0.0 /jyb/index.php/Index/Login/index.html
INFO: [ route_check ] --START--
INFO: CheckRoute Behavior ::run [ RunTime:0.002427s ]
INFO: [ route_check ] --END-- [ RunTime:0.002616s ]
INFO: [ app_begin ] --START--
INFO: ReadHtmlCache Behavior ::run [ RunTime:0.001281s ]
INFO: [ app_begin ] --END-- [ RunTime:0.001378s ]
INFO: [ view_parse ] --START--
INFO: ParseTemplate Behavior ::run [ RunTime:0.015088s ]
INFO: [ view_parse ] --END-- [ RunTime:0.015205s ]
INFO: [ view_filter ] --START--
INFO: ContentReplace Behavior ::run [ RunTime:0.001134s ]
INFO: TokenBuild Behavior ::run [ RunTime:0.000998s ]
INFO: WriteHtmlCache Behavior ::run [ RunTime:0.000841s ]
INFO: ShowRuntime Behavior ::run [ RunTime:0.001030s ]
INFO: [ view_filter ] --END-- [ RunTime:0.004259s ]
INFO: [ view_end ] --START--
INFO: ShowPageTrace Behavior ::run [ RunTime:0.001430s ]
INFO: [ view_end ] --END-- [ RunTime:0.001547s ]

[ 2015-04-11T10:56:52+08:00 ] 0.0.0.0 /jyb/index.php/Index/Login/index.html
INFO: [ route_check ] --START--
INFO: CheckRoute Behavior ::run [ RunTime:0.001270s ]
INFO: [ route_check ] --END-- [ RunTime:0.001423s ]
INFO: [ app_begin ] --START--
INFO: ReadHtmlCache Behavior ::run [ RunTime:0.000973s ]
INFO: [ app_begin ] --END-- [ RunTime:0.001089s ]
INFO: [ view_parse ] --START--
INFO: ParseTemplate Behavior ::run [ RunTime:0.014704s ]
INFO: [ view_parse ] --END-- [ RunTime:0.014879s ]
INFO: [ view_filter ] --START--
INFO: ContentReplace Behavior ::run [ RunTime:0.000997s ]
INFO: TokenBuild Behavior ::run [ RunTime:0.000741s ]
INFO: WriteHtmlCache Behavior ::run [ RunTime:0.000579s ]
INFO: ShowRuntime Behavior ::run [ RunTime:0.000754s ]
INFO: [ view_filter ] --END-- [ RunTime:0.003347s ]
INFO: [ view_end ] --START--
INFO: ShowPageTrace Behavior ::run [ RunTime:0.000922s ]
INFO: [ view_end ] --END-- [ RunTime:0.001016s ]

[ 2015-04-11T10:57:15+08:00 ] 0.0.0.0 /jyb/index.php/Index/Login/index.html
INFO: [ route_check ] --START--
INFO: CheckRoute Behavior ::run [ RunTime:0.001222s ]
INFO: [ route_check ] --END-- [ RunTime:0.001351s ]
INFO: [ app_begin ] --START--
INFO: ReadHtmlCache Behavior ::run [ RunTime:0.000822s ]
INFO: [ app_begin ] --END-- [ RunTime:0.000913s ]
INFO: [ view_parse ] --START--
INFO: ParseTemplate Behavior ::run [ RunTime:0.010008s ]
INFO: [ view_parse ] --END-- [ RunTime:0.010120s ]
INFO: [ view_filter ] --START--
INFO: ContentReplace Behavior ::run [ RunTime:0.000737s ]
INFO: TokenBuild Behavior ::run [ RunTime:0.000714s ]
INFO: WriteHtmlCache Behavior ::run [ RunTime:0.000583s ]
INFO: ShowRuntime Behavior ::run [ RunTime:0.000749s ]
INFO: [ view_filter ] --END-- [ RunTime:0.003040s ]
INFO: [ view_end ] --START--
INFO: ShowPageTrace Behavior ::run [ RunTime:0.000905s ]
INFO: [ view_end ] --END-- [ RunTime:0.001000s ]

[ 2015-04-11T10:58:02+08:00 ] 0.0.0.0 /jyb/index.php/Index/Login/index.html
INFO: [ route_check ] --START--
INFO: CheckRoute Behavior ::run [ RunTime:0.001398s ]
INFO: [ route_check ] --END-- [ RunTime:0.001571s ]
INFO: [ app_begin ] --START--
INFO: ReadHtmlCache Behavior ::run [ RunTime:0.001184s ]
INFO: [ app_begin ] --END-- [ RunTime:0.001286s ]
INFO: [ view_parse ] --START--
INFO: ParseTemplate Behavior ::run [ RunTime:0.013811s ]
INFO: [ view_parse ] --END-- [ RunTime:0.013942s ]
INFO: [ view_filter ] --START--
INFO: ContentReplace Behavior ::run [ RunTime:0.001035s ]
INFO: TokenBuild Behavior ::run [ RunTime:0.000977s ]
INFO: WriteHtmlCache Behavior ::run [ RunTime:0.000712s ]
INFO: ShowRuntime Behavior ::run [ RunTime:0.001190s ]
INFO: [ view_filter ] --END-- [ RunTime:0.004223s ]
INFO: [ view_end ] --START--
INFO: ShowPageTrace Behavior ::run [ RunTime:0.002063s ]
INFO: [ view_end ] --END-- [ RunTime:0.002341s ]

[ 2015-04-11T10:58:31+08:00 ] 0.0.0.0 /jyb/index.php/Index/Login/index.html
INFO: [ route_check ] --START--
INFO: CheckRoute Behavior ::run [ RunTime:0.000991s ]
INFO: [ route_check ] --END-- [ RunTime:0.001120s ]
INFO: [ app_begin ] --START--
INFO: ReadHtmlCache Behavior ::run [ RunTime:0.000739s ]
INFO: [ app_begin ] --END-- [ RunTime:0.000834s ]
INFO: [ view_parse ] --START--
INFO: ParseTemplate Behavior ::run [ RunTime:0.013588s ]
INFO: [ view_parse ] --END-- [ RunTime:0.013724s ]
INFO: [ view_filter ] --START--
INFO: ContentReplace Behavior ::run [ RunTime:0.000751s ]
INFO: TokenBuild Behavior ::run [ RunTime:0.000593s ]
INFO: WriteHtmlCache Behavior ::run [ RunTime:0.000483s ]
INFO: ShowRuntime Behavior ::run [ RunTime:0.000631s ]
INFO: [ view_filter ] --END-- [ RunTime:0.002722s ]
INFO: [ view_end ] --START--
INFO: ShowPageTrace Behavior ::run [ RunTime:0.001226s ]
INFO: [ view_end ] --END-- [ RunTime:0.001382s ]

[ 2015-04-11T11:14:29+08:00 ] 0.0.0.0 /jyb/index.php/Index/Login/index.html
INFO: [ route_check ] --START--
INFO: CheckRoute Behavior ::run [ RunTime:0.001913s ]
INFO: [ route_check ] --END-- [ RunTime:0.002049s ]
INFO: [ app_begin ] --START--
INFO: ReadHtmlCache Behavior ::run [ RunTime:0.001426s ]
INFO: [ app_begin ] --END-- [ RunTime:0.001551s ]
INFO: [ view_parse ] --START--
INFO: ParseTemplate Behavior ::run [ RunTime:0.012553s ]
INFO: [ view_parse ] --END-- [ RunTime:0.012671s ]
INFO: [ view_filter ] --START--
INFO: ContentReplace Behavior ::run [ RunTime:0.001198s ]
INFO: TokenBuild Behavior ::run [ RunTime:0.001499s ]
INFO: WriteHtmlCache Behavior ::run [ RunTime:0.000884s ]
INFO: ShowRuntime Behavior ::run [ RunTime:0.001039s ]
INFO: [ view_filter ] --END-- [ RunTime:0.004914s ]
INFO: [ view_end ] --START--
INFO: ShowPageTrace Behavior ::run [ RunTime:0.001278s ]
INFO: [ view_end ] --END-- [ RunTime:0.001361s ]

[ 2015-04-11T11:14:48+08:00 ] 0.0.0.0 /jyb/index.php/Index/Login/index.html
INFO: [ route_check ] --START--
INFO: CheckRoute Behavior ::run [ RunTime:0.001471s ]
INFO: [ route_check ] --END-- [ RunTime:0.001630s ]
INFO: [ app_begin ] --START--
INFO: ReadHtmlCache Behavior ::run [ RunTime:0.000922s ]
INFO: [ app_begin ] --END-- [ RunTime:0.001036s ]
INFO: [ view_parse ] --START--
INFO: ParseTemplate Behavior ::run [ RunTime:0.010914s ]
INFO: [ view_parse ] --END-- [ RunTime:0.011038s ]
INFO: [ view_filter ] --START--
INFO: ContentReplace Behavior ::run [ RunTime:0.000908s ]
INFO: TokenBuild Behavior ::run [ RunTime:0.001139s ]
INFO: WriteHtmlCache Behavior ::run [ RunTime:0.000865s ]
INFO: ShowRuntime Behavior ::run [ RunTime:0.000914s ]
INFO: [ view_filter ] --END-- [ RunTime:0.004166s ]
INFO: [ view_end ] --START--
INFO: ShowPageTrace Behavior ::run [ RunTime:0.000931s ]
INFO: [ view_end ] --END-- [ RunTime:0.001014s ]

[ 2015-04-11T11:15:39+08:00 ] 0.0.0.0 /jyb/index.php/Index/Login/index.html
INFO: [ route_check ] --START--
INFO: CheckRoute Behavior ::run [ RunTime:0.001165s ]
INFO: [ route_check ] --END-- [ RunTime:0.001299s ]
INFO: [ app_begin ] --START--
INFO: ReadHtmlCache Behavior ::run [ RunTime:0.000885s ]
INFO: [ app_begin ] --END-- [ RunTime:0.000976s ]
INFO: [ view_parse ] --START--
INFO: ParseTemplate Behavior ::run [ RunTime:0.010456s ]
INFO: [ view_parse ] --END-- [ RunTime:0.010568s ]
INFO: [ view_filter ] --START--
INFO: ContentReplace Behavior ::run [ RunTime:0.000753s ]
INFO: TokenBuild Behavior ::run [ RunTime:0.000734s ]
INFO: WriteHtmlCache Behavior ::run [ RunTime:0.000624s ]
INFO: ShowRuntime Behavior ::run [ RunTime:0.000810s ]
INFO: [ view_filter ] --END-- [ RunTime:0.003180s ]
INFO: [ view_end ] --START--
INFO: ShowPageTrace Behavior ::run [ RunTime:0.001014s ]
INFO: [ view_end ] --END-- [ RunTime:0.001150s ]

[ 2015-04-11T11:15:45+08:00 ] 0.0.0.0 /jyb/index.php/Index/Login/index.html
INFO: [ route_check ] --START--
INFO: CheckRoute Behavior ::run [ RunTime:0.001014s ]
INFO: [ route_check ] --END-- [ RunTime:0.001134s ]
INFO: [ app_begin ] --START--
INFO: ReadHtmlCache Behavior ::run [ RunTime:0.000777s ]
INFO: [ app_begin ] --END-- [ RunTime:0.000883s ]
INFO: [ view_parse ] --START--
INFO: ParseTemplate Behavior ::run [ RunTime:0.010647s ]
INFO: [ view_parse ] --END-- [ RunTime:0.010755s ]
INFO: [ view_filter ] --START--
INFO: ContentReplace Behavior ::run [ RunTime:0.000659s ]
INFO: TokenBuild Behavior ::run [ RunTime:0.000646s ]
INFO: WriteHtmlCache Behavior ::run [ RunTime:0.000526s ]
INFO: ShowRuntime Behavior ::run [ RunTime:0.000890s ]
INFO: [ view_filter ] --END-- [ RunTime:0.002966s ]
INFO: [ view_end ] --START--
INFO: ShowPageTrace Behavior ::run [ RunTime:0.000849s ]
INFO: [ view_end ] --END-- [ RunTime:0.000930s ]

[ 2015-04-11T14:25:51+08:00 ] 0.0.0.0 /jyb/
INFO: [ app_begin ] --START--
INFO: ReadHtmlCache Behavior ::run [ RunTime:0.001191s ]
INFO: [ app_begin ] --END-- [ RunTime:0.001351s ]

[ 2015-04-11T14:25:51+08:00 ] 0.0.0.0 /jyb/index.php/Index/Login/index.html
INFO: [ route_check ] --START--
INFO: CheckRoute Behavior ::run [ RunTime:0.001127s ]
INFO: [ route_check ] --END-- [ RunTime:0.001239s ]
INFO: [ app_begin ] --START--
INFO: ReadHtmlCache Behavior ::run [ RunTime:0.000740s ]
INFO: [ app_begin ] --END-- [ RunTime:0.000855s ]
INFO: [ view_parse ] --START--
INFO: ParseTemplate Behavior ::run [ RunTime:0.011341s ]
INFO: [ view_parse ] --END-- [ RunTime:0.011477s ]
INFO: [ view_filter ] --START--
INFO: ContentReplace Behavior ::run [ RunTime:0.000842s ]
INFO: TokenBuild Behavior ::run [ RunTime:0.000774s ]
INFO: WriteHtmlCache Behavior ::run [ RunTime:0.000634s ]
INFO: ShowRuntime Behavior ::run [ RunTime:0.000867s ]
INFO: [ view_filter ] --END-- [ RunTime:0.003416s ]
INFO: [ view_end ] --START--
INFO: ShowPageTrace Behavior ::run [ RunTime:0.000971s ]
INFO: [ view_end ] --END-- [ RunTime:0.001067s ]

[ 2015-04-11T22:42:59+08:00 ] 0.0.0.0 /jyb/
INFO: [ app_begin ] --START--
INFO: ReadHtmlCache Behavior ::run [ RunTime:0.002339s ]
INFO: [ app_begin ] --END-- [ RunTime:0.004228s ]

[ 2015-04-11T22:42:59+08:00 ] 0.0.0.0 /jyb/index.php/Index/Login/index.html
INFO: [ route_check ] --START--
INFO: CheckRoute Behavior ::run [ RunTime:0.001870s ]
INFO: [ route_check ] --END-- [ RunTime:0.002327s ]
INFO: [ app_begin ] --START--
INFO: ReadHtmlCache Behavior ::run [ RunTime:0.001240s ]
INFO: [ app_begin ] --END-- [ RunTime:0.001304s ]
INFO: [ view_parse ] --START--
INFO: ParseTemplate Behavior ::run [ RunTime:0.016385s ]
INFO: [ view_parse ] --END-- [ RunTime:0.016473s ]
INFO: [ view_filter ] --START--
INFO: ContentReplace Behavior ::run [ RunTime:0.001002s ]
INFO: TokenBuild Behavior ::run [ RunTime:0.001154s ]
INFO: WriteHtmlCache Behavior ::run [ RunTime:0.000739s ]
INFO: ShowRuntime Behavior ::run [ RunTime:0.000905s ]
INFO: [ view_filter ] --END-- [ RunTime:0.003981s ]
INFO: [ view_end ] --START--
INFO: ShowPageTrace Behavior ::run [ RunTime:0.001059s ]
INFO: [ view_end ] --END-- [ RunTime:0.001121s ]

[ 2015-04-11T23:08:34+08:00 ] 0.0.0.0 /jyb/index.php/Index/Login/index.html
INFO: [ route_check ] --START--
INFO: CheckRoute Behavior ::run [ RunTime:0.001471s ]
INFO: [ route_check ] --END-- [ RunTime:0.001629s ]
INFO: [ app_begin ] --START--
INFO: ReadHtmlCache Behavior ::run [ RunTime:0.000679s ]
INFO: [ app_begin ] --END-- [ RunTime:0.000742s ]
INFO: [ view_parse ] --START--
INFO: ParseTemplate Behavior ::run [ RunTime:0.007704s ]
INFO: [ view_parse ] --END-- [ RunTime:0.007810s ]
INFO: [ view_filter ] --START--
INFO: ContentReplace Behavior ::run [ RunTime:0.000693s ]
INFO: TokenBuild Behavior ::run [ RunTime:0.000582s ]
INFO: WriteHtmlCache Behavior ::run [ RunTime:0.000557s ]
INFO: ShowRuntime Behavior ::run [ RunTime:0.000614s ]
INFO: [ view_filter ] --END-- [ RunTime:0.002654s ]
INFO: [ view_end ] --START--
INFO: ShowPageTrace Behavior ::run [ RunTime:0.000718s ]
INFO: [ view_end ] --END-- [ RunTime:0.000781s ]

[ 2015-04-11T23:09:26+08:00 ] 0.0.0.0 /jyb/index.php/Index/Login/index.html
INFO: [ route_check ] --START--
INFO: CheckRoute Behavior ::run [ RunTime:0.003504s ]
INFO: [ route_check ] --END-- [ RunTime:0.004449s ]
INFO: [ app_begin ] --START--
INFO: ReadHtmlCache Behavior ::run [ RunTime:0.001069s ]
INFO: [ app_begin ] --END-- [ RunTime:0.001179s ]
INFO: [ view_parse ] --START--
INFO: ParseTemplate Behavior ::run [ RunTime:0.011626s ]
INFO: [ view_parse ] --END-- [ RunTime:0.011754s ]
INFO: [ view_filter ] --START--
INFO: ContentReplace Behavior ::run [ RunTime:0.000878s ]
INFO: TokenBuild Behavior ::run [ RunTime:0.000819s ]
INFO: WriteHtmlCache Behavior ::run [ RunTime:0.000692s ]
INFO: ShowRuntime Behavior ::run [ RunTime:0.000918s ]
INFO: [ view_filter ] --END-- [ RunTime:0.003593s ]
INFO: [ view_end ] --START--
INFO: ShowPageTrace Behavior ::run [ RunTime:0.001099s ]
INFO: [ view_end ] --END-- [ RunTime:0.001200s ]

[ 2015-04-11T23:09:35+08:00 ] 0.0.0.0 /jyb/index.php/Index/Login/index.html
INFO: [ route_check ] --START--
INFO: CheckRoute Behavior ::run [ RunTime:0.001476s ]
INFO: [ route_check ] --END-- [ RunTime:0.001602s ]
INFO: [ app_begin ] --START--
INFO: ReadHtmlCache Behavior ::run [ RunTime:0.000802s ]
INFO: [ app_begin ] --END-- [ RunTime:0.000893s ]
INFO: [ view_parse ] --START--
INFO: ParseTemplate Behavior ::run [ RunTime:0.010014s ]
INFO: [ view_parse ] --END-- [ RunTime:0.010101s ]
INFO: [ view_filter ] --START--
INFO: ContentReplace Behavior ::run [ RunTime:0.000559s ]
INFO: TokenBuild Behavior ::run [ RunTime:0.000559s ]
INFO: WriteHtmlCache Behavior ::run [ RunTime:0.000454s ]
INFO: ShowRuntime Behavior ::run [ RunTime:0.000550s ]
INFO: [ view_filter ] --END-- [ RunTime:0.002294s ]
INFO: [ view_end ] --START--
INFO: ShowPageTrace Behavior ::run [ RunTime:0.000693s ]
INFO: [ view_end ] --END-- [ RunTime:0.000749s ]

[ 2015-04-11T23:09:41+08:00 ] 0.0.0.0 /jyb/index.php/Index/Login/index.html
INFO: [ route_check ] --START--
INFO: CheckRoute Behavior ::run [ RunTime:0.001226s ]
INFO: [ route_check ] --END-- [ RunTime:0.001511s ]
INFO: [ app_begin ] --START--
INFO: ReadHtmlCache Behavior ::run [ RunTime:0.000811s ]
INFO: [ app_begin ] --END-- [ RunTime:0.000906s ]
INFO: [ view_parse ] --START--
INFO: ParseTemplate Behavior ::run [ RunTime:0.009763s ]
INFO: [ view_parse ] --END-- [ RunTime:0.009868s ]
INFO: [ view_filter ] --START--
INFO: ContentReplace Behavior ::run [ RunTime:0.000507s ]
INFO: TokenBuild Behavior ::run [ RunTime:0.000468s ]
INFO: WriteHtmlCache Behavior ::run [ RunTime:0.000384s ]
INFO: ShowRuntime Behavior ::run [ RunTime:0.000595s ]
INFO: [ view_filter ] --END-- [ RunTime:0.002141s ]
INFO: [ view_end ] --START--
INFO: ShowPageTrace Behavior ::run [ RunTime:0.000904s ]
INFO: [ view_end ] --END-- [ RunTime:0.000991s ]

[ 2015-04-11T23:12:08+08:00 ] 0.0.0.0 /jyb/index.php/Index/Login/index.html
INFO: [ route_check ] --START--
INFO: CheckRoute Behavior ::run [ RunTime:0.001292s ]
INFO: [ route_check ] --END-- [ RunTime:0.001692s ]
INFO: [ app_begin ] --START--
INFO: ReadHtmlCache Behavior ::run [ RunTime:0.001713s ]
INFO: [ app_begin ] --END-- [ RunTime:0.001887s ]
INFO: [ view_parse ] --START--
INFO: ParseTemplate Behavior ::run [ RunTime:0.009345s ]
INFO: [ view_parse ] --END-- [ RunTime:0.009474s ]
INFO: [ view_filter ] --START--
INFO: ContentReplace Behavior ::run [ RunTime:0.000600s ]
INFO: TokenBuild Behavior ::run [ RunTime:0.000539s ]
INFO: WriteHtmlCache Behavior ::run [ RunTime:0.000450s ]
INFO: ShowRuntime Behavior ::run [ RunTime:0.000554s ]
INFO: [ view_filter ] --END-- [ RunTime:0.002319s ]
INFO: [ view_end ] --START--
INFO: ShowPageTrace Behavior ::run [ RunTime:0.000827s ]
INFO: [ view_end ] --END-- [ RunTime:0.000899s ]

[ 2015-04-11T23:12:19+08:00 ] 0.0.0.0 /jyb/index.php/Index/Login/index.html
INFO: [ route_check ] --START--
INFO: CheckRoute Behavior ::run [ RunTime:0.001150s ]
INFO: [ route_check ] --END-- [ RunTime:0.001261s ]
INFO: [ app_begin ] --START--
INFO: ReadHtmlCache Behavior ::run [ RunTime:0.001323s ]
INFO: [ app_begin ] --END-- [ RunTime:0.001444s ]
INFO: [ view_parse ] --START--
INFO: ParseTemplate Behavior ::run [ RunTime:0.008586s ]
INFO: [ view_parse ] --END-- [ RunTime:0.008666s ]
INFO: [ view_filter ] --START--
INFO: ContentReplace Behavior ::run [ RunTime:0.000555s ]
INFO: TokenBuild Behavior ::run [ RunTime:0.000544s ]
INFO: WriteHtmlCache Behavior ::run [ RunTime:0.000406s ]
INFO: ShowRuntime Behavior ::run [ RunTime:0.000582s ]
INFO: [ view_filter ] --END-- [ RunTime:0.002252s ]
INFO: [ view_end ] --START--
INFO: ShowPageTrace Behavior ::run [ RunTime:0.000694s ]
INFO: [ view_end ] --END-- [ RunTime:0.000751s ]

[ 2015-04-11T23:12:28+08:00 ] 0.0.0.0 /jyb/index.php/Index/Login/index.html
INFO: [ route_check ] --START--
INFO: CheckRoute Behavior ::run [ RunTime:0.000734s ]
INFO: [ route_check ] --END-- [ RunTime:0.000843s ]
INFO: [ app_begin ] --START--
INFO: ReadHtmlCache Behavior ::run [ RunTime:0.000572s ]
INFO: [ app_begin ] --END-- [ RunTime:0.000638s ]
INFO: [ view_parse ] --START--
INFO: ParseTemplate Behavior ::run [ RunTime:0.007971s ]
INFO: [ view_parse ] --END-- [ RunTime:0.008065s ]
INFO: [ view_filter ] --START--
INFO: ContentReplace Behavior ::run [ RunTime:0.000442s ]
INFO: TokenBuild Behavior ::run [ RunTime:0.000409s ]
INFO: WriteHtmlCache Behavior ::run [ RunTime:0.000309s ]
INFO: ShowRuntime Behavior ::run [ RunTime:0.000472s ]
INFO: [ view_filter ] --END-- [ RunTime:0.001813s ]
INFO: [ view_end ] --START--
INFO: ShowPageTrace Behavior ::run [ RunTime:0.000807s ]
INFO: [ view_end ] --END-- [ RunTime:0.000907s ]

[ 2015-04-11T23:15:34+08:00 ] 0.0.0.0 /jyb/index.php/Index/Login/index.html
INFO: [ route_check ] --START--
INFO: CheckRoute Behavior ::run [ RunTime:0.001350s ]
INFO: [ route_check ] --END-- [ RunTime:0.001779s ]
INFO: [ app_begin ] --START--
INFO: ReadHtmlCache Behavior ::run [ RunTime:0.000629s ]
INFO: [ app_begin ] --END-- [ RunTime:0.000692s ]
INFO: [ view_parse ] --START--
INFO: ParseTemplate Behavior ::run [ RunTime:0.010058s ]
INFO: [ view_parse ] --END-- [ RunTime:0.010149s ]
INFO: [ view_filter ] --START--
INFO: ContentReplace Behavior ::run [ RunTime:0.000572s ]
INFO: TokenBuild Behavior ::run [ RunTime:0.000538s ]
INFO: WriteHtmlCache Behavior ::run [ RunTime:0.000529s ]
INFO: ShowRuntime Behavior ::run [ RunTime:0.001017s ]
INFO: [ view_filter ] --END-- [ RunTime:0.002882s ]
INFO: [ view_end ] --START--
INFO: ShowPageTrace Behavior ::run [ RunTime:0.000756s ]
INFO: [ view_end ] --END-- [ RunTime:0.000820s ]

[ 2015-04-11T23:25:43+08:00 ] 0.0.0.0 /jyb/index.php/Index/Login/index.html
INFO: [ route_check ] --START--
INFO: CheckRoute Behavior ::run [ RunTime:0.000946s ]
INFO: [ route_check ] --END-- [ RunTime:0.001049s ]
INFO: [ app_begin ] --START--
INFO: ReadHtmlCache Behavior ::run [ RunTime:0.000628s ]
INFO: [ app_begin ] --END-- [ RunTime:0.000694s ]
INFO: [ view_parse ] --START--
INFO: ParseTemplate Behavior ::run [ RunTime:0.008370s ]
INFO: [ view_parse ] --END-- [ RunTime:0.008448s ]
INFO: [ view_filter ] --START--
INFO: ContentReplace Behavior ::run [ RunTime:0.000565s ]
INFO: TokenBuild Behavior ::run [ RunTime:0.000535s ]
INFO: WriteHtmlCache Behavior ::run [ RunTime:0.000449s ]
INFO: ShowRuntime Behavior ::run [ RunTime:0.000594s ]
INFO: [ view_filter ] --END-- [ RunTime:0.002333s ]
INFO: [ view_end ] --START--
INFO: ShowPageTrace Behavior ::run [ RunTime:0.000670s ]
INFO: [ view_end ] --END-- [ RunTime:0.000724s ]

